  1097. 池塘计数.cpp
C:\Users\Vincent\IdeaProjects\AlgorithmsInAction\CPPSolutions\CPPSolutions\1097. 池塘计数.cpp(34,2): error C4996: 'scanf': This function or variable may be unsafe. Consider using scanf_s instead. To disable deprecation, use _CRT_SECURE_NO_WARNINGS. See online help for details.
C:\Users\Vincent\IdeaProjects\AlgorithmsInAction\CPPSolutions\CPPSolutions\1097. 池塘计数.cpp(35,30): error C4996: 'scanf': This function or variable may be unsafe. Consider using scanf_s instead. To disable deprecation, use _CRT_SECURE_NO_WARNINGS. See online help for details.
  M1快速排序.h
  M2归并排序.h
C:\Users\Vincent\IdeaProjects\AlgorithmsInAction\CPPSolutions\CPPSolutions\M2归并排序.h(5,20): warning C4244: “初始化”: 从“double”转换到“int”，可能丢失数据
  Q1010_拦截导弹.cpp
  Q1012_友好城市.cpp
C:\Users\Vincent\IdeaProjects\AlgorithmsInAction\CPPSolutions\CPPSolutions\Q1012_友好城市.cpp(14,2): error C4996: 'scanf': This function or variable may be unsafe. Consider using scanf_s instead. To disable deprecation, use _CRT_SECURE_NO_WARNINGS. See online help for details.
C:\Users\Vincent\IdeaProjects\AlgorithmsInAction\CPPSolutions\CPPSolutions\Q1012_友好城市.cpp(15,31): error C4996: 'scanf': This function or variable may be unsafe. Consider using scanf_s instead. To disable deprecation, use _CRT_SECURE_NO_WARNINGS. See online help for details.
  Q1013_机器分配.cpp
C:\Users\Vincent\IdeaProjects\AlgorithmsInAction\CPPSolutions\CPPSolutions\Q1013_机器分配.cpp(9,2): error C4996: 'scanf': This function or variable may be unsafe. Consider using scanf_s instead. To disable deprecation, use _CRT_SECURE_NO_WARNINGS. See online help for details.
C:\Users\Vincent\IdeaProjects\AlgorithmsInAction\CPPSolutions\CPPSolutions\Q1013_机器分配.cpp(12,4): error C4996: 'scanf': This function or variable may be unsafe. Consider using scanf_s instead. To disable deprecation, use _CRT_SECURE_NO_WARNINGS. See online help for details.
  Q1014_登山.cpp
C:\Users\Vincent\IdeaProjects\AlgorithmsInAction\CPPSolutions\CPPSolutions\Q1014_登山.cpp(4,19): warning C4244: “初始化”: 从“double”转换到“int”，可能丢失数据
C:\Users\Vincent\IdeaProjects\AlgorithmsInAction\CPPSolutions\CPPSolutions\Q1014_登山.cpp(9,2): error C4996: 'scanf': This function or variable may be unsafe. Consider using scanf_s instead. To disable deprecation, use _CRT_SECURE_NO_WARNINGS. See online help for details.
C:\Users\Vincent\IdeaProjects\AlgorithmsInAction\CPPSolutions\CPPSolutions\Q1014_登山.cpp(10,31): error C4996: 'scanf': This function or variable may be unsafe. Consider using scanf_s instead. To disable deprecation, use _CRT_SECURE_NO_WARNINGS. See online help for details.
  Q1015_摘花生.cpp
C:\Users\Vincent\IdeaProjects\AlgorithmsInAction\CPPSolutions\CPPSolutions\Q1015_摘花生.cpp(9,2): error C4996: 'scanf': This function or variable may be unsafe. Consider using scanf_s instead. To disable deprecation, use _CRT_SECURE_NO_WARNINGS. See online help for details.
C:\Users\Vincent\IdeaProjects\AlgorithmsInAction\CPPSolutions\CPPSolutions\Q1015_摘花生.cpp(12,3): error C4996: 'scanf': This function or variable may be unsafe. Consider using scanf_s instead. To disable deprecation, use _CRT_SECURE_NO_WARNINGS. See online help for details.
C:\Users\Vincent\IdeaProjects\AlgorithmsInAction\CPPSolutions\CPPSolutions\Q1015_摘花生.cpp(16,5): error C4996: 'scanf': This function or variable may be unsafe. Consider using scanf_s instead. To disable deprecation, use _CRT_SECURE_NO_WARNINGS. See online help for details.
  Q1016_最大上升子序列和.cpp
C:\Users\Vincent\IdeaProjects\AlgorithmsInAction\CPPSolutions\CPPSolutions\Q1016_最大上升子序列和.cpp(9,2): error C4996: 'scanf': This function or variable may be unsafe. Consider using scanf_s instead. To disable deprecation, use _CRT_SECURE_NO_WARNINGS. See online help for details.
C:\Users\Vincent\IdeaProjects\AlgorithmsInAction\CPPSolutions\CPPSolutions\Q1016_最大上升子序列和.cpp(10,31): error C4996: 'scanf': This function or variable may be unsafe. Consider using scanf_s instead. To disable deprecation, use _CRT_SECURE_NO_WARNINGS. See online help for details.
  Q1017_怪盗基德的滑翔翼.cpp
C:\Users\Vincent\IdeaProjects\AlgorithmsInAction\CPPSolutions\CPPSolutions\Q1017_怪盗基德的滑翔翼.cpp(9,2): error C4996: 'scanf': This function or variable may be unsafe. Consider using scanf_s instead. To disable deprecation, use _CRT_SECURE_NO_WARNINGS. See online help for details.
C:\Users\Vincent\IdeaProjects\AlgorithmsInAction\CPPSolutions\CPPSolutions\Q1017_怪盗基德的滑翔翼.cpp(11,3): error C4996: 'scanf': This function or variable may be unsafe. Consider using scanf_s instead. To disable deprecation, use _CRT_SECURE_NO_WARNINGS. See online help for details.
C:\Users\Vincent\IdeaProjects\AlgorithmsInAction\CPPSolutions\CPPSolutions\Q1017_怪盗基德的滑翔翼.cpp(12,32): error C4996: 'scanf': This function or variable may be unsafe. Consider using scanf_s instead. To disable deprecation, use _CRT_SECURE_NO_WARNINGS. See online help for details.
  Q1018_最低通行费.cpp
C:\Users\Vincent\IdeaProjects\AlgorithmsInAction\CPPSolutions\CPPSolutions\Q1018_最低通行费.cpp(4,26): warning C4244: “初始化”: 从“double”转换到“int”，可能丢失数据
C:\Users\Vincent\IdeaProjects\AlgorithmsInAction\CPPSolutions\CPPSolutions\Q1018_最低通行费.cpp(9,2): error C4996: 'scanf': This function or variable may be unsafe. Consider using scanf_s instead. To disable deprecation, use _CRT_SECURE_NO_WARNINGS. See online help for details.
C:\Users\Vincent\IdeaProjects\AlgorithmsInAction\CPPSolutions\CPPSolutions\Q1018_最低通行费.cpp(12,4): error C4996: 'scanf': This function or variable may be unsafe. Consider using scanf_s instead. To disable deprecation, use _CRT_SECURE_NO_WARNINGS. See online help for details.
  Q1019_庆功会.cpp
C:\Users\Vincent\IdeaProjects\AlgorithmsInAction\CPPSolutions\CPPSolutions\Q1019_庆功会.cpp(4,19): warning C4244: “初始化”: 从“double”转换到“int”，可能丢失数据
C:\Users\Vincent\IdeaProjects\AlgorithmsInAction\CPPSolutions\CPPSolutions\Q1019_庆功会.cpp(10,2): error C4996: 'scanf': This function or variable may be unsafe. Consider using scanf_s instead. To disable deprecation, use _CRT_SECURE_NO_WARNINGS. See online help for details.
C:\Users\Vincent\IdeaProjects\AlgorithmsInAction\CPPSolutions\CPPSolutions\Q1019_庆功会.cpp(13,3): error C4996: 'scanf': This function or variable may be unsafe. Consider using scanf_s instead. To disable deprecation, use _CRT_SECURE_NO_WARNINGS. See online help for details.
  Q1020_潜水员.cpp
C:\Users\Vincent\IdeaProjects\AlgorithmsInAction\CPPSolutions\CPPSolutions\Q1020_潜水员.cpp(10,2): error C4996: 'scanf': This function or variable may be unsafe. Consider using scanf_s instead. To disable deprecation, use _CRT_SECURE_NO_WARNINGS. See online help for details.
C:\Users\Vincent\IdeaProjects\AlgorithmsInAction\CPPSolutions\CPPSolutions\Q1020_潜水员.cpp(16,3): error C4996: 'scanf': This function or variable may be unsafe. Consider using scanf_s instead. To disable deprecation, use _CRT_SECURE_NO_WARNINGS. See online help for details.
  Q1021_货币系统.cpp
C:\Users\Vincent\IdeaProjects\AlgorithmsInAction\CPPSolutions\CPPSolutions\Q1021_货币系统.cpp(6,19): warning C4244: “初始化”: 从“double”转换到“int”，可能丢失数据
C:\Users\Vincent\IdeaProjects\AlgorithmsInAction\CPPSolutions\CPPSolutions\Q1021_货币系统.cpp(11,2): error C4996: 'scanf': This function or variable may be unsafe. Consider using scanf_s instead. To disable deprecation, use _CRT_SECURE_NO_WARNINGS. See online help for details.
C:\Users\Vincent\IdeaProjects\AlgorithmsInAction\CPPSolutions\CPPSolutions\Q1021_货币系统.cpp(16,3): error C4996: 'scanf': This function or variable may be unsafe. Consider using scanf_s instead. To disable deprecation, use _CRT_SECURE_NO_WARNINGS. See online help for details.
  Q1022_宠物小精灵之收服.cpp
C:\Users\Vincent\IdeaProjects\AlgorithmsInAction\CPPSolutions\CPPSolutions\Q1022_宠物小精灵之收服.cpp(4,19): warning C4244: “初始化”: 从“double”转换到“int”，可能丢失数据
C:\Users\Vincent\IdeaProjects\AlgorithmsInAction\CPPSolutions\CPPSolutions\Q1022_宠物小精灵之收服.cpp(9,2): error C4996: 'scanf': This function or variable may be unsafe. Consider using scanf_s instead. To disable deprecation, use _CRT_SECURE_NO_WARNINGS. See online help for details.
C:\Users\Vincent\IdeaProjects\AlgorithmsInAction\CPPSolutions\CPPSolutions\Q1022_宠物小精灵之收服.cpp(12,3): error C4996: 'scanf': This function or variable may be unsafe. Consider using scanf_s instead. To disable deprecation, use _CRT_SECURE_NO_WARNINGS. See online help for details.
  Q1023_买书.cpp
C:\Users\Vincent\IdeaProjects\AlgorithmsInAction\CPPSolutions\CPPSolutions\Q1023_买书.cpp(4,19): warning C4244: “初始化”: 从“double”转换到“int”，可能丢失数据
C:\Users\Vincent\IdeaProjects\AlgorithmsInAction\CPPSolutions\CPPSolutions\Q1023_买书.cpp(10,2): error C4996: 'scanf': This function or variable may be unsafe. Consider using scanf_s instead. To disable deprecation, use _CRT_SECURE_NO_WARNINGS. See online help for details.
  Q1024_装箱问题.cpp
C:\Users\Vincent\IdeaProjects\AlgorithmsInAction\CPPSolutions\CPPSolutions\Q1024_装箱问题.cpp(4,19): warning C4244: “初始化”: 从“double”转换到“int”，可能丢失数据
C:\Users\Vincent\IdeaProjects\AlgorithmsInAction\CPPSolutions\CPPSolutions\Q1024_装箱问题.cpp(9,2): error C4996: 'scanf': This function or variable may be unsafe. Consider using scanf_s instead. To disable deprecation, use _CRT_SECURE_NO_WARNINGS. See online help for details.
C:\Users\Vincent\IdeaProjects\AlgorithmsInAction\CPPSolutions\CPPSolutions\Q1024_装箱问题.cpp(12,3): error C4996: 'scanf': This function or variable may be unsafe. Consider using scanf_s instead. To disable deprecation, use _CRT_SECURE_NO_WARNINGS. See online help for details.
  Q1027_方格取数.cpp
C:\Users\Vincent\IdeaProjects\AlgorithmsInAction\CPPSolutions\CPPSolutions\Q1027_方格取数.cpp(9,2): error C4996: 'scanf': This function or variable may be unsafe. Consider using scanf_s instead. To disable deprecation, use _CRT_SECURE_NO_WARNINGS. See online help for details.
C:\Users\Vincent\IdeaProjects\AlgorithmsInAction\CPPSolutions\CPPSolutions\Q1027_方格取数.cpp(12,3): error C4996: 'scanf': This function or variable may be unsafe. Consider using scanf_s instead. To disable deprecation, use _CRT_SECURE_NO_WARNINGS. See online help for details.
  Q1049_大盗阿福.cpp
C:\Users\Vincent\IdeaProjects\AlgorithmsInAction\CPPSolutions\CPPSolutions\Q1049_大盗阿福.cpp(4,19): warning C4244: “初始化”: 从“double”转换到“int”，可能丢失数据
C:\Users\Vincent\IdeaProjects\AlgorithmsInAction\CPPSolutions\CPPSolutions\Q1049_大盗阿福.cpp(9,2): error C4996: 'scanf': This function or variable may be unsafe. Consider using scanf_s instead. To disable deprecation, use _CRT_SECURE_NO_WARNINGS. See online help for details.
C:\Users\Vincent\IdeaProjects\AlgorithmsInAction\CPPSolutions\CPPSolutions\Q1049_大盗阿福.cpp(11,3): error C4996: 'scanf': This function or variable may be unsafe. Consider using scanf_s instead. To disable deprecation, use _CRT_SECURE_NO_WARNINGS. See online help for details.
C:\Users\Vincent\IdeaProjects\AlgorithmsInAction\CPPSolutions\CPPSolutions\Q1049_大盗阿福.cpp(13,4): error C4996: 'scanf': This function or variable may be unsafe. Consider using scanf_s instead. To disable deprecation, use _CRT_SECURE_NO_WARNINGS. See online help for details.
  Q1057_股票买卖IV.cpp
C:\Users\Vincent\IdeaProjects\AlgorithmsInAction\CPPSolutions\CPPSolutions\Q1057_股票买卖IV.cpp(4,19): warning C4244: “初始化”: 从“double”转换到“int”，可能丢失数据
C:\Users\Vincent\IdeaProjects\AlgorithmsInAction\CPPSolutions\CPPSolutions\Q1057_股票买卖IV.cpp(4,40): warning C4244: “初始化”: 从“double”转换到“int”，可能丢失数据
C:\Users\Vincent\IdeaProjects\AlgorithmsInAction\CPPSolutions\CPPSolutions\Q1057_股票买卖IV.cpp(10,2): error C4996: 'scanf': This function or variable may be unsafe. Consider using scanf_s instead. To disable deprecation, use _CRT_SECURE_NO_WARNINGS. See online help for details.
C:\Users\Vincent\IdeaProjects\AlgorithmsInAction\CPPSolutions\CPPSolutions\Q1057_股票买卖IV.cpp(11,31): error C4996: 'scanf': This function or variable may be unsafe. Consider using scanf_s instead. To disable deprecation, use _CRT_SECURE_NO_WARNINGS. See online help for details.
  正在生成代码...
  正在编译...
  Q1058_股票买卖V.cpp
C:\Users\Vincent\IdeaProjects\AlgorithmsInAction\CPPSolutions\CPPSolutions\Q1058_股票买卖V.cpp(5,19): warning C4244: “初始化”: 从“double”转换到“int”，可能丢失数据
C:\Users\Vincent\IdeaProjects\AlgorithmsInAction\CPPSolutions\CPPSolutions\Q1058_股票买卖V.cpp(10,2): error C4996: 'scanf': This function or variable may be unsafe. Consider using scanf_s instead. To disable deprecation, use _CRT_SECURE_NO_WARNINGS. See online help for details.
C:\Users\Vincent\IdeaProjects\AlgorithmsInAction\CPPSolutions\CPPSolutions\Q1058_股票买卖V.cpp(11,31): error C4996: 'scanf': This function or variable may be unsafe. Consider using scanf_s instead. To disable deprecation, use _CRT_SECURE_NO_WARNINGS. See online help for details.
  Q1064_小国王.cpp
C:\Users\Vincent\IdeaProjects\AlgorithmsInAction\CPPSolutions\CPPSolutions\Q1064_小国王.cpp(16,6): warning C4554: “>>”: 检查运算符优先级是否存在的可能的错误；使用括号阐明优先级
C:\Users\Vincent\IdeaProjects\AlgorithmsInAction\CPPSolutions\CPPSolutions\Q1064_小国王.cpp(35,20): warning C4018: “<”: 有符号/无符号不匹配
C:\Users\Vincent\IdeaProjects\AlgorithmsInAction\CPPSolutions\CPPSolutions\Q1064_小国王.cpp(36,21): warning C4018: “<”: 有符号/无符号不匹配
C:\Users\Vincent\IdeaProjects\AlgorithmsInAction\CPPSolutions\CPPSolutions\Q1064_小国王.cpp(47,22): warning C4018: “<”: 有符号/无符号不匹配
C:\Users\Vincent\IdeaProjects\AlgorithmsInAction\CPPSolutions\CPPSolutions\Q1064_小国王.cpp(28,2): error C4996: 'scanf': This function or variable may be unsafe. Consider using scanf_s instead. To disable deprecation, use _CRT_SECURE_NO_WARNINGS. See online help for details.
  Q1068_环形石子合并.cpp
C:\Users\Vincent\IdeaProjects\AlgorithmsInAction\CPPSolutions\CPPSolutions\Q1068_环形石子合并.cpp(12,2): error C4996: 'scanf': This function or variable may be unsafe. Consider using scanf_s instead. To disable deprecation, use _CRT_SECURE_NO_WARNINGS. See online help for details.
C:\Users\Vincent\IdeaProjects\AlgorithmsInAction\CPPSolutions\CPPSolutions\Q1068_环形石子合并.cpp(14,3): error C4996: 'scanf': This function or variable may be unsafe. Consider using scanf_s instead. To disable deprecation, use _CRT_SECURE_NO_WARNINGS. See online help for details.
  Q1069_凸多边形的划分.cpp
C:\Users\Vincent\IdeaProjects\AlgorithmsInAction\CPPSolutions\CPPSolutions\Q1069_凸多边形的划分.cpp(7,33): warning C4244: “初始化”: 从“double”转换到“int”，可能丢失数据
C:\Users\Vincent\IdeaProjects\AlgorithmsInAction\CPPSolutions\CPPSolutions\Q1069_凸多边形的划分.cpp(17,19): warning C4244: “+=”: 从“LL”转换到“int”，可能丢失数据
C:\Users\Vincent\IdeaProjects\AlgorithmsInAction\CPPSolutions\CPPSolutions\Q1069_凸多边形的划分.cpp(47,24): warning C4477: “printf”: 格式字符串“%d”需要类型“int”的参数，但可变参数 1 拥有了类型“LL”
C:\Users\Vincent\IdeaProjects\AlgorithmsInAction\CPPSolutions\CPPSolutions\Q1069_凸多边形的划分.cpp(47,24): message : 请考虑在格式字符串中使用“%lld”
C:\Users\Vincent\IdeaProjects\AlgorithmsInAction\CPPSolutions\CPPSolutions\Q1069_凸多边形的划分.cpp(47,24): message : 请考虑在格式字符串中使用“%I64d”
C:\Users\Vincent\IdeaProjects\AlgorithmsInAction\CPPSolutions\CPPSolutions\Q1069_凸多边形的划分.cpp(52,2): error C4996: 'scanf': This function or variable may be unsafe. Consider using scanf_s instead. To disable deprecation, use _CRT_SECURE_NO_WARNINGS. See online help for details.
C:\Users\Vincent\IdeaProjects\AlgorithmsInAction\CPPSolutions\CPPSolutions\Q1069_凸多边形的划分.cpp(53,31): error C4996: 'scanf': This function or variable may be unsafe. Consider using scanf_s instead. To disable deprecation, use _CRT_SECURE_NO_WARNINGS. See online help for details.
  Q1072_树的最长路径.cpp
C:\Users\Vincent\IdeaProjects\AlgorithmsInAction\CPPSolutions\CPPSolutions\Q1072_树的最长路径.cpp(5,19): warning C4244: “初始化”: 从“double”转换到“int”，可能丢失数据
C:\Users\Vincent\IdeaProjects\AlgorithmsInAction\CPPSolutions\CPPSolutions\Q1072_树的最长路径.cpp(40,2): error C4996: 'scanf': This function or variable may be unsafe. Consider using scanf_s instead. To disable deprecation, use _CRT_SECURE_NO_WARNINGS. See online help for details.
C:\Users\Vincent\IdeaProjects\AlgorithmsInAction\CPPSolutions\CPPSolutions\Q1072_树的最长路径.cpp(44,3): error C4996: 'scanf': This function or variable may be unsafe. Consider using scanf_s instead. To disable deprecation, use _CRT_SECURE_NO_WARNINGS. See online help for details.
  Q1073_树的中心.cpp
C:\Users\Vincent\IdeaProjects\AlgorithmsInAction\CPPSolutions\CPPSolutions\Q1073_树的中心.cpp(5,19): warning C4244: “初始化”: 从“double”转换到“int”，可能丢失数据
C:\Users\Vincent\IdeaProjects\AlgorithmsInAction\CPPSolutions\CPPSolutions\Q1073_树的中心.cpp(55,2): error C4996: 'scanf': This function or variable may be unsafe. Consider using scanf_s instead. To disable deprecation, use _CRT_SECURE_NO_WARNINGS. See online help for details.
C:\Users\Vincent\IdeaProjects\AlgorithmsInAction\CPPSolutions\CPPSolutions\Q1073_树的中心.cpp(59,3): error C4996: 'scanf': This function or variable may be unsafe. Consider using scanf_s instead. To disable deprecation, use _CRT_SECURE_NO_WARNINGS. See online help for details.
  Q1074_二叉苹果树.cpp
C:\Users\Vincent\IdeaProjects\AlgorithmsInAction\CPPSolutions\CPPSolutions\Q1074_二叉苹果树.cpp(31,2): error C4996: 'scanf': This function or variable may be unsafe. Consider using scanf_s instead. To disable deprecation, use _CRT_SECURE_NO_WARNINGS. See online help for details.
C:\Users\Vincent\IdeaProjects\AlgorithmsInAction\CPPSolutions\CPPSolutions\Q1074_二叉苹果树.cpp(35,3): error C4996: 'scanf': This function or variable may be unsafe. Consider using scanf_s instead. To disable deprecation, use _CRT_SECURE_NO_WARNINGS. See online help for details.
  Q1075_数字转换.cpp
C:\Users\Vincent\IdeaProjects\AlgorithmsInAction\CPPSolutions\CPPSolutions\Q1075_数字转换.cpp(5,19): warning C4244: “初始化”: 从“double”转换到“int”，可能丢失数据
C:\Users\Vincent\IdeaProjects\AlgorithmsInAction\CPPSolutions\CPPSolutions\Q1075_数字转换.cpp(39,2): error C4996: 'scanf': This function or variable may be unsafe. Consider using scanf_s instead. To disable deprecation, use _CRT_SECURE_NO_WARNINGS. See online help for details.
  Q1076_迷宫问题.cpp
C:\Users\Vincent\IdeaProjects\AlgorithmsInAction\CPPSolutions\CPPSolutions\Q1076_迷宫问题.cpp(36,2): error C4996: 'scanf': This function or variable may be unsafe. Consider using scanf_s instead. To disable deprecation, use _CRT_SECURE_NO_WARNINGS. See online help for details.
C:\Users\Vincent\IdeaProjects\AlgorithmsInAction\CPPSolutions\CPPSolutions\Q1076_迷宫问题.cpp(37,58): error C4996: 'scanf': This function or variable may be unsafe. Consider using scanf_s instead. To disable deprecation, use _CRT_SECURE_NO_WARNINGS. See online help for details.
  Q1098_城堡问题.cpp
C:\Users\Vincent\IdeaProjects\AlgorithmsInAction\CPPSolutions\CPPSolutions\Q1098_城堡问题.cpp(37,2): error C4996: 'scanf': This function or variable may be unsafe. Consider using scanf_s instead. To disable deprecation, use _CRT_SECURE_NO_WARNINGS. See online help for details.
C:\Users\Vincent\IdeaProjects\AlgorithmsInAction\CPPSolutions\CPPSolutions\Q1098_城堡问题.cpp(38,58): error C4996: 'scanf': This function or variable may be unsafe. Consider using scanf_s instead. To disable deprecation, use _CRT_SECURE_NO_WARNINGS. See online help for details.
  Q10_有依赖的背包问题.cpp
C:\Users\Vincent\IdeaProjects\AlgorithmsInAction\CPPSolutions\CPPSolutions\Q10_有依赖的背包问题.cpp(34,2): error C4996: 'scanf': This function or variable may be unsafe. Consider using scanf_s instead. To disable deprecation, use _CRT_SECURE_NO_WARNINGS. See online help for details.
C:\Users\Vincent\IdeaProjects\AlgorithmsInAction\CPPSolutions\CPPSolutions\Q10_有依赖的背包问题.cpp(39,3): error C4996: 'scanf': This function or variable may be unsafe. Consider using scanf_s instead. To disable deprecation, use _CRT_SECURE_NO_WARNINGS. See online help for details.
  Q1100_抓住那头牛.cpp
C:\Users\Vincent\IdeaProjects\AlgorithmsInAction\CPPSolutions\CPPSolutions\Q1100_抓住那头牛.cpp(5,19): warning C4244: “初始化”: 从“double”转换到“int”，可能丢失数据
C:\Users\Vincent\IdeaProjects\AlgorithmsInAction\CPPSolutions\CPPSolutions\Q1100_抓住那头牛.cpp(35,2): error C4996: 'scanf': This function or variable may be unsafe. Consider using scanf_s instead. To disable deprecation, use _CRT_SECURE_NO_WARNINGS. See online help for details.
  Q1106_山峰和山谷.cpp
C:\Users\Vincent\IdeaProjects\AlgorithmsInAction\CPPSolutions\CPPSolutions\Q1106_山峰和山谷.cpp(41,2): error C4996: 'scanf': This function or variable may be unsafe. Consider using scanf_s instead. To disable deprecation, use _CRT_SECURE_NO_WARNINGS. See online help for details.
C:\Users\Vincent\IdeaProjects\AlgorithmsInAction\CPPSolutions\CPPSolutions\Q1106_山峰和山谷.cpp(42,58): error C4996: 'scanf': This function or variable may be unsafe. Consider using scanf_s instead. To disable deprecation, use _CRT_SECURE_NO_WARNINGS. See online help for details.
  Q1107_魔板.cpp
C:\Users\Vincent\IdeaProjects\AlgorithmsInAction\CPPSolutions\CPPSolutions\Q1107_魔板.cpp(92,3): error C4996: 'scanf': This function or variable may be unsafe. Consider using scanf_s instead. To disable deprecation, use _CRT_SECURE_NO_WARNINGS. See online help for details.
  Q1112_迷宫.cpp
C:\Users\Vincent\IdeaProjects\AlgorithmsInAction\CPPSolutions\CPPSolutions\Q1112_迷宫.cpp(26,2): error C4996: 'scanf': This function or variable may be unsafe. Consider using scanf_s instead. To disable deprecation, use _CRT_SECURE_NO_WARNINGS. See online help for details.
C:\Users\Vincent\IdeaProjects\AlgorithmsInAction\CPPSolutions\CPPSolutions\Q1112_迷宫.cpp(28,3): error C4996: 'scanf': This function or variable may be unsafe. Consider using scanf_s instead. To disable deprecation, use _CRT_SECURE_NO_WARNINGS. See online help for details.
C:\Users\Vincent\IdeaProjects\AlgorithmsInAction\CPPSolutions\CPPSolutions\Q1112_迷宫.cpp(30,4): error C4996: 'scanf': This function or variable may be unsafe. Consider using scanf_s instead. To disable deprecation, use _CRT_SECURE_NO_WARNINGS. See online help for details.
C:\Users\Vincent\IdeaProjects\AlgorithmsInAction\CPPSolutions\CPPSolutions\Q1112_迷宫.cpp(32,3): error C4996: 'scanf': This function or variable may be unsafe. Consider using scanf_s instead. To disable deprecation, use _CRT_SECURE_NO_WARNINGS. See online help for details.
  Q1113_红与黑.cpp
C:\Users\Vincent\IdeaProjects\AlgorithmsInAction\CPPSolutions\CPPSolutions\Q1113_红与黑.cpp(24,3): error C4996: 'scanf': This function or variable may be unsafe. Consider using scanf_s instead. To disable deprecation, use _CRT_SECURE_NO_WARNINGS. See online help for details.
C:\Users\Vincent\IdeaProjects\AlgorithmsInAction\CPPSolutions\CPPSolutions\Q1113_红与黑.cpp(28,4): error C4996: 'scanf': This function or variable may be unsafe. Consider using scanf_s instead. To disable deprecation, use _CRT_SECURE_NO_WARNINGS. See online help for details.
  Q1113_红与黑_2.cpp
C:\Users\Vincent\IdeaProjects\AlgorithmsInAction\CPPSolutions\CPPSolutions\Q1113_红与黑_2.cpp(26,9): error C4996: 'scanf': This function or variable may be unsafe. Consider using scanf_s instead. To disable deprecation, use _CRT_SECURE_NO_WARNINGS. See online help for details.
C:\Users\Vincent\IdeaProjects\AlgorithmsInAction\CPPSolutions\CPPSolutions\Q1113_红与黑_2.cpp(30,13): error C4996: 'scanf': This function or variable may be unsafe. Consider using scanf_s instead. To disable deprecation, use _CRT_SECURE_NO_WARNINGS. See online help for details.
  Q1113_红与黑_3.cpp
C:\Users\Vincent\IdeaProjects\AlgorithmsInAction\CPPSolutions\CPPSolutions\Q1113_红与黑_3.cpp(40,3): error C4996: 'scanf': This function or variable may be unsafe. Consider using scanf_s instead. To disable deprecation, use _CRT_SECURE_NO_WARNINGS. See online help for details.
C:\Users\Vincent\IdeaProjects\AlgorithmsInAction\CPPSolutions\CPPSolutions\Q1113_红与黑_3.cpp(44,4): error C4996: 'scanf': This function or variable may be unsafe. Consider using scanf_s instead. To disable deprecation, use _CRT_SECURE_NO_WARNINGS. See online help for details.
  Q1116_马走日.cpp
C:\Users\Vincent\IdeaProjects\AlgorithmsInAction\CPPSolutions\CPPSolutions\Q1116_马走日.cpp(27,2): error C4996: 'scanf': This function or variable may be unsafe. Consider using scanf_s instead. To disable deprecation, use _CRT_SECURE_NO_WARNINGS. See online help for details.
C:\Users\Vincent\IdeaProjects\AlgorithmsInAction\CPPSolutions\CPPSolutions\Q1116_马走日.cpp(30,3): error C4996: 'scanf': This function or variable may be unsafe. Consider using scanf_s instead. To disable deprecation, use _CRT_SECURE_NO_WARNINGS. See online help for details.
  Q1117_单词接龙.cpp
  正在生成代码...
  正在编译...
  Q1118_分成互质组.cpp
C:\Users\Vincent\IdeaProjects\AlgorithmsInAction\CPPSolutions\CPPSolutions\Q1118_分成互质组.cpp(39,2): error C4996: 'scanf': This function or variable may be unsafe. Consider using scanf_s instead. To disable deprecation, use _CRT_SECURE_NO_WARNINGS. See online help for details.
C:\Users\Vincent\IdeaProjects\AlgorithmsInAction\CPPSolutions\CPPSolutions\Q1118_分成互质组.cpp(40,30): error C4996: 'scanf': This function or variable may be unsafe. Consider using scanf_s instead. To disable deprecation, use _CRT_SECURE_NO_WARNINGS. See online help for details.
  Q1126_最小花费.cpp
C:\Users\Vincent\IdeaProjects\AlgorithmsInAction\CPPSolutions\CPPSolutions\Q1126_最小花费.cpp(6,33): warning C4244: “初始化”: 从“double”转换到“int”，可能丢失数据
C:\Users\Vincent\IdeaProjects\AlgorithmsInAction\CPPSolutions\CPPSolutions\Q1126_最小花费.cpp(40,2): error C4996: 'scanf': This function or variable may be unsafe. Consider using scanf_s instead. To disable deprecation, use _CRT_SECURE_NO_WARNINGS. See online help for details.
C:\Users\Vincent\IdeaProjects\AlgorithmsInAction\CPPSolutions\CPPSolutions\Q1126_最小花费.cpp(44,3): error C4996: 'scanf': This function or variable may be unsafe. Consider using scanf_s instead. To disable deprecation, use _CRT_SECURE_NO_WARNINGS. See online help for details.
C:\Users\Vincent\IdeaProjects\AlgorithmsInAction\CPPSolutions\CPPSolutions\Q1126_最小花费.cpp(48,2): error C4996: 'scanf': This function or variable may be unsafe. Consider using scanf_s instead. To disable deprecation, use _CRT_SECURE_NO_WARNINGS. See online help for details.
  Q1127_香甜的黄油.cpp
C:\Users\Vincent\IdeaProjects\AlgorithmsInAction\CPPSolutions\CPPSolutions\Q1127_香甜的黄油.cpp(48,2): error C4996: 'scanf': This function or variable may be unsafe. Consider using scanf_s instead. To disable deprecation, use _CRT_SECURE_NO_WARNINGS. See online help for details.
C:\Users\Vincent\IdeaProjects\AlgorithmsInAction\CPPSolutions\CPPSolutions\Q1127_香甜的黄油.cpp(49,30): error C4996: 'scanf': This function or variable may be unsafe. Consider using scanf_s instead. To disable deprecation, use _CRT_SECURE_NO_WARNINGS. See online help for details.
C:\Users\Vincent\IdeaProjects\AlgorithmsInAction\CPPSolutions\CPPSolutions\Q1127_香甜的黄油.cpp(53,3): error C4996: 'scanf': This function or variable may be unsafe. Consider using scanf_s instead. To disable deprecation, use _CRT_SECURE_NO_WARNINGS. See online help for details.
  Q1128_信使.cpp
C:\Users\Vincent\IdeaProjects\AlgorithmsInAction\CPPSolutions\CPPSolutions\Q1128_信使.cpp(41,2): error C4996: 'scanf': This function or variable may be unsafe. Consider using scanf_s instead. To disable deprecation, use _CRT_SECURE_NO_WARNINGS. See online help for details.
C:\Users\Vincent\IdeaProjects\AlgorithmsInAction\CPPSolutions\CPPSolutions\Q1128_信使.cpp(45,3): error C4996: 'scanf': This function or variable may be unsafe. Consider using scanf_s instead. To disable deprecation, use _CRT_SECURE_NO_WARNINGS. See online help for details.
  Q1129_热浪.cpp
C:\Users\Vincent\IdeaProjects\AlgorithmsInAction\CPPSolutions\CPPSolutions\Q1129_热浪.cpp(41,2): error C4996: 'scanf': This function or variable may be unsafe. Consider using scanf_s instead. To disable deprecation, use _CRT_SECURE_NO_WARNINGS. See online help for details.
C:\Users\Vincent\IdeaProjects\AlgorithmsInAction\CPPSolutions\CPPSolutions\Q1129_热浪.cpp(45,3): error C4996: 'scanf': This function or variable may be unsafe. Consider using scanf_s instead. To disable deprecation, use _CRT_SECURE_NO_WARNINGS. See online help for details.
  Q1129_热浪_2.cpp
C:\Users\Vincent\IdeaProjects\AlgorithmsInAction\CPPSolutions\CPPSolutions\Q1129_热浪_2.cpp(41,2): error C4996: 'scanf': This function or variable may be unsafe. Consider using scanf_s instead. To disable deprecation, use _CRT_SECURE_NO_WARNINGS. See online help for details.
C:\Users\Vincent\IdeaProjects\AlgorithmsInAction\CPPSolutions\CPPSolutions\Q1129_热浪_2.cpp(45,3): error C4996: 'scanf': This function or variable may be unsafe. Consider using scanf_s instead. To disable deprecation, use _CRT_SECURE_NO_WARNINGS. See online help for details.
  Q11_背包问题求方案数.cpp
C:\Users\Vincent\IdeaProjects\AlgorithmsInAction\CPPSolutions\CPPSolutions\Q11_背包问题求方案数.cpp(5,19): warning C4244: “初始化”: 从“double”转换到“int”，可能丢失数据
C:\Users\Vincent\IdeaProjects\AlgorithmsInAction\CPPSolutions\CPPSolutions\Q11_背包问题求方案数.cpp(5,31): warning C4244: “初始化”: 从“double”转换到“int”，可能丢失数据
C:\Users\Vincent\IdeaProjects\AlgorithmsInAction\CPPSolutions\CPPSolutions\Q11_背包问题求方案数.cpp(10,2): error C4996: 'scanf': This function or variable may be unsafe. Consider using scanf_s instead. To disable deprecation, use _CRT_SECURE_NO_WARNINGS. See online help for details.
C:\Users\Vincent\IdeaProjects\AlgorithmsInAction\CPPSolutions\CPPSolutions\Q11_背包问题求方案数.cpp(18,3): error C4996: 'scanf': This function or variable may be unsafe. Consider using scanf_s instead. To disable deprecation, use _CRT_SECURE_NO_WARNINGS. See online help for details.
  Q1250_格子游戏.cpp
  Q1252_搭配购买.cpp
C:\Users\Vincent\IdeaProjects\AlgorithmsInAction\CPPSolutions\CPPSolutions\Q1252_搭配购买.cpp(16,2): error C4996: 'scanf': This function or variable may be unsafe. Consider using scanf_s instead. To disable deprecation, use _CRT_SECURE_NO_WARNINGS. See online help for details.
C:\Users\Vincent\IdeaProjects\AlgorithmsInAction\CPPSolutions\CPPSolutions\Q1252_搭配购买.cpp(19,3): error C4996: 'scanf': This function or variable may be unsafe. Consider using scanf_s instead. To disable deprecation, use _CRT_SECURE_NO_WARNINGS. See online help for details.
C:\Users\Vincent\IdeaProjects\AlgorithmsInAction\CPPSolutions\CPPSolutions\Q1252_搭配购买.cpp(23,3): error C4996: 'scanf': This function or variable may be unsafe. Consider using scanf_s instead. To disable deprecation, use _CRT_SECURE_NO_WARNINGS. See online help for details.
  Q12_背包问题求具体方案.cpp
C:\Users\Vincent\IdeaProjects\AlgorithmsInAction\CPPSolutions\CPPSolutions\Q12_背包问题求具体方案.cpp(10,2): error C4996: 'scanf': This function or variable may be unsafe. Consider using scanf_s instead. To disable deprecation, use _CRT_SECURE_NO_WARNINGS. See online help for details.
C:\Users\Vincent\IdeaProjects\AlgorithmsInAction\CPPSolutions\CPPSolutions\Q12_背包问题求具体方案.cpp(11,31): error C4996: 'scanf': This function or variable may be unsafe. Consider using scanf_s instead. To disable deprecation, use _CRT_SECURE_NO_WARNINGS. See online help for details.
  Q165_小猫爬山.cpp
C:\Users\Vincent\IdeaProjects\AlgorithmsInAction\CPPSolutions\CPPSolutions\Q165_小猫爬山.cpp(26,2): error C4996: 'scanf': This function or variable may be unsafe. Consider using scanf_s instead. To disable deprecation, use _CRT_SECURE_NO_WARNINGS. See online help for details.
C:\Users\Vincent\IdeaProjects\AlgorithmsInAction\CPPSolutions\CPPSolutions\Q165_小猫爬山.cpp(27,30): error C4996: 'scanf': This function or variable may be unsafe. Consider using scanf_s instead. To disable deprecation, use _CRT_SECURE_NO_WARNINGS. See online help for details.
  Q173_矩阵距离.cpp
C:\Users\Vincent\IdeaProjects\AlgorithmsInAction\CPPSolutions\CPPSolutions\Q173_矩阵距离.cpp(42,2): error C4996: 'scanf': This function or variable may be unsafe. Consider using scanf_s instead. To disable deprecation, use _CRT_SECURE_NO_WARNINGS. See online help for details.
C:\Users\Vincent\IdeaProjects\AlgorithmsInAction\CPPSolutions\CPPSolutions\Q173_矩阵距离.cpp(43,30): error C4996: 'scanf': This function or variable may be unsafe. Consider using scanf_s instead. To disable deprecation, use _CRT_SECURE_NO_WARNINGS. See online help for details.
  Q175_电路维修.cpp
C:\Users\Vincent\IdeaProjects\AlgorithmsInAction\CPPSolutions\CPPSolutions\Q175_电路维修.cpp(52,2): error C4996: 'scanf': This function or variable may be unsafe. Consider using scanf_s instead. To disable deprecation, use _CRT_SECURE_NO_WARNINGS. See online help for details.
C:\Users\Vincent\IdeaProjects\AlgorithmsInAction\CPPSolutions\CPPSolutions\Q175_电路维修.cpp(54,3): error C4996: 'scanf': This function or variable may be unsafe. Consider using scanf_s instead. To disable deprecation, use _CRT_SECURE_NO_WARNINGS. See online help for details.
C:\Users\Vincent\IdeaProjects\AlgorithmsInAction\CPPSolutions\CPPSolutions\Q175_电路维修.cpp(56,4): error C4996: 'scanf': This function or variable may be unsafe. Consider using scanf_s instead. To disable deprecation, use _CRT_SECURE_NO_WARNINGS. See online help for details.
  Q187_导弹防御系统.cpp
  Q188_武士风度的牛.cpp
C:\Users\Vincent\IdeaProjects\AlgorithmsInAction\CPPSolutions\CPPSolutions\Q188_武士风度的牛.cpp(40,2): error C4996: 'scanf': This function or variable may be unsafe. Consider using scanf_s instead. To disable deprecation, use _CRT_SECURE_NO_WARNINGS. See online help for details.
C:\Users\Vincent\IdeaProjects\AlgorithmsInAction\CPPSolutions\CPPSolutions\Q188_武士风度的牛.cpp(43,3): error C4996: 'scanf': This function or variable may be unsafe. Consider using scanf_s instead. To disable deprecation, use _CRT_SECURE_NO_WARNINGS. See online help for details.
  Q237_程序自动分析.cpp
C:\Users\Vincent\IdeaProjects\AlgorithmsInAction\CPPSolutions\CPPSolutions\Q237_程序自动分析.cpp(33,2): error C4996: 'scanf': This function or variable may be unsafe. Consider using scanf_s instead. To disable deprecation, use _CRT_SECURE_NO_WARNINGS. See online help for details.
C:\Users\Vincent\IdeaProjects\AlgorithmsInAction\CPPSolutions\CPPSolutions\Q237_程序自动分析.cpp(36,3): error C4996: 'scanf': This function or variable may be unsafe. Consider using scanf_s instead. To disable deprecation, use _CRT_SECURE_NO_WARNINGS. See online help for details.
C:\Users\Vincent\IdeaProjects\AlgorithmsInAction\CPPSolutions\CPPSolutions\Q237_程序自动分析.cpp(39,4): error C4996: 'scanf': This function or variable may be unsafe. Consider using scanf_s instead. To disable deprecation, use _CRT_SECURE_NO_WARNINGS. See online help for details.
  Q272_最长公共上升子序列.cpp
C:\Users\Vincent\IdeaProjects\AlgorithmsInAction\CPPSolutions\CPPSolutions\Q272_最长公共上升子序列.cpp(9,2): error C4996: 'scanf': This function or variable may be unsafe. Consider using scanf_s instead. To disable deprecation, use _CRT_SECURE_NO_WARNINGS. See online help for details.
C:\Users\Vincent\IdeaProjects\AlgorithmsInAction\CPPSolutions\CPPSolutions\Q272_最长公共上升子序列.cpp(10,31): error C4996: 'scanf': This function or variable may be unsafe. Consider using scanf_s instead. To disable deprecation, use _CRT_SECURE_NO_WARNINGS. See online help for details.
C:\Users\Vincent\IdeaProjects\AlgorithmsInAction\CPPSolutions\CPPSolutions\Q272_最长公共上升子序列.cpp(11,31): error C4996: 'scanf': This function or variable may be unsafe. Consider using scanf_s instead. To disable deprecation, use _CRT_SECURE_NO_WARNINGS. See online help for details.
  Q278_数字组合.cpp
C:\Users\Vincent\IdeaProjects\AlgorithmsInAction\CPPSolutions\CPPSolutions\Q278_数字组合.cpp(5,19): warning C4244: “初始化”: 从“double”转换到“int”，可能丢失数据
C:\Users\Vincent\IdeaProjects\AlgorithmsInAction\CPPSolutions\CPPSolutions\Q278_数字组合.cpp(5,31): warning C4244: “初始化”: 从“double”转换到“int”，可能丢失数据
C:\Users\Vincent\IdeaProjects\AlgorithmsInAction\CPPSolutions\CPPSolutions\Q278_数字组合.cpp(10,2): error C4996: 'scanf': This function or variable may be unsafe. Consider using scanf_s instead. To disable deprecation, use _CRT_SECURE_NO_WARNINGS. See online help for details.
C:\Users\Vincent\IdeaProjects\AlgorithmsInAction\CPPSolutions\CPPSolutions\Q278_数字组合.cpp(17,3): error C4996: 'scanf': This function or variable may be unsafe. Consider using scanf_s instead. To disable deprecation, use _CRT_SECURE_NO_WARNINGS. See online help for details.
  Q2816_判断子序列.cpp
C:\Users\Vincent\IdeaProjects\AlgorithmsInAction\CPPSolutions\CPPSolutions\Q2816_判断子序列.cpp(4,19): warning C4244: “初始化”: 从“double”转换到“int”，可能丢失数据
C:\Users\Vincent\IdeaProjects\AlgorithmsInAction\CPPSolutions\CPPSolutions\Q2816_判断子序列.cpp(9,2): error C4996: 'scanf': This function or variable may be unsafe. Consider using scanf_s instead. To disable deprecation, use _CRT_SECURE_NO_WARNINGS. See online help for details.
C:\Users\Vincent\IdeaProjects\AlgorithmsInAction\CPPSolutions\CPPSolutions\Q2816_判断子序列.cpp(10,30): error C4996: 'scanf': This function or variable may be unsafe. Consider using scanf_s instead. To disable deprecation, use _CRT_SECURE_NO_WARNINGS. See online help for details.
C:\Users\Vincent\IdeaProjects\AlgorithmsInAction\CPPSolutions\CPPSolutions\Q2816_判断子序列.cpp(11,30): error C4996: 'scanf': This function or variable may be unsafe. Consider using scanf_s instead. To disable deprecation, use _CRT_SECURE_NO_WARNINGS. See online help for details.
  Q282_石子合并.cpp
C:\Users\Vincent\IdeaProjects\AlgorithmsInAction\CPPSolutions\CPPSolutions\Q282_石子合并.cpp(5,17): warning C4244: “初始化”: 从“double”转换到“int”，可能丢失数据
C:\Users\Vincent\IdeaProjects\AlgorithmsInAction\CPPSolutions\CPPSolutions\Q282_石子合并.cpp(12,2): error C4996: 'scanf': This function or variable may be unsafe. Consider using scanf_s instead. To disable deprecation, use _CRT_SECURE_NO_WARNINGS. See online help for details.
C:\Users\Vincent\IdeaProjects\AlgorithmsInAction\CPPSolutions\CPPSolutions\Q282_石子合并.cpp(14,3): error C4996: 'scanf': This function or variable may be unsafe. Consider using scanf_s instead. To disable deprecation, use _CRT_SECURE_NO_WARNINGS. See online help for details.
  正在生成代码...
  正在编译...
  Q285_没有上司的舞会.cpp
C:\Users\Vincent\IdeaProjects\AlgorithmsInAction\CPPSolutions\CPPSolutions\Q285_没有上司的舞会.cpp(30,2): error C4996: 'scanf': This function or variable may be unsafe. Consider using scanf_s instead. To disable deprecation, use _CRT_SECURE_NO_WARNINGS. See online help for details.
C:\Users\Vincent\IdeaProjects\AlgorithmsInAction\CPPSolutions\CPPSolutions\Q285_没有上司的舞会.cpp(31,31): error C4996: 'scanf': This function or variable may be unsafe. Consider using scanf_s instead. To disable deprecation, use _CRT_SECURE_NO_WARNINGS. See online help for details.
C:\Users\Vincent\IdeaProjects\AlgorithmsInAction\CPPSolutions\CPPSolutions\Q285_没有上司的舞会.cpp(35,3): error C4996: 'scanf': This function or variable may be unsafe. Consider using scanf_s instead. To disable deprecation, use _CRT_SECURE_NO_WARNINGS. See online help for details.
  Q2_01背包问题_2.cpp
C:\Users\Vincent\IdeaProjects\AlgorithmsInAction\CPPSolutions\CPPSolutions\Q2_01背包问题_2.cpp(4,19): warning C4244: “初始化”: 从“double”转换到“int”，可能丢失数据
C:\Users\Vincent\IdeaProjects\AlgorithmsInAction\CPPSolutions\CPPSolutions\Q2_01背包问题_2.cpp(11,2): error C4996: 'scanf': This function or variable may be unsafe. Consider using scanf_s instead. To disable deprecation, use _CRT_SECURE_NO_WARNINGS. See online help for details.
C:\Users\Vincent\IdeaProjects\AlgorithmsInAction\CPPSolutions\CPPSolutions\Q2_01背包问题_2.cpp(13,3): error C4996: 'scanf': This function or variable may be unsafe. Consider using scanf_s instead. To disable deprecation, use _CRT_SECURE_NO_WARNINGS. See online help for details.
  Q2_01背包问题.cpp
C:\Users\Vincent\IdeaProjects\AlgorithmsInAction\CPPSolutions\CPPSolutions\Q2_01背包问题.cpp(4,19): warning C4244: “初始化”: 从“double”转换到“int”，可能丢失数据
C:\Users\Vincent\IdeaProjects\AlgorithmsInAction\CPPSolutions\CPPSolutions\Q2_01背包问题.cpp(11,2): error C4996: 'scanf': This function or variable may be unsafe. Consider using scanf_s instead. To disable deprecation, use _CRT_SECURE_NO_WARNINGS. See online help for details.
C:\Users\Vincent\IdeaProjects\AlgorithmsInAction\CPPSolutions\CPPSolutions\Q2_01背包问题.cpp(13,3): error C4996: 'scanf': This function or variable may be unsafe. Consider using scanf_s instead. To disable deprecation, use _CRT_SECURE_NO_WARNINGS. See online help for details.
  Q320_能量项链.cpp
C:\Users\Vincent\IdeaProjects\AlgorithmsInAction\CPPSolutions\CPPSolutions\Q320_能量项链.cpp(11,2): error C4996: 'scanf': This function or variable may be unsafe. Consider using scanf_s instead. To disable deprecation, use _CRT_SECURE_NO_WARNINGS. See online help for details.
C:\Users\Vincent\IdeaProjects\AlgorithmsInAction\CPPSolutions\CPPSolutions\Q320_能量项链.cpp(13,3): error C4996: 'scanf': This function or variable may be unsafe. Consider using scanf_s instead. To disable deprecation, use _CRT_SECURE_NO_WARNINGS. See online help for details.
  Q321_棋盘分割.cpp
C:\Users\Vincent\IdeaProjects\AlgorithmsInAction\CPPSolutions\CPPSolutions\Q321_棋盘分割.cpp(38,2): error C4996: 'scanf': This function or variable may be unsafe. Consider using scanf_s instead. To disable deprecation, use _CRT_SECURE_NO_WARNINGS. See online help for details.
C:\Users\Vincent\IdeaProjects\AlgorithmsInAction\CPPSolutions\CPPSolutions\Q321_棋盘分割.cpp(41,4): error C4996: 'scanf': This function or variable may be unsafe. Consider using scanf_s instead. To disable deprecation, use _CRT_SECURE_NO_WARNINGS. See online help for details.
  Q327_玉米田.cpp
C:\Users\Vincent\IdeaProjects\AlgorithmsInAction\CPPSolutions\CPPSolutions\Q327_玉米田.cpp(5,38): warning C4244: “初始化”: 从“double”转换到“int”，可能丢失数据
C:\Users\Vincent\IdeaProjects\AlgorithmsInAction\CPPSolutions\CPPSolutions\Q327_玉米田.cpp(12,6): warning C4554: “>>”: 检查运算符优先级是否存在的可能的错误；使用括号阐明优先级
C:\Users\Vincent\IdeaProjects\AlgorithmsInAction\CPPSolutions\CPPSolutions\Q327_玉米田.cpp(27,20): warning C4018: “<”: 有符号/无符号不匹配
C:\Users\Vincent\IdeaProjects\AlgorithmsInAction\CPPSolutions\CPPSolutions\Q327_玉米田.cpp(28,21): warning C4018: “<”: 有符号/无符号不匹配
C:\Users\Vincent\IdeaProjects\AlgorithmsInAction\CPPSolutions\CPPSolutions\Q327_玉米田.cpp(38,21): warning C4018: “<”: 有符号/无符号不匹配
  Q3370_牛年.cpp
  Q338_计数问题.cpp
C:\Users\Vincent\IdeaProjects\AlgorithmsInAction\CPPSolutions\CPPSolutions\Q338_计数问题.cpp(71,9): error C4996: 'scanf': This function or variable may be unsafe. Consider using scanf_s instead. To disable deprecation, use _CRT_SECURE_NO_WARNINGS. See online help for details.
  Q3745_牛的学术圈I.cpp
C:\Users\Vincent\IdeaProjects\AlgorithmsInAction\CPPSolutions\CPPSolutions\Q3745_牛的学术圈I.cpp(4,20): warning C4244: “初始化”: 从“double”转换到“int”，可能丢失数据
C:\Users\Vincent\IdeaProjects\AlgorithmsInAction\CPPSolutions\CPPSolutions\Q3745_牛的学术圈I.cpp(9,2): error C4996: 'scanf': This function or variable may be unsafe. Consider using scanf_s instead. To disable deprecation, use _CRT_SECURE_NO_WARNINGS. See online help for details.
C:\Users\Vincent\IdeaProjects\AlgorithmsInAction\CPPSolutions\CPPSolutions\Q3745_牛的学术圈I.cpp(11,3): error C4996: 'scanf': This function or variable may be unsafe. Consider using scanf_s instead. To disable deprecation, use _CRT_SECURE_NO_WARNINGS. See online help for details.
  Q3_完全背包问题.cpp
C:\Users\Vincent\IdeaProjects\AlgorithmsInAction\CPPSolutions\CPPSolutions\Q3_完全背包问题.cpp(4,19): warning C4244: “初始化”: 从“double”转换到“int”，可能丢失数据
C:\Users\Vincent\IdeaProjects\AlgorithmsInAction\CPPSolutions\CPPSolutions\Q3_完全背包问题.cpp(10,2): error C4996: 'scanf': This function or variable may be unsafe. Consider using scanf_s instead. To disable deprecation, use _CRT_SECURE_NO_WARNINGS. See online help for details.
C:\Users\Vincent\IdeaProjects\AlgorithmsInAction\CPPSolutions\CPPSolutions\Q3_完全背包问题.cpp(12,3): error C4996: 'scanf': This function or variable may be unsafe. Consider using scanf_s instead. To disable deprecation, use _CRT_SECURE_NO_WARNINGS. See online help for details.
  Q3_完全背包问题_2.cpp
C:\Users\Vincent\IdeaProjects\AlgorithmsInAction\CPPSolutions\CPPSolutions\Q3_完全背包问题_2.cpp(4,19): warning C4244: “初始化”: 从“double”转换到“int”，可能丢失数据
C:\Users\Vincent\IdeaProjects\AlgorithmsInAction\CPPSolutions\CPPSolutions\Q3_完全背包问题_2.cpp(10,2): error C4996: 'scanf': This function or variable may be unsafe. Consider using scanf_s instead. To disable deprecation, use _CRT_SECURE_NO_WARNINGS. See online help for details.
C:\Users\Vincent\IdeaProjects\AlgorithmsInAction\CPPSolutions\CPPSolutions\Q3_完全背包问题_2.cpp(12,3): error C4996: 'scanf': This function or variable may be unsafe. Consider using scanf_s instead. To disable deprecation, use _CRT_SECURE_NO_WARNINGS. See online help for details.
  Q3_完全背包问题_3.cpp
C:\Users\Vincent\IdeaProjects\AlgorithmsInAction\CPPSolutions\CPPSolutions\Q3_完全背包问题_3.cpp(4,19): warning C4244: “初始化”: 从“double”转换到“int”，可能丢失数据
C:\Users\Vincent\IdeaProjects\AlgorithmsInAction\CPPSolutions\CPPSolutions\Q3_完全背包问题_3.cpp(10,2): error C4996: 'scanf': This function or variable may be unsafe. Consider using scanf_s instead. To disable deprecation, use _CRT_SECURE_NO_WARNINGS. See online help for details.
C:\Users\Vincent\IdeaProjects\AlgorithmsInAction\CPPSolutions\CPPSolutions\Q3_完全背包问题_3.cpp(12,3): error C4996: 'scanf': This function or variable may be unsafe. Consider using scanf_s instead. To disable deprecation, use _CRT_SECURE_NO_WARNINGS. See online help for details.
  Q423_采药.cpp
C:\Users\Vincent\IdeaProjects\AlgorithmsInAction\CPPSolutions\CPPSolutions\Q423_采药.cpp(9,2): error C4996: 'scanf': This function or variable may be unsafe. Consider using scanf_s instead. To disable deprecation, use _CRT_SECURE_NO_WARNINGS. See online help for details.
C:\Users\Vincent\IdeaProjects\AlgorithmsInAction\CPPSolutions\CPPSolutions\Q423_采药.cpp(12,3): error C4996: 'scanf': This function or variable may be unsafe. Consider using scanf_s instead. To disable deprecation, use _CRT_SECURE_NO_WARNINGS. See online help for details.
  Q4268_性感素数.cpp
  Q4269_校庆.cpp
C:\Users\Vincent\IdeaProjects\AlgorithmsInAction\CPPSolutions\CPPSolutions\Q4269_校庆.cpp(5,19): warning C4244: “初始化”: 从“double”转换到“int”，可能丢失数据
  Q426_开心的金明.cpp
C:\Users\Vincent\IdeaProjects\AlgorithmsInAction\CPPSolutions\CPPSolutions\Q426_开心的金明.cpp(4,19): warning C4244: “初始化”: 从“double”转换到“int”，可能丢失数据
C:\Users\Vincent\IdeaProjects\AlgorithmsInAction\CPPSolutions\CPPSolutions\Q426_开心的金明.cpp(9,2): error C4996: 'scanf': This function or variable may be unsafe. Consider using scanf_s instead. To disable deprecation, use _CRT_SECURE_NO_WARNINGS. See online help for details.
C:\Users\Vincent\IdeaProjects\AlgorithmsInAction\CPPSolutions\CPPSolutions\Q426_开心的金明.cpp(12,3): error C4996: 'scanf': This function or variable may be unsafe. Consider using scanf_s instead. To disable deprecation, use _CRT_SECURE_NO_WARNINGS. See online help for details.
  Q479_加分二叉树.cpp
C:\Users\Vincent\IdeaProjects\AlgorithmsInAction\CPPSolutions\CPPSolutions\Q479_加分二叉树.cpp(19,2): error C4996: 'scanf': This function or variable may be unsafe. Consider using scanf_s instead. To disable deprecation, use _CRT_SECURE_NO_WARNINGS. See online help for details.
C:\Users\Vincent\IdeaProjects\AlgorithmsInAction\CPPSolutions\CPPSolutions\Q479_加分二叉树.cpp(20,31): error C4996: 'scanf': This function or variable may be unsafe. Consider using scanf_s instead. To disable deprecation, use _CRT_SECURE_NO_WARNINGS. See online help for details.
  Q482_合唱队形.cpp
C:\Users\Vincent\IdeaProjects\AlgorithmsInAction\CPPSolutions\CPPSolutions\Q482_合唱队形.cpp(9,2): error C4996: 'scanf': This function or variable may be unsafe. Consider using scanf_s instead. To disable deprecation, use _CRT_SECURE_NO_WARNINGS. See online help for details.
C:\Users\Vincent\IdeaProjects\AlgorithmsInAction\CPPSolutions\CPPSolutions\Q482_合唱队形.cpp(11,3): error C4996: 'scanf': This function or variable may be unsafe. Consider using scanf_s instead. To disable deprecation, use _CRT_SECURE_NO_WARNINGS. See online help for details.
  Q4_多重背包问题I.cpp
C:\Users\Vincent\IdeaProjects\AlgorithmsInAction\CPPSolutions\CPPSolutions\Q4_多重背包问题I.cpp(4,19): warning C4244: “初始化”: 从“double”转换到“int”，可能丢失数据
C:\Users\Vincent\IdeaProjects\AlgorithmsInAction\CPPSolutions\CPPSolutions\Q4_多重背包问题I.cpp(10,2): error C4996: 'scanf': This function or variable may be unsafe. Consider using scanf_s instead. To disable deprecation, use _CRT_SECURE_NO_WARNINGS. See online help for details.
C:\Users\Vincent\IdeaProjects\AlgorithmsInAction\CPPSolutions\CPPSolutions\Q4_多重背包问题I.cpp(12,3): error C4996: 'scanf': This function or variable may be unsafe. Consider using scanf_s instead. To disable deprecation, use _CRT_SECURE_NO_WARNINGS. See online help for details.
  Q532_货币系统.cpp
C:\Users\Vincent\IdeaProjects\AlgorithmsInAction\CPPSolutions\CPPSolutions\Q532_货币系统.cpp(12,2): error C4996: 'scanf': This function or variable may be unsafe. Consider using scanf_s instead. To disable deprecation, use _CRT_SECURE_NO_WARNINGS. See online help for details.
C:\Users\Vincent\IdeaProjects\AlgorithmsInAction\CPPSolutions\CPPSolutions\Q532_货币系统.cpp(15,3): error C4996: 'scanf': This function or variable may be unsafe. Consider using scanf_s instead. To disable deprecation, use _CRT_SECURE_NO_WARNINGS. See online help for details.
C:\Users\Vincent\IdeaProjects\AlgorithmsInAction\CPPSolutions\CPPSolutions\Q532_货币系统.cpp(16,31): error C4996: 'scanf': This function or variable may be unsafe. Consider using scanf_s instead. To disable deprecation, use _CRT_SECURE_NO_WARNINGS. See online help for details.
  正在生成代码...
  正在编译...
  Q5_多重背包问题II.cpp
C:\Users\Vincent\IdeaProjects\AlgorithmsInAction\CPPSolutions\CPPSolutions\Q5_多重背包问题II.cpp(5,35): warning C4244: “初始化”: 从“double”转换到“int”，可能丢失数据
C:\Users\Vincent\IdeaProjects\AlgorithmsInAction\CPPSolutions\CPPSolutions\Q5_多重背包问题II.cpp(10,2): error C4996: 'scanf': This function or variable may be unsafe. Consider using scanf_s instead. To disable deprecation, use _CRT_SECURE_NO_WARNINGS. See online help for details.
C:\Users\Vincent\IdeaProjects\AlgorithmsInAction\CPPSolutions\CPPSolutions\Q5_多重背包问题II.cpp(15,3): error C4996: 'scanf': This function or variable may be unsafe. Consider using scanf_s instead. To disable deprecation, use _CRT_SECURE_NO_WARNINGS. See online help for details.
  Q6_多重背包问题III.cpp
C:\Users\Vincent\IdeaProjects\AlgorithmsInAction\CPPSolutions\CPPSolutions\Q6_多重背包问题III.cpp(12,5): error C4996: 'scanf': This function or variable may be unsafe. Consider using scanf_s instead. To disable deprecation, use _CRT_SECURE_NO_WARNINGS. See online help for details.
C:\Users\Vincent\IdeaProjects\AlgorithmsInAction\CPPSolutions\CPPSolutions\Q6_多重背包问题III.cpp(15,9): error C4996: 'scanf': This function or variable may be unsafe. Consider using scanf_s instead. To disable deprecation, use _CRT_SECURE_NO_WARNINGS. See online help for details.
  Q786_第k个数.cpp
C:\Users\Vincent\IdeaProjects\AlgorithmsInAction\CPPSolutions\CPPSolutions\Q786_第k个数.cpp(4,19): warning C4244: “初始化”: 从“double”转换到“int”，可能丢失数据
C:\Users\Vincent\IdeaProjects\AlgorithmsInAction\CPPSolutions\CPPSolutions\Q786_第k个数.cpp(31,2): error C4996: 'scanf': This function or variable may be unsafe. Consider using scanf_s instead. To disable deprecation, use _CRT_SECURE_NO_WARNINGS. See online help for details.
C:\Users\Vincent\IdeaProjects\AlgorithmsInAction\CPPSolutions\CPPSolutions\Q786_第k个数.cpp(33,3): error C4996: 'scanf': This function or variable may be unsafe. Consider using scanf_s instead. To disable deprecation, use _CRT_SECURE_NO_WARNINGS. See online help for details.
  Q786_第k个数2.cpp
C:\Users\Vincent\IdeaProjects\AlgorithmsInAction\CPPSolutions\CPPSolutions\Q786_第k个数2.cpp(4,19): warning C4244: “初始化”: 从“double”转换到“int”，可能丢失数据
C:\Users\Vincent\IdeaProjects\AlgorithmsInAction\CPPSolutions\CPPSolutions\Q786_第k个数2.cpp(35,2): error C4996: 'scanf': This function or variable may be unsafe. Consider using scanf_s instead. To disable deprecation, use _CRT_SECURE_NO_WARNINGS. See online help for details.
C:\Users\Vincent\IdeaProjects\AlgorithmsInAction\CPPSolutions\CPPSolutions\Q786_第k个数2.cpp(37,3): error C4996: 'scanf': This function or variable may be unsafe. Consider using scanf_s instead. To disable deprecation, use _CRT_SECURE_NO_WARNINGS. See online help for details.
  Q787_归并排序.cpp
C:\Users\Vincent\IdeaProjects\AlgorithmsInAction\CPPSolutions\CPPSolutions\Q787_归并排序.cpp(4,19): warning C4244: “初始化”: 从“double”转换到“int”，可能丢失数据
C:\Users\Vincent\IdeaProjects\AlgorithmsInAction\CPPSolutions\CPPSolutions\Q787_归并排序.cpp(39,2): error C4996: 'scanf': This function or variable may be unsafe. Consider using scanf_s instead. To disable deprecation, use _CRT_SECURE_NO_WARNINGS. See online help for details.
C:\Users\Vincent\IdeaProjects\AlgorithmsInAction\CPPSolutions\CPPSolutions\Q787_归并排序.cpp(41,3): error C4996: 'scanf': This function or variable may be unsafe. Consider using scanf_s instead. To disable deprecation, use _CRT_SECURE_NO_WARNINGS. See online help for details.
  Q788_逆序对的数量.cpp
C:\Users\Vincent\IdeaProjects\AlgorithmsInAction\CPPSolutions\CPPSolutions\Q788_逆序对的数量.cpp(6,19): warning C4244: “初始化”: 从“double”转换到“int”，可能丢失数据
C:\Users\Vincent\IdeaProjects\AlgorithmsInAction\CPPSolutions\CPPSolutions\Q788_逆序对的数量.cpp(45,9): warning C4477: “printf”: 格式字符串“%ld”需要类型“long”的参数，但可变参数 1 拥有了类型“LL”
C:\Users\Vincent\IdeaProjects\AlgorithmsInAction\CPPSolutions\CPPSolutions\Q788_逆序对的数量.cpp(45,9): message : 请考虑在格式字符串中使用“%lld”
C:\Users\Vincent\IdeaProjects\AlgorithmsInAction\CPPSolutions\CPPSolutions\Q788_逆序对的数量.cpp(45,9): message : 请考虑在格式字符串中使用“%I64d”
C:\Users\Vincent\IdeaProjects\AlgorithmsInAction\CPPSolutions\CPPSolutions\Q788_逆序对的数量.cpp(40,2): error C4996: 'scanf': This function or variable may be unsafe. Consider using scanf_s instead. To disable deprecation, use _CRT_SECURE_NO_WARNINGS. See online help for details.
C:\Users\Vincent\IdeaProjects\AlgorithmsInAction\CPPSolutions\CPPSolutions\Q788_逆序对的数量.cpp(42,3): error C4996: 'scanf': This function or variable may be unsafe. Consider using scanf_s instead. To disable deprecation, use _CRT_SECURE_NO_WARNINGS. See online help for details.
  M3整数二分.h
  Q789_数的范围.cpp
C:\Users\Vincent\IdeaProjects\AlgorithmsInAction\CPPSolutions\CPPSolutions\Q789_数的范围.cpp(4,19): warning C4244: “初始化”: 从“double”转换到“int”，可能丢失数据
C:\Users\Vincent\IdeaProjects\AlgorithmsInAction\CPPSolutions\CPPSolutions\Q789_数的范围.cpp(9,2): error C4996: 'scanf': This function or variable may be unsafe. Consider using scanf_s instead. To disable deprecation, use _CRT_SECURE_NO_WARNINGS. See online help for details.
C:\Users\Vincent\IdeaProjects\AlgorithmsInAction\CPPSolutions\CPPSolutions\Q789_数的范围.cpp(11,3): error C4996: 'scanf': This function or variable may be unsafe. Consider using scanf_s instead. To disable deprecation, use _CRT_SECURE_NO_WARNINGS. See online help for details.
C:\Users\Vincent\IdeaProjects\AlgorithmsInAction\CPPSolutions\CPPSolutions\Q789_数的范围.cpp(14,3): error C4996: 'scanf': This function or variable may be unsafe. Consider using scanf_s instead. To disable deprecation, use _CRT_SECURE_NO_WARNINGS. See online help for details.
  Q790_数的三次方根.cpp
C:\Users\Vincent\IdeaProjects\AlgorithmsInAction\CPPSolutions\CPPSolutions\Q790_数的三次方根.cpp(8,2): error C4996: 'scanf': This function or variable may be unsafe. Consider using scanf_s instead. To disable deprecation, use _CRT_SECURE_NO_WARNINGS. See online help for details.
  Q795_前缀和.cpp
C:\Users\Vincent\IdeaProjects\AlgorithmsInAction\CPPSolutions\CPPSolutions\Q795_前缀和.cpp(4,19): warning C4244: “初始化”: 从“double”转换到“int”，可能丢失数据
C:\Users\Vincent\IdeaProjects\AlgorithmsInAction\CPPSolutions\CPPSolutions\Q795_前缀和.cpp(9,2): error C4996: 'scanf': This function or variable may be unsafe. Consider using scanf_s instead. To disable deprecation, use _CRT_SECURE_NO_WARNINGS. See online help for details.
C:\Users\Vincent\IdeaProjects\AlgorithmsInAction\CPPSolutions\CPPSolutions\Q795_前缀和.cpp(11,3): error C4996: 'scanf': This function or variable may be unsafe. Consider using scanf_s instead. To disable deprecation, use _CRT_SECURE_NO_WARNINGS. See online help for details.
C:\Users\Vincent\IdeaProjects\AlgorithmsInAction\CPPSolutions\CPPSolutions\Q795_前缀和.cpp(16,3): error C4996: 'scanf': This function or variable may be unsafe. Consider using scanf_s instead. To disable deprecation, use _CRT_SECURE_NO_WARNINGS. See online help for details.
  Q796_子矩阵的和.cpp
C:\Users\Vincent\IdeaProjects\AlgorithmsInAction\CPPSolutions\CPPSolutions\Q796_子矩阵的和.cpp(4,19): warning C4244: “初始化”: 从“double”转换到“int”，可能丢失数据
C:\Users\Vincent\IdeaProjects\AlgorithmsInAction\CPPSolutions\CPPSolutions\Q796_子矩阵的和.cpp(6,18): error C2365: “y1”: 重定义；以前的定义是“函数”
C:\Program Files (x86)\Windows Kits\10\Include\10.0.19041.0\ucrt\corecrt_math.h(983): message : 参见“y1”的声明
C:\Users\Vincent\IdeaProjects\AlgorithmsInAction\CPPSolutions\CPPSolutions\Q796_子矩阵的和.cpp(22,9): warning C4477: “scanf”: 格式字符串“%d”需要类型“int *”的参数，但可变参数 2 拥有了类型“double (__cdecl *)(double)”
C:\Users\Vincent\IdeaProjects\AlgorithmsInAction\CPPSolutions\CPPSolutions\Q796_子矩阵的和.cpp(23,64): error C2296: “-”: 非法，左操作数包含“double (__cdecl *)(double)”类型
C:\Users\Vincent\IdeaProjects\AlgorithmsInAction\CPPSolutions\CPPSolutions\Q796_子矩阵的和.cpp(23,86): error C2296: “-”: 非法，左操作数包含“double (__cdecl *)(double)”类型
C:\Users\Vincent\IdeaProjects\AlgorithmsInAction\CPPSolutions\CPPSolutions\Q796_子矩阵的和.cpp(23,10): warning C4473: “printf”: 没有为格式字符串传递足够的参数
C:\Users\Vincent\IdeaProjects\AlgorithmsInAction\CPPSolutions\CPPSolutions\Q796_子矩阵的和.cpp(23,10): message : 占位符和其参数预计 1 可变参数，但提供的却是 0 参数
C:\Users\Vincent\IdeaProjects\AlgorithmsInAction\CPPSolutions\CPPSolutions\Q796_子矩阵的和.cpp(23,10): message : 缺失的可变参数 1 为格式字符串“%d”所需
C:\Users\Vincent\IdeaProjects\AlgorithmsInAction\CPPSolutions\CPPSolutions\Q796_子矩阵的和.cpp(9,2): error C4996: 'scanf': This function or variable may be unsafe. Consider using scanf_s instead. To disable deprecation, use _CRT_SECURE_NO_WARNINGS. See online help for details.
C:\Users\Vincent\IdeaProjects\AlgorithmsInAction\CPPSolutions\CPPSolutions\Q796_子矩阵的和.cpp(12,4): error C4996: 'scanf': This function or variable may be unsafe. Consider using scanf_s instead. To disable deprecation, use _CRT_SECURE_NO_WARNINGS. See online help for details.
C:\Users\Vincent\IdeaProjects\AlgorithmsInAction\CPPSolutions\CPPSolutions\Q796_子矩阵的和.cpp(22,3): error C4996: 'scanf': This function or variable may be unsafe. Consider using scanf_s instead. To disable deprecation, use _CRT_SECURE_NO_WARNINGS. See online help for details.
  Q797_差分.cpp
C:\Users\Vincent\IdeaProjects\AlgorithmsInAction\CPPSolutions\CPPSolutions\Q797_差分.cpp(4,19): warning C4244: “初始化”: 从“double”转换到“int”，可能丢失数据
C:\Users\Vincent\IdeaProjects\AlgorithmsInAction\CPPSolutions\CPPSolutions\Q797_差分.cpp(14,2): error C4996: 'scanf': This function or variable may be unsafe. Consider using scanf_s instead. To disable deprecation, use _CRT_SECURE_NO_WARNINGS. See online help for details.
C:\Users\Vincent\IdeaProjects\AlgorithmsInAction\CPPSolutions\CPPSolutions\Q797_差分.cpp(16,3): error C4996: 'scanf': This function or variable may be unsafe. Consider using scanf_s instead. To disable deprecation, use _CRT_SECURE_NO_WARNINGS. See online help for details.
C:\Users\Vincent\IdeaProjects\AlgorithmsInAction\CPPSolutions\CPPSolutions\Q797_差分.cpp(21,3): error C4996: 'scanf': This function or variable may be unsafe. Consider using scanf_s instead. To disable deprecation, use _CRT_SECURE_NO_WARNINGS. See online help for details.
  Q798_差分矩阵.cpp
C:\Users\Vincent\IdeaProjects\AlgorithmsInAction\CPPSolutions\CPPSolutions\Q798_差分矩阵.cpp(4,19): warning C4244: “初始化”: 从“double”转换到“int”，可能丢失数据
C:\Users\Vincent\IdeaProjects\AlgorithmsInAction\CPPSolutions\CPPSolutions\Q798_差分矩阵.cpp(6,18): error C2365: “y1”: 重定义；以前的定义是“函数”
C:\Program Files (x86)\Windows Kits\10\Include\10.0.19041.0\ucrt\corecrt_math.h(983): message : 参见“y1”的声明
C:\Users\Vincent\IdeaProjects\AlgorithmsInAction\CPPSolutions\CPPSolutions\Q798_差分矩阵.cpp(25,9): warning C4477: “scanf”: 格式字符串“%d”需要类型“int *”的参数，但可变参数 2 拥有了类型“double (__cdecl *)(double)”
C:\Users\Vincent\IdeaProjects\AlgorithmsInAction\CPPSolutions\CPPSolutions\Q798_差分矩阵.cpp(26,27): error C2664: “void insert(int,int,int,int,int)”: 无法将参数 2 从“double (__cdecl *)(double)”转换为“int”
C:\Users\Vincent\IdeaProjects\AlgorithmsInAction\CPPSolutions\CPPSolutions\Q798_差分矩阵.cpp(26,14): message : 没有使该转换得以执行的上下文
C:\Users\Vincent\IdeaProjects\AlgorithmsInAction\CPPSolutions\CPPSolutions\Q798_差分矩阵.cpp(8,6): message : 参见“insert”的声明
C:\Users\Vincent\IdeaProjects\AlgorithmsInAction\CPPSolutions\CPPSolutions\Q798_差分矩阵.cpp(16,2): error C4996: 'scanf': This function or variable may be unsafe. Consider using scanf_s instead. To disable deprecation, use _CRT_SECURE_NO_WARNINGS. See online help for details.
C:\Users\Vincent\IdeaProjects\AlgorithmsInAction\CPPSolutions\CPPSolutions\Q798_差分矩阵.cpp(19,4): error C4996: 'scanf': This function or variable may be unsafe. Consider using scanf_s instead. To disable deprecation, use _CRT_SECURE_NO_WARNINGS. See online help for details.
C:\Users\Vincent\IdeaProjects\AlgorithmsInAction\CPPSolutions\CPPSolutions\Q798_差分矩阵.cpp(25,3): error C4996: 'scanf': This function or variable may be unsafe. Consider using scanf_s instead. To disable deprecation, use _CRT_SECURE_NO_WARNINGS. See online help for details.
  Q799_最长连续不重复子序列.cpp
C:\Users\Vincent\IdeaProjects\AlgorithmsInAction\CPPSolutions\CPPSolutions\Q799_最长连续不重复子序列.cpp(4,19): warning C4244: “初始化”: 从“double”转换到“int”，可能丢失数据
C:\Users\Vincent\IdeaProjects\AlgorithmsInAction\CPPSolutions\CPPSolutions\Q799_最长连续不重复子序列.cpp(9,2): error C4996: 'scanf': This function or variable may be unsafe. Consider using scanf_s instead. To disable deprecation, use _CRT_SECURE_NO_WARNINGS. See online help for details.
C:\Users\Vincent\IdeaProjects\AlgorithmsInAction\CPPSolutions\CPPSolutions\Q799_最长连续不重复子序列.cpp(11,3): error C4996: 'scanf': This function or variable may be unsafe. Consider using scanf_s instead. To disable deprecation, use _CRT_SECURE_NO_WARNINGS. See online help for details.
  Q7_混合背包问题.cpp
C:\Users\Vincent\IdeaProjects\AlgorithmsInAction\CPPSolutions\CPPSolutions\Q7_混合背包问题.cpp(9,2): error C4996: 'scanf': This function or variable may be unsafe. Consider using scanf_s instead. To disable deprecation, use _CRT_SECURE_NO_WARNINGS. See online help for details.
C:\Users\Vincent\IdeaProjects\AlgorithmsInAction\CPPSolutions\CPPSolutions\Q7_混合背包问题.cpp(12,3): error C4996: 'scanf': This function or variable may be unsafe. Consider using scanf_s instead. To disable deprecation, use _CRT_SECURE_NO_WARNINGS. See online help for details.
  Q800_数组元素的目标和.cpp
C:\Users\Vincent\IdeaProjects\AlgorithmsInAction\CPPSolutions\CPPSolutions\Q800_数组元素的目标和.cpp(4,19): warning C4244: “初始化”: 从“double”转换到“int”，可能丢失数据
C:\Users\Vincent\IdeaProjects\AlgorithmsInAction\CPPSolutions\CPPSolutions\Q800_数组元素的目标和.cpp(9,2): error C4996: 'scanf': This function or variable may be unsafe. Consider using scanf_s instead. To disable deprecation, use _CRT_SECURE_NO_WARNINGS. See online help for details.
C:\Users\Vincent\IdeaProjects\AlgorithmsInAction\CPPSolutions\CPPSolutions\Q800_数组元素的目标和.cpp(10,33): error C4996: 'scanf': This function or variable may be unsafe. Consider using scanf_s instead. To disable deprecation, use _CRT_SECURE_NO_WARNINGS. See online help for details.
C:\Users\Vincent\IdeaProjects\AlgorithmsInAction\CPPSolutions\CPPSolutions\Q800_数组元素的目标和.cpp(11,33): error C4996: 'scanf': This function or variable may be unsafe. Consider using scanf_s instead. To disable deprecation, use _CRT_SECURE_NO_WARNINGS. See online help for details.
  Q801_二进制中1的个数.cpp
C:\Users\Vincent\IdeaProjects\AlgorithmsInAction\CPPSolutions\CPPSolutions\Q801_二进制中1的个数.cpp(10,2): error C4996: 'scanf': This function or variable may be unsafe. Consider using scanf_s instead. To disable deprecation, use _CRT_SECURE_NO_WARNINGS. See online help for details.
C:\Users\Vincent\IdeaProjects\AlgorithmsInAction\CPPSolutions\CPPSolutions\Q801_二进制中1的个数.cpp(14,3): error C4996: 'scanf': This function or variable may be unsafe. Consider using scanf_s instead. To disable deprecation, use _CRT_SECURE_NO_WARNINGS. See online help for details.
  Q836_合并集合.cpp
C:\Users\Vincent\IdeaProjects\AlgorithmsInAction\CPPSolutions\CPPSolutions\Q836_合并集合.cpp(4,19): warning C4244: “初始化”: 从“double”转换到“int”，可能丢失数据
C:\Users\Vincent\IdeaProjects\AlgorithmsInAction\CPPSolutions\CPPSolutions\Q836_合并集合.cpp(15,2): error C4996: 'scanf': This function or variable may be unsafe. Consider using scanf_s instead. To disable deprecation, use _CRT_SECURE_NO_WARNINGS. See online help for details.
C:\Users\Vincent\IdeaProjects\AlgorithmsInAction\CPPSolutions\CPPSolutions\Q836_合并集合.cpp(20,3): error C4996: 'scanf': This function or variable may be unsafe. Consider using scanf_s instead. To disable deprecation, use _CRT_SECURE_NO_WARNINGS. See online help for details.
  Q837_连通块中点的数量.cpp
C:\Users\Vincent\IdeaProjects\AlgorithmsInAction\CPPSolutions\CPPSolutions\Q837_连通块中点的数量.cpp(4,19): warning C4244: “初始化”: 从“double”转换到“int”，可能丢失数据
  Q842_排列数字.cpp
C:\Users\Vincent\IdeaProjects\AlgorithmsInAction\CPPSolutions\CPPSolutions\Q842_排列数字.cpp(26,2): error C4996: 'scanf': This function or variable may be unsafe. Consider using scanf_s instead. To disable deprecation, use _CRT_SECURE_NO_WARNINGS. See online help for details.
  正在生成代码...
C:\Users\Vincent\IdeaProjects\AlgorithmsInAction\CPPSolutions\CPPSolutions\M3整数二分.h(5): error C4716: “check”: 必须返回一个值
  正在编译...
  Q843_n皇后问题.cpp
C:\Users\Vincent\IdeaProjects\AlgorithmsInAction\CPPSolutions\CPPSolutions\Q843_n皇后问题.cpp(29,2): error C4996: 'scanf': This function or variable may be unsafe. Consider using scanf_s instead. To disable deprecation, use _CRT_SECURE_NO_WARNINGS. See online help for details.
  Q843_n皇后问题_2.cpp
C:\Users\Vincent\IdeaProjects\AlgorithmsInAction\CPPSolutions\CPPSolutions\Q843_n皇后问题_2.cpp(40,2): error C4996: 'scanf': This function or variable may be unsafe. Consider using scanf_s instead. To disable deprecation, use _CRT_SECURE_NO_WARNINGS. See online help for details.
  Q844_走迷宫.cpp
C:\Users\Vincent\IdeaProjects\AlgorithmsInAction\CPPSolutions\CPPSolutions\Q844_走迷宫.cpp(14,2): error C4996: 'scanf': This function or variable may be unsafe. Consider using scanf_s instead. To disable deprecation, use _CRT_SECURE_NO_WARNINGS. See online help for details.
C:\Users\Vincent\IdeaProjects\AlgorithmsInAction\CPPSolutions\CPPSolutions\Q844_走迷宫.cpp(17,4): error C4996: 'scanf': This function or variable may be unsafe. Consider using scanf_s instead. To disable deprecation, use _CRT_SECURE_NO_WARNINGS. See online help for details.
  Q845_八数码.cpp
C:\Users\Vincent\IdeaProjects\AlgorithmsInAction\CPPSolutions\CPPSolutions\Q845_八数码.cpp(47,9): error C4996: 'scanf': This function or variable may be unsafe. Consider using scanf_s instead. To disable deprecation, use _CRT_SECURE_NO_WARNINGS. See online help for details.
  Q846_树的重心.cpp
C:\Users\Vincent\IdeaProjects\AlgorithmsInAction\CPPSolutions\CPPSolutions\Q846_树的重心.cpp(5,19): warning C4244: “初始化”: 从“double”转换到“int”，可能丢失数据
C:\Users\Vincent\IdeaProjects\AlgorithmsInAction\CPPSolutions\CPPSolutions\Q846_树的重心.cpp(36,2): error C4996: 'scanf': This function or variable may be unsafe. Consider using scanf_s instead. To disable deprecation, use _CRT_SECURE_NO_WARNINGS. See online help for details.
C:\Users\Vincent\IdeaProjects\AlgorithmsInAction\CPPSolutions\CPPSolutions\Q846_树的重心.cpp(40,3): error C4996: 'scanf': This function or variable may be unsafe. Consider using scanf_s instead. To disable deprecation, use _CRT_SECURE_NO_WARNINGS. See online help for details.
  Q847_图中点的层次.cpp
C:\Users\Vincent\IdeaProjects\AlgorithmsInAction\CPPSolutions\CPPSolutions\Q847_图中点的层次.cpp(6,19): warning C4244: “初始化”: 从“double”转换到“int”，可能丢失数据
C:\Users\Vincent\IdeaProjects\AlgorithmsInAction\CPPSolutions\CPPSolutions\Q847_图中点的层次.cpp(40,2): error C4996: 'scanf': This function or variable may be unsafe. Consider using scanf_s instead. To disable deprecation, use _CRT_SECURE_NO_WARNINGS. See online help for details.
C:\Users\Vincent\IdeaProjects\AlgorithmsInAction\CPPSolutions\CPPSolutions\Q847_图中点的层次.cpp(44,3): error C4996: 'scanf': This function or variable may be unsafe. Consider using scanf_s instead. To disable deprecation, use _CRT_SECURE_NO_WARNINGS. See online help for details.
  Q848_有向图的拓扑序列.cpp
C:\Users\Vincent\IdeaProjects\AlgorithmsInAction\CPPSolutions\CPPSolutions\Q848_有向图的拓扑序列.cpp(5,19): warning C4244: “初始化”: 从“double”转换到“int”，可能丢失数据
C:\Users\Vincent\IdeaProjects\AlgorithmsInAction\CPPSolutions\CPPSolutions\Q848_有向图的拓扑序列.cpp(35,2): error C4996: 'scanf': This function or variable may be unsafe. Consider using scanf_s instead. To disable deprecation, use _CRT_SECURE_NO_WARNINGS. See online help for details.
C:\Users\Vincent\IdeaProjects\AlgorithmsInAction\CPPSolutions\CPPSolutions\Q848_有向图的拓扑序列.cpp(39,3): error C4996: 'scanf': This function or variable may be unsafe. Consider using scanf_s instead. To disable deprecation, use _CRT_SECURE_NO_WARNINGS. See online help for details.
  Q849_Dijkstra求最短路I.cpp
C:\Users\Vincent\IdeaProjects\AlgorithmsInAction\CPPSolutions\CPPSolutions\Q849_Dijkstra求最短路I.cpp(32,2): error C4996: 'scanf': This function or variable may be unsafe. Consider using scanf_s instead. To disable deprecation, use _CRT_SECURE_NO_WARNINGS. See online help for details.
C:\Users\Vincent\IdeaProjects\AlgorithmsInAction\CPPSolutions\CPPSolutions\Q849_Dijkstra求最短路I.cpp(36,3): error C4996: 'scanf': This function or variable may be unsafe. Consider using scanf_s instead. To disable deprecation, use _CRT_SECURE_NO_WARNINGS. See online help for details.
  Q850_Dijkstra求最短路II.cpp
C:\Users\Vincent\IdeaProjects\AlgorithmsInAction\CPPSolutions\CPPSolutions\Q850_Dijkstra求最短路II.cpp(6,20): warning C4244: “初始化”: 从“double”转换到“int”，可能丢失数据
C:\Users\Vincent\IdeaProjects\AlgorithmsInAction\CPPSolutions\CPPSolutions\Q850_Dijkstra求最短路II.cpp(54,2): error C4996: 'scanf': This function or variable may be unsafe. Consider using scanf_s instead. To disable deprecation, use _CRT_SECURE_NO_WARNINGS. See online help for details.
C:\Users\Vincent\IdeaProjects\AlgorithmsInAction\CPPSolutions\CPPSolutions\Q850_Dijkstra求最短路II.cpp(58,3): error C4996: 'scanf': This function or variable may be unsafe. Consider using scanf_s instead. To disable deprecation, use _CRT_SECURE_NO_WARNINGS. See online help for details.
  Q851_spfa求最短路.cpp
C:\Users\Vincent\IdeaProjects\AlgorithmsInAction\CPPSolutions\CPPSolutions\Q851_spfa求最短路.cpp(6,19): warning C4244: “初始化”: 从“double”转换到“int”，可能丢失数据
C:\Users\Vincent\IdeaProjects\AlgorithmsInAction\CPPSolutions\CPPSolutions\Q851_spfa求最短路.cpp(47,2): error C4996: 'scanf': This function or variable may be unsafe. Consider using scanf_s instead. To disable deprecation, use _CRT_SECURE_NO_WARNINGS. See online help for details.
C:\Users\Vincent\IdeaProjects\AlgorithmsInAction\CPPSolutions\CPPSolutions\Q851_spfa求最短路.cpp(51,3): error C4996: 'scanf': This function or variable may be unsafe. Consider using scanf_s instead. To disable deprecation, use _CRT_SECURE_NO_WARNINGS. See online help for details.
  Q852_spfa判断负环.cpp
C:\Users\Vincent\IdeaProjects\AlgorithmsInAction\CPPSolutions\CPPSolutions\Q852_spfa判断负环.cpp(49,2): error C4996: 'scanf': This function or variable may be unsafe. Consider using scanf_s instead. To disable deprecation, use _CRT_SECURE_NO_WARNINGS. See online help for details.
C:\Users\Vincent\IdeaProjects\AlgorithmsInAction\CPPSolutions\CPPSolutions\Q852_spfa判断负环.cpp(53,3): error C4996: 'scanf': This function or variable may be unsafe. Consider using scanf_s instead. To disable deprecation, use _CRT_SECURE_NO_WARNINGS. See online help for details.
  Q853_有边数限制的最短路.cpp
C:\Users\Vincent\IdeaProjects\AlgorithmsInAction\CPPSolutions\CPPSolutions\Q853_有边数限制的最短路.cpp(5,28): warning C4244: “初始化”: 从“double”转换到“int”，可能丢失数据
C:\Users\Vincent\IdeaProjects\AlgorithmsInAction\CPPSolutions\CPPSolutions\Q853_有边数限制的最短路.cpp(28,2): error C4996: 'scanf': This function or variable may be unsafe. Consider using scanf_s instead. To disable deprecation, use _CRT_SECURE_NO_WARNINGS. See online help for details.
C:\Users\Vincent\IdeaProjects\AlgorithmsInAction\CPPSolutions\CPPSolutions\Q853_有边数限制的最短路.cpp(31,3): error C4996: 'scanf': This function or variable may be unsafe. Consider using scanf_s instead. To disable deprecation, use _CRT_SECURE_NO_WARNINGS. See online help for details.
  Q854_Floyd求最短路.cpp
C:\Users\Vincent\IdeaProjects\AlgorithmsInAction\CPPSolutions\CPPSolutions\Q854_Floyd求最短路.cpp(17,2): error C4996: 'scanf': This function or variable may be unsafe. Consider using scanf_s instead. To disable deprecation, use _CRT_SECURE_NO_WARNINGS. See online help for details.
C:\Users\Vincent\IdeaProjects\AlgorithmsInAction\CPPSolutions\CPPSolutions\Q854_Floyd求最短路.cpp(26,3): error C4996: 'scanf': This function or variable may be unsafe. Consider using scanf_s instead. To disable deprecation, use _CRT_SECURE_NO_WARNINGS. See online help for details.
C:\Users\Vincent\IdeaProjects\AlgorithmsInAction\CPPSolutions\CPPSolutions\Q854_Floyd求最短路.cpp(32,3): error C4996: 'scanf': This function or variable may be unsafe. Consider using scanf_s instead. To disable deprecation, use _CRT_SECURE_NO_WARNINGS. See online help for details.
  Q858_Prim算法求最小生成树.cpp
C:\Users\Vincent\IdeaProjects\AlgorithmsInAction\CPPSolutions\CPPSolutions\Q858_Prim算法求最小生成树.cpp(30,2): error C4996: 'scanf': This function or variable may be unsafe. Consider using scanf_s instead. To disable deprecation, use _CRT_SECURE_NO_WARNINGS. See online help for details.
C:\Users\Vincent\IdeaProjects\AlgorithmsInAction\CPPSolutions\CPPSolutions\Q858_Prim算法求最小生成树.cpp(34,3): error C4996: 'scanf': This function or variable may be unsafe. Consider using scanf_s instead. To disable deprecation, use _CRT_SECURE_NO_WARNINGS. See online help for details.
  Q859_Kruskal算法求最小生成树.cpp
C:\Users\Vincent\IdeaProjects\AlgorithmsInAction\CPPSolutions\CPPSolutions\Q859_Kruskal算法求最小生成树.cpp(5,19): warning C4244: “初始化”: 从“double”转换到“int”，可能丢失数据
C:\Users\Vincent\IdeaProjects\AlgorithmsInAction\CPPSolutions\CPPSolutions\Q859_Kruskal算法求最小生成树.cpp(43,2): error C4996: 'scanf': This function or variable may be unsafe. Consider using scanf_s instead. To disable deprecation, use _CRT_SECURE_NO_WARNINGS. See online help for details.
C:\Users\Vincent\IdeaProjects\AlgorithmsInAction\CPPSolutions\CPPSolutions\Q859_Kruskal算法求最小生成树.cpp(46,3): error C4996: 'scanf': This function or variable may be unsafe. Consider using scanf_s instead. To disable deprecation, use _CRT_SECURE_NO_WARNINGS. See online help for details.
  Q860_染色法判定二分图.cpp
C:\Users\Vincent\IdeaProjects\AlgorithmsInAction\CPPSolutions\CPPSolutions\Q860_染色法判定二分图.cpp(6,19): warning C4244: “初始化”: 从“double”转换到“int”，可能丢失数据
C:\Users\Vincent\IdeaProjects\AlgorithmsInAction\CPPSolutions\CPPSolutions\Q860_染色法判定二分图.cpp(32,2): error C4996: 'scanf': This function or variable may be unsafe. Consider using scanf_s instead. To disable deprecation, use _CRT_SECURE_NO_WARNINGS. See online help for details.
C:\Users\Vincent\IdeaProjects\AlgorithmsInAction\CPPSolutions\CPPSolutions\Q860_染色法判定二分图.cpp(36,3): error C4996: 'scanf': This function or variable may be unsafe. Consider using scanf_s instead. To disable deprecation, use _CRT_SECURE_NO_WARNINGS. See online help for details.
  Q861_二分图的最大匹配.cpp
C:\Users\Vincent\IdeaProjects\AlgorithmsInAction\CPPSolutions\CPPSolutions\Q861_二分图的最大匹配.cpp(5,28): warning C4244: “初始化”: 从“double”转换到“int”，可能丢失数据
C:\Users\Vincent\IdeaProjects\AlgorithmsInAction\CPPSolutions\CPPSolutions\Q861_二分图的最大匹配.cpp(33,2): error C4996: 'scanf': This function or variable may be unsafe. Consider using scanf_s instead. To disable deprecation, use _CRT_SECURE_NO_WARNINGS. See online help for details.
C:\Users\Vincent\IdeaProjects\AlgorithmsInAction\CPPSolutions\CPPSolutions\Q861_二分图的最大匹配.cpp(37,3): error C4996: 'scanf': This function or variable may be unsafe. Consider using scanf_s instead. To disable deprecation, use _CRT_SECURE_NO_WARNINGS. See online help for details.
  Q895_最长上升子序列.cpp
C:\Users\Vincent\IdeaProjects\AlgorithmsInAction\CPPSolutions\CPPSolutions\Q895_最长上升子序列.cpp(4,19): warning C4244: “初始化”: 从“double”转换到“int”，可能丢失数据
C:\Users\Vincent\IdeaProjects\AlgorithmsInAction\CPPSolutions\CPPSolutions\Q895_最长上升子序列.cpp(9,5): error C4996: 'scanf': This function or variable may be unsafe. Consider using scanf_s instead. To disable deprecation, use _CRT_SECURE_NO_WARNINGS. See online help for details.
C:\Users\Vincent\IdeaProjects\AlgorithmsInAction\CPPSolutions\CPPSolutions\Q895_最长上升子序列.cpp(11,9): error C4996: 'scanf': This function or variable may be unsafe. Consider using scanf_s instead. To disable deprecation, use _CRT_SECURE_NO_WARNINGS. See online help for details.
  Q896_最长上升子序列II.cpp
C:\Users\Vincent\IdeaProjects\AlgorithmsInAction\CPPSolutions\CPPSolutions\Q896_最长上升子序列II.cpp(4,19): warning C4244: “初始化”: 从“double”转换到“int”，可能丢失数据
C:\Users\Vincent\IdeaProjects\AlgorithmsInAction\CPPSolutions\CPPSolutions\Q896_最长上升子序列II.cpp(9,2): error C4996: 'scanf': This function or variable may be unsafe. Consider using scanf_s instead. To disable deprecation, use _CRT_SECURE_NO_WARNINGS. See online help for details.
C:\Users\Vincent\IdeaProjects\AlgorithmsInAction\CPPSolutions\CPPSolutions\Q896_最长上升子序列II.cpp(11,3): error C4996: 'scanf': This function or variable may be unsafe. Consider using scanf_s instead. To disable deprecation, use _CRT_SECURE_NO_WARNINGS. See online help for details.
  Q897_最长公共子序列.cpp
C:\Users\Vincent\IdeaProjects\AlgorithmsInAction\CPPSolutions\CPPSolutions\Q897_最长公共子序列.cpp(4,19): warning C4244: “初始化”: 从“double”转换到“int”，可能丢失数据
C:\Users\Vincent\IdeaProjects\AlgorithmsInAction\CPPSolutions\CPPSolutions\Q897_最长公共子序列.cpp(10,2): error C4996: 'scanf': This function or variable may be unsafe. Consider using scanf_s instead. To disable deprecation, use _CRT_SECURE_NO_WARNINGS. See online help for details.
  正在生成代码...
  正在编译...
  Q898_数字三角形.cpp
C:\Users\Vincent\IdeaProjects\AlgorithmsInAction\CPPSolutions\CPPSolutions\Q898_数字三角形.cpp(4,19): warning C4244: “初始化”: 从“double”转换到“int”，可能丢失数据
C:\Users\Vincent\IdeaProjects\AlgorithmsInAction\CPPSolutions\CPPSolutions\Q898_数字三角形.cpp(5,17): warning C4244: “初始化”: 从“double”转换到“int”，可能丢失数据
C:\Users\Vincent\IdeaProjects\AlgorithmsInAction\CPPSolutions\CPPSolutions\Q898_数字三角形.cpp(10,2): error C4996: 'scanf': This function or variable may be unsafe. Consider using scanf_s instead. To disable deprecation, use _CRT_SECURE_NO_WARNINGS. See online help for details.
C:\Users\Vincent\IdeaProjects\AlgorithmsInAction\CPPSolutions\CPPSolutions\Q898_数字三角形.cpp(13,4): error C4996: 'scanf': This function or variable may be unsafe. Consider using scanf_s instead. To disable deprecation, use _CRT_SECURE_NO_WARNINGS. See online help for details.
  Q899_编辑距离.cpp
C:\Users\Vincent\IdeaProjects\AlgorithmsInAction\CPPSolutions\CPPSolutions\Q899_编辑距离.cpp(5,19): warning C4244: “初始化”: 从“double”转换到“int”，可能丢失数据
C:\Users\Vincent\IdeaProjects\AlgorithmsInAction\CPPSolutions\CPPSolutions\Q899_编辑距离.cpp(30,2): error C4996: 'scanf': This function or variable may be unsafe. Consider using scanf_s instead. To disable deprecation, use _CRT_SECURE_NO_WARNINGS. See online help for details.
C:\Users\Vincent\IdeaProjects\AlgorithmsInAction\CPPSolutions\CPPSolutions\Q899_编辑距离.cpp(32,3): error C4996: 'scanf': This function or variable may be unsafe. Consider using scanf_s instead. To disable deprecation, use _CRT_SECURE_NO_WARNINGS. See online help for details.
C:\Users\Vincent\IdeaProjects\AlgorithmsInAction\CPPSolutions\CPPSolutions\Q899_编辑距离.cpp(37,3): error C4996: 'scanf': This function or variable may be unsafe. Consider using scanf_s instead. To disable deprecation, use _CRT_SECURE_NO_WARNINGS. See online help for details.
  Q8_二维费用的背包问题.cpp
C:\Users\Vincent\IdeaProjects\AlgorithmsInAction\CPPSolutions\CPPSolutions\Q8_二维费用的背包问题.cpp(9,2): error C4996: 'scanf': This function or variable may be unsafe. Consider using scanf_s instead. To disable deprecation, use _CRT_SECURE_NO_WARNINGS. See online help for details.
C:\Users\Vincent\IdeaProjects\AlgorithmsInAction\CPPSolutions\CPPSolutions\Q8_二维费用的背包问题.cpp(12,3): error C4996: 'scanf': This function or variable may be unsafe. Consider using scanf_s instead. To disable deprecation, use _CRT_SECURE_NO_WARNINGS. See online help for details.
  Q900_整数划分.cpp
C:\Users\Vincent\IdeaProjects\AlgorithmsInAction\CPPSolutions\CPPSolutions\Q900_整数划分.cpp(4,19): warning C4244: “初始化”: 从“double”转换到“int”，可能丢失数据
C:\Users\Vincent\IdeaProjects\AlgorithmsInAction\CPPSolutions\CPPSolutions\Q900_整数划分.cpp(4,35): warning C4244: “初始化”: 从“double”转换到“int”，可能丢失数据
C:\Users\Vincent\IdeaProjects\AlgorithmsInAction\CPPSolutions\CPPSolutions\Q900_整数划分.cpp(9,2): error C4996: 'scanf': This function or variable may be unsafe. Consider using scanf_s instead. To disable deprecation, use _CRT_SECURE_NO_WARNINGS. See online help for details.
  Q902_最短编辑距离.cpp
C:\Users\Vincent\IdeaProjects\AlgorithmsInAction\CPPSolutions\CPPSolutions\Q902_最短编辑距离.cpp(4,19): warning C4244: “初始化”: 从“double”转换到“int”，可能丢失数据
C:\Users\Vincent\IdeaProjects\AlgorithmsInAction\CPPSolutions\CPPSolutions\Q902_最短编辑距离.cpp(10,2): error C4996: 'scanf': This function or variable may be unsafe. Consider using scanf_s instead. To disable deprecation, use _CRT_SECURE_NO_WARNINGS. See online help for details.
  Q903_昂贵的聘礼.cpp
C:\Users\Vincent\IdeaProjects\AlgorithmsInAction\CPPSolutions\CPPSolutions\Q903_昂贵的聘礼.cpp(6,28): warning C4244: “初始化”: 从“double”转换到“int”，可能丢失数据
C:\Users\Vincent\IdeaProjects\AlgorithmsInAction\CPPSolutions\CPPSolutions\Q903_昂贵的聘礼.cpp(40,2): error C4996: 'scanf': This function or variable may be unsafe. Consider using scanf_s instead. To disable deprecation, use _CRT_SECURE_NO_WARNINGS. See online help for details.
C:\Users\Vincent\IdeaProjects\AlgorithmsInAction\CPPSolutions\CPPSolutions\Q903_昂贵的聘礼.cpp(44,3): error C4996: 'scanf': This function or variable may be unsafe. Consider using scanf_s instead. To disable deprecation, use _CRT_SECURE_NO_WARNINGS. See online help for details.
C:\Users\Vincent\IdeaProjects\AlgorithmsInAction\CPPSolutions\CPPSolutions\Q903_昂贵的聘礼.cpp(48,4): error C4996: 'scanf': This function or variable may be unsafe. Consider using scanf_s instead. To disable deprecation, use _CRT_SECURE_NO_WARNINGS. See online help for details.
  Q903_昂贵的聘礼_2.cpp
C:\Users\Vincent\IdeaProjects\AlgorithmsInAction\CPPSolutions\CPPSolutions\Q903_昂贵的聘礼_2.cpp(33,2): error C4996: 'scanf': This function or variable may be unsafe. Consider using scanf_s instead. To disable deprecation, use _CRT_SECURE_NO_WARNINGS. See online help for details.
C:\Users\Vincent\IdeaProjects\AlgorithmsInAction\CPPSolutions\CPPSolutions\Q903_昂贵的聘礼_2.cpp(38,3): error C4996: 'scanf': This function or variable may be unsafe. Consider using scanf_s instead. To disable deprecation, use _CRT_SECURE_NO_WARNINGS. See online help for details.
C:\Users\Vincent\IdeaProjects\AlgorithmsInAction\CPPSolutions\CPPSolutions\Q903_昂贵的聘礼_2.cpp(42,4): error C4996: 'scanf': This function or variable may be unsafe. Consider using scanf_s instead. To disable deprecation, use _CRT_SECURE_NO_WARNINGS. See online help for details.
  Q920_最优乘车.cpp
C:\Users\Vincent\IdeaProjects\AlgorithmsInAction\CPPSolutions\CPPSolutions\Q920_最优乘车.cpp(32,2): error C4996: 'scanf': This function or variable may be unsafe. Consider using scanf_s instead. To disable deprecation, use _CRT_SECURE_NO_WARNINGS. See online help for details.
  Q9_分组背包问题.cpp
C:\Users\Vincent\IdeaProjects\AlgorithmsInAction\CPPSolutions\CPPSolutions\Q9_分组背包问题.cpp(10,2): error C4996: 'scanf': This function or variable may be unsafe. Consider using scanf_s instead. To disable deprecation, use _CRT_SECURE_NO_WARNINGS. See online help for details.
C:\Users\Vincent\IdeaProjects\AlgorithmsInAction\CPPSolutions\CPPSolutions\Q9_分组背包问题.cpp(13,3): error C4996: 'scanf': This function or variable may be unsafe. Consider using scanf_s instead. To disable deprecation, use _CRT_SECURE_NO_WARNINGS. See online help for details.
C:\Users\Vincent\IdeaProjects\AlgorithmsInAction\CPPSolutions\CPPSolutions\Q9_分组背包问题.cpp(14,32): error C4996: 'scanf': This function or variable may be unsafe. Consider using scanf_s instead. To disable deprecation, use _CRT_SECURE_NO_WARNINGS. See online help for details.
  正在生成代码...
