low-day10.obj : error LNK2005: _main 已经在 low-day1.obj 中定义
low-day11.obj : error LNK2005: _main 已经在 low-day1.obj 中定义
low-day12.obj : error LNK2005: _main 已经在 low-day1.obj 中定义
low-day2.obj : error LNK2005: _main 已经在 low-day1.obj 中定义
low-day3.obj : error LNK2005: _main 已经在 low-day1.obj 中定义
low-day4.obj : error LNK2005: _main 已经在 low-day1.obj 中定义
low-day5.obj : error LNK2005: _main 已经在 low-day1.obj 中定义
low-day7-2.obj : error LNK2005: _main 已经在 low-day1.obj 中定义
low-day7.obj : error LNK2005: _main 已经在 low-day1.obj 中定义
low-day6.obj : error LNK2005: _main 已经在 low-day1.obj 中定义
low-day8.obj : error LNK2005: _main 已经在 low-day1.obj 中定义
low-day9.obj : error LNK2005: _main 已经在 low-day1.obj 中定义
mid-day1.obj : error LNK2005: _main 已经在 low-day1.obj 中定义
mid-day2.obj : error LNK2005: _main 已经在 low-day1.obj 中定义
mid-day3.obj : error LNK2005: _main 已经在 low-day1.obj 中定义
mid-day4.obj : error LNK2005: _main 已经在 low-day1.obj 中定义
mid-day5.obj : error LNK2005: "struct LNode * __cdecl List_TailInsert(struct LNode * &)" (?List_TailInsert@@YAPAULNode@@AAPAU1@@Z) 已经在 mid-day4.obj 中定义
mid-day5.obj : error LNK2005: "void __cdecl PrintList(struct LNode *)" (?PrintList@@YAXPAULNode@@@Z) 已经在 mid-day4.obj 中定义
mid-day5.obj : error LNK2005: _main 已经在 low-day1.obj 中定义
mid-day6.obj : error LNK2005: _main 已经在 low-day1.obj 中定义
C:\Users\Vincent\IdeaProjects\AlgorithmsInAction\WangdaoOj\Debug\WangdaoOj.exe : fatal error LNK1169: 找到一个或多个多重定义的符号
