c:\users\vincent\source\repos\wangdaooj\wangdaooj\debug\vc142.pdb
c:\users\vincent\source\repos\wangdaooj\wangdaooj\debug\vc142.idb
c:\users\vincent\source\repos\wangdaooj\wangdaooj\debug\mid-day1.obj
c:\users\vincent\source\repos\wangdaooj\wangdaooj\debug\mid-day3.obj
c:\users\vincent\source\repos\wangdaooj\wangdaooj\debug\mid-day2.obj
c:\users\vincent\source\repos\wangdaooj\wangdaooj\debug\low-day2.obj
c:\users\vincent\source\repos\wangdaooj\wangdaooj\debug\low-day1.obj
c:\users\vincent\source\repos\wangdaooj\wangdaooj\debug\low-day3.obj
c:\users\vincent\source\repos\wangdaooj\wangdaooj\debug\low-day4.obj
c:\users\vincent\source\repos\wangdaooj\wangdaooj\debug\low-day5.obj
c:\users\vincent\source\repos\wangdaooj\wangdaooj\debug\low-day6.obj
c:\users\vincent\source\repos\wangdaooj\wangdaooj\debug\low-day7.obj
c:\users\vincent\source\repos\wangdaooj\wangdaooj\debug\low-day7-2.obj
c:\users\vincent\source\repos\wangdaooj\wangdaooj\debug\low-day8.obj
c:\users\vincent\source\repos\wangdaooj\wangdaooj\debug\low-day9.obj
c:\users\vincent\source\repos\wangdaooj\wangdaooj\debug\low-day11.obj
c:\users\vincent\source\repos\wangdaooj\wangdaooj\debug\low-day10.obj
c:\users\vincent\source\repos\wangdaooj\wangdaooj\debug\low-day12.obj
c:\users\vincent\source\repos\wangdaooj\wangdaooj\debug\mid-day4.obj
c:\users\vincent\source\repos\wangdaooj\wangdaooj\debug\mid-day5.obj
c:\users\vincent\ideaprojects\algorithmsinaction\wangdaooj\wangdaooj\debug\vc142.pdb
c:\users\vincent\ideaprojects\algorithmsinaction\wangdaooj\wangdaooj\debug\vc142.idb
c:\users\vincent\ideaprojects\algorithmsinaction\wangdaooj\wangdaooj\debug\mid-day1.obj
c:\users\vincent\ideaprojects\algorithmsinaction\wangdaooj\wangdaooj\debug\low-day9.obj
c:\users\vincent\ideaprojects\algorithmsinaction\wangdaooj\wangdaooj\debug\low-day8.obj
c:\users\vincent\ideaprojects\algorithmsinaction\wangdaooj\wangdaooj\debug\low-day6.obj
c:\users\vincent\ideaprojects\algorithmsinaction\wangdaooj\wangdaooj\debug\low-day7.obj
c:\users\vincent\ideaprojects\algorithmsinaction\wangdaooj\wangdaooj\debug\low-day7-2.obj
c:\users\vincent\ideaprojects\algorithmsinaction\wangdaooj\wangdaooj\debug\low-day5.obj
c:\users\vincent\ideaprojects\algorithmsinaction\wangdaooj\wangdaooj\debug\low-day4.obj
c:\users\vincent\ideaprojects\algorithmsinaction\wangdaooj\wangdaooj\debug\low-day3.obj
c:\users\vincent\ideaprojects\algorithmsinaction\wangdaooj\wangdaooj\debug\low-day2.obj
c:\users\vincent\ideaprojects\algorithmsinaction\wangdaooj\wangdaooj\debug\low-day12.obj
c:\users\vincent\ideaprojects\algorithmsinaction\wangdaooj\wangdaooj\debug\low-day11.obj
c:\users\vincent\ideaprojects\algorithmsinaction\wangdaooj\wangdaooj\debug\low-day10.obj
c:\users\vincent\ideaprojects\algorithmsinaction\wangdaooj\wangdaooj\debug\low-day1.obj
c:\users\vincent\ideaprojects\algorithmsinaction\wangdaooj\wangdaooj\debug\mid-day5.obj
c:\users\vincent\ideaprojects\algorithmsinaction\wangdaooj\wangdaooj\debug\mid-day4.obj
c:\users\vincent\ideaprojects\algorithmsinaction\wangdaooj\wangdaooj\debug\mid-day3.obj
c:\users\vincent\ideaprojects\algorithmsinaction\wangdaooj\wangdaooj\debug\mid-day2.obj
c:\users\vincent\ideaprojects\algorithmsinaction\wangdaooj\wangdaooj\debug\mid-day6.obj
c:\users\vincent\ideaprojects\algorithmsinaction\wangdaooj\wangdaooj\debug\mid-day9.obj
c:\users\vincent\source\repos\wangdaooj\debug\wangdaooj.exe
c:\users\vincent\source\repos\wangdaooj\wangdaooj\debug\wangdaooj.ilk
c:\users\vincent\source\repos\wangdaooj\debug\wangdaooj.pdb
c:\users\vincent\ideaprojects\algorithmsinaction\wangdaooj\wangdaooj\debug\wangdaooj.ilk
c:\users\vincent\ideaprojects\algorithmsinaction\wangdaooj\debug\wangdaooj.exe
c:\users\vincent\ideaprojects\algorithmsinaction\wangdaooj\debug\wangdaooj.pdb
c:\users\vincent\ideaprojects\algorithmsinaction\wangdaooj\wangdaooj\debug\wangdaooj.obj
c:\users\vincent\ideaprojects\algorithmsinaction\wangdaooj\wangdaooj\debug\mid-day2.obj.enc
c:\users\vincent\ideaprojects\algorithmsinaction\wangdaooj\debug\wangdaooj.ilk
c:\users\vincent\ideaprojects\algorithmsinaction\wangdaooj\wangdaooj\debug\wangdaooj.tlog\cl.command.1.tlog
c:\users\vincent\ideaprojects\algorithmsinaction\wangdaooj\wangdaooj\debug\wangdaooj.tlog\cl.read.1.tlog
c:\users\vincent\ideaprojects\algorithmsinaction\wangdaooj\wangdaooj\debug\wangdaooj.tlog\cl.write.1.tlog
c:\users\vincent\ideaprojects\algorithmsinaction\wangdaooj\wangdaooj\debug\wangdaooj.tlog\link.command.1.tlog
c:\users\vincent\ideaprojects\algorithmsinaction\wangdaooj\wangdaooj\debug\wangdaooj.tlog\link.read.1.tlog
c:\users\vincent\ideaprojects\algorithmsinaction\wangdaooj\wangdaooj\debug\wangdaooj.tlog\link.write.1.tlog
