  M1261_在受污染的二叉树中查找元素.cpp
D:\Documents\IdeaProjects\AlgorithmsInAction\CPPSolutions\CPPSolutions\M1261_在受污染的二叉树中查找元素.cpp(10,18): error C2061: 语法错误: 标识符“TreeNode”
D:\Documents\IdeaProjects\AlgorithmsInAction\CPPSolutions\CPPSolutions\M1261_在受污染的二叉树中查找元素.cpp(14,14): error C2061: 语法错误: 标识符“TreeNode”
D:\Documents\IdeaProjects\AlgorithmsInAction\CPPSolutions\CPPSolutions\M1261_在受污染的二叉树中查找元素.cpp(11,13): error C2065: “root”: 未声明的标识符
D:\Documents\IdeaProjects\AlgorithmsInAction\CPPSolutions\CPPSolutions\M1261_在受污染的二叉树中查找元素.cpp(15,13): error C2065: “root”: 未声明的标识符
D:\Documents\IdeaProjects\AlgorithmsInAction\CPPSolutions\CPPSolutions\M1261_在受污染的二叉树中查找元素.cpp(18,9): error C2065: “root”: 未声明的标识符
D:\Documents\IdeaProjects\AlgorithmsInAction\CPPSolutions\CPPSolutions\M1261_在受污染的二叉树中查找元素.cpp(18,21): error C2065: “x”: 未声明的标识符
D:\Documents\IdeaProjects\AlgorithmsInAction\CPPSolutions\CPPSolutions\M1261_在受污染的二叉树中查找元素.cpp(19,20): error C2065: “root”: 未声明的标识符
D:\Documents\IdeaProjects\AlgorithmsInAction\CPPSolutions\CPPSolutions\M1261_在受污染的二叉树中查找元素.cpp(20,13): error C2065: “root”: 未声明的标识符
D:\Documents\IdeaProjects\AlgorithmsInAction\CPPSolutions\CPPSolutions\M1261_在受污染的二叉树中查找元素.cpp(20,29): error C2065: “x”: 未声明的标识符
D:\Documents\IdeaProjects\AlgorithmsInAction\CPPSolutions\CPPSolutions\M1261_在受污染的二叉树中查找元素.cpp(20,1): error C2660: “FindElements::dfs”: 函数不接受 1 个参数
D:\Documents\IdeaProjects\AlgorithmsInAction\CPPSolutions\CPPSolutions\M1261_在受污染的二叉树中查找元素.cpp(14,10): message : 参见“FindElements::dfs”的声明
D:\Documents\IdeaProjects\AlgorithmsInAction\CPPSolutions\CPPSolutions\M1261_在受污染的二叉树中查找元素.cpp(21,13): error C2065: “root”: 未声明的标识符
D:\Documents\IdeaProjects\AlgorithmsInAction\CPPSolutions\CPPSolutions\M1261_在受污染的二叉树中查找元素.cpp(21,30): error C2065: “x”: 未声明的标识符
D:\Documents\IdeaProjects\AlgorithmsInAction\CPPSolutions\CPPSolutions\M1261_在受污染的二叉树中查找元素.cpp(21,1): error C2660: “FindElements::dfs”: 函数不接受 1 个参数
D:\Documents\IdeaProjects\AlgorithmsInAction\CPPSolutions\CPPSolutions\M1261_在受污染的二叉树中查找元素.cpp(14,10): message : 参见“FindElements::dfs”的声明
  M1281_整数的各位积和之差.cpp
  M1333_餐厅过滤器.cpp
  M1376_通知所有员工所需的时间.cpp
  M15_三数之和.cpp
D:\Documents\IdeaProjects\AlgorithmsInAction\CPPSolutions\CPPSolutions\M15_三数之和.cpp(8,1): warning C4267: “初始化”: 从“size_t”转换到“int”，可能丢失数据
  M1670_设计前中后队列.cpp
  M16_最接近的三数之和.cpp
D:\Documents\IdeaProjects\AlgorithmsInAction\CPPSolutions\CPPSolutions\M16_最接近的三数之和.cpp(9,1): warning C4267: “初始化”: 从“size_t”转换到“int”，可能丢失数据
  M1749_任意子数组和的绝对值的最大值.cpp
  M1_两数之和.cpp
D:\Documents\IdeaProjects\AlgorithmsInAction\CPPSolutions\CPPSolutions\M1_两数之和.cpp(9,1): warning C4267: “初始化”: 从“size_t”转换到“int”，可能丢失数据
  M2208_将数组和减半的最少操作次数.cpp
  M2316_统计无向图中无法互相到达点对数.cpp
  M2337_移动片段得到字符串.cpp
D:\Documents\IdeaProjects\AlgorithmsInAction\CPPSolutions\CPPSolutions\M2337_移动片段得到字符串.cpp(8,1): warning C4267: “初始化”: 从“size_t”转换到“int”，可能丢失数据
  M2363_合并相似的物品.cpp
D:\Documents\IdeaProjects\AlgorithmsInAction\CPPSolutions\CPPSolutions\M2363_合并相似的物品.cpp(12,1): warning C4267: “初始化”: 从“size_t”转换到“int”，可能丢失数据
  M2369_检查数组是否存在有效划分.cpp
D:\Documents\IdeaProjects\AlgorithmsInAction\CPPSolutions\CPPSolutions\M2369_检查数组是否存在有效划分.cpp(5,19): warning C4244: “初始化”: 从“double”转换到“int”，可能丢失数据
D:\Documents\IdeaProjects\AlgorithmsInAction\CPPSolutions\CPPSolutions\M2369_检查数组是否存在有效划分.cpp(14,1): warning C4267: “初始化”: 从“size_t”转换到“int”，可能丢失数据
  M24_两两交换链表中的节点.cpp
  M2575_找出字符串的可整除数组.cpp
  M2679_矩阵中的和.cpp
D:\Documents\IdeaProjects\AlgorithmsInAction\CPPSolutions\CPPSolutions\M2679_矩阵中的和.cpp(8,1): warning C4267: “初始化”: 从“size_t”转换到“int”，可能丢失数据
  M2682_找出转圈游戏输家.cpp
  M2789_合并后数组中的最大元素.cpp
D:\Documents\IdeaProjects\AlgorithmsInAction\CPPSolutions\CPPSolutions\M2789_合并后数组中的最大元素.cpp(10,1): warning C4267: “初始化”: 从“size_t”转换到“int”，可能丢失数据
  M2864_最大二进制奇数.cpp
D:\Documents\IdeaProjects\AlgorithmsInAction\CPPSolutions\CPPSolutions\M2864_最大二进制奇数.cpp(8,1): warning C4267: “初始化”: 从“size_t”转换到“int”，可能丢失数据
D:\Documents\IdeaProjects\AlgorithmsInAction\CPPSolutions\CPPSolutions\M2864_最大二进制奇数.cpp(8,33): warning C4244: “初始化”: 从“__int64”转换到“int”，可能丢失数据
  正在生成代码...
  正在编译...
  M2917_找出数组中的K_or值.cpp
  M2_两数相加.cpp
  M303_区域和检索_数组不可变.cpp
D:\Documents\IdeaProjects\AlgorithmsInAction\CPPSolutions\CPPSolutions\M303_区域和检索_数组不可变.cpp(10,1): warning C4267: “初始化”: 从“size_t”转换到“int”，可能丢失数据
  M42_接雨水.cpp
D:\Documents\IdeaProjects\AlgorithmsInAction\CPPSolutions\CPPSolutions\M42_接雨水.cpp(8,1): warning C4267: “初始化”: 从“size_t”转换到“int”，可能丢失数据
  M771_宝石与石头.cpp
  Q1004_最大连续1的个数III.cpp
D:\Documents\IdeaProjects\AlgorithmsInAction\CPPSolutions\CPPSolutions\Q1004_最大连续1的个数III.cpp(5,19): warning C4244: “初始化”: 从“double”转换到“int”，可能丢失数据
D:\Documents\IdeaProjects\AlgorithmsInAction\CPPSolutions\CPPSolutions\Q1004_最大连续1的个数III.cpp(11,1): warning C4267: “初始化”: 从“size_t”转换到“int”，可能丢失数据
D:\Documents\IdeaProjects\AlgorithmsInAction\CPPSolutions\CPPSolutions\Q1004_最大连续1的个数III.cpp(31,1): warning C4267: “初始化”: 从“size_t”转换到“int”，可能丢失数据
  Q1438_绝对差不超过限制的最长连续子数组.cpp
D:\Documents\IdeaProjects\AlgorithmsInAction\CPPSolutions\CPPSolutions\Q1438_绝对差不超过限制的最长连续子数组.cpp(8,1): warning C4267: “初始化”: 从“size_t”转换到“int”，可能丢失数据
  Q1658_将x减到0的最小操作数.cpp
D:\Documents\IdeaProjects\AlgorithmsInAction\CPPSolutions\CPPSolutions\Q1658_将x减到0的最小操作数.cpp(9,1): warning C4267: “初始化”: 从“size_t”转换到“int”，可能丢失数据
  Q21_合并两个有序链表.cpp
  Q239_滑动窗口最大值.cpp
D:\Documents\IdeaProjects\AlgorithmsInAction\CPPSolutions\CPPSolutions\Q239_滑动窗口最大值.cpp(8,1): warning C4267: “初始化”: 从“size_t”转换到“int”，可能丢失数据
  Q291_蒙德里安的梦想.cpp
  1097. 池塘计数.cpp
D:\Documents\IdeaProjects\AlgorithmsInAction\CPPSolutions\CPPSolutions\1097. 池塘计数.cpp(34,2): error C4996: 'scanf': This function or variable may be unsafe. Consider using scanf_s instead. To disable deprecation, use _CRT_SECURE_NO_WARNINGS. See online help for details.
D:\Documents\IdeaProjects\AlgorithmsInAction\CPPSolutions\CPPSolutions\1097. 池塘计数.cpp(35,30): error C4996: 'scanf': This function or variable may be unsafe. Consider using scanf_s instead. To disable deprecation, use _CRT_SECURE_NO_WARNINGS. See online help for details.
  Q33_搜索旋转排序数组.cpp
D:\Documents\IdeaProjects\AlgorithmsInAction\CPPSolutions\CPPSolutions\Q33_搜索旋转排序数组.cpp(9,1): warning C4267: “初始化”: 从“size_t”转换到“int”，可能丢失数据
D:\Documents\IdeaProjects\AlgorithmsInAction\CPPSolutions\CPPSolutions\Q33_搜索旋转排序数组.cpp(38,1): warning C4267: “初始化”: 从“size_t”转换到“int”，可能丢失数据
  ListNode.h
  M1235_规划兼职工作.cpp
D:\Documents\IdeaProjects\AlgorithmsInAction\CPPSolutions\CPPSolutions\M1235_规划兼职工作.cpp(12,1): warning C4267: “初始化”: 从“size_t”转换到“int”，可能丢失数据
D:\Documents\IdeaProjects\AlgorithmsInAction\CPPSolutions\CPPSolutions\M1235_规划兼职工作.cpp(21,22): warning C4244: “初始化”: 从“__int64”转换到“int”，可能丢失数据
  M1441_用栈操作构建数组.cpp
D:\Documents\IdeaProjects\AlgorithmsInAction\CPPSolutions\CPPSolutions\M1441_用栈操作构建数组.cpp(11,1): warning C4267: “初始化”: 从“size_t”转换到“int”，可能丢失数据
D:\Documents\IdeaProjects\AlgorithmsInAction\CPPSolutions\CPPSolutions\M1441_用栈操作构建数组.cpp(29,1): warning C4267: “初始化”: 从“size_t”转换到“int”，可能丢失数据
  M1470_重新排列数组.cpp
  M1662_检查两个字符串数组是否相等.cpp
D:\Documents\IdeaProjects\AlgorithmsInAction\CPPSolutions\CPPSolutions\M1662_检查两个字符串数组是否相等.cpp(20,1): warning C4267: “初始化”: 从“size_t”转换到“int”，可能丢失数据
  M1678_设计Goal解析器.cpp
  M1700_无法吃午餐的学生数量.cpp
D:\Documents\IdeaProjects\AlgorithmsInAction\CPPSolutions\CPPSolutions\M1700_无法吃午餐的学生数量.cpp(9,1): warning C4267: “初始化”: 从“size_t”转换到“int”，可能丢失数据
  正在生成代码...
  正在编译...
  M1704_判断字符串的两半是否相似.cpp
D:\Documents\IdeaProjects\AlgorithmsInAction\CPPSolutions\CPPSolutions\M1704_判断字符串的两半是否相似.cpp(11,1): warning C4267: “初始化”: 从“size_t”转换到“int”，可能丢失数据
  M1710_卡车上的最大单元数.cpp
  M1732_找到最高海拔.cpp
D:\Documents\IdeaProjects\AlgorithmsInAction\CPPSolutions\CPPSolutions\M1732_找到最高海拔.cpp(8,1): warning C4267: “初始化”: 从“size_t”转换到“int”，可能丢失数据
  M1752_检查数组是否经排序和轮转得到.cpp
D:\Documents\IdeaProjects\AlgorithmsInAction\CPPSolutions\CPPSolutions\M1752_检查数组是否经排序和轮转得到.cpp(8,1): warning C4267: “初始化”: 从“size_t”转换到“int”，可能丢失数据
  M1768_交替合并字符串.cpp
D:\Documents\IdeaProjects\AlgorithmsInAction\CPPSolutions\CPPSolutions\M1768_交替合并字符串.cpp(8,1): warning C4267: “初始化”: 从“size_t”转换到“int”，可能丢失数据
  M1773_统计匹配检索规则的物品数量.cpp
  M1790_仅执行一次字符串交换能否使两个字符串相等.cpp
D:\Documents\IdeaProjects\AlgorithmsInAction\CPPSolutions\CPPSolutions\M1790_仅执行一次字符串交换能否使两个字符串相等.cpp(10,1): warning C4267: “初始化”: 从“size_t”转换到“int”，可能丢失数据
D:\Documents\IdeaProjects\AlgorithmsInAction\CPPSolutions\CPPSolutions\M1790_仅执行一次字符串交换能否使两个字符串相等.cpp(27,1): warning C4267: “初始化”: 从“size_t”转换到“int”，可能丢失数据
  M1快速排序.h
  M2归并排序.h
D:\Documents\IdeaProjects\AlgorithmsInAction\CPPSolutions\CPPSolutions\M2归并排序.h(5,20): warning C4244: “初始化”: 从“double”转换到“int”，可能丢失数据
  M386_字典序排数.cpp
  M388_文件的最长绝对路径.cpp
D:\Documents\IdeaProjects\AlgorithmsInAction\CPPSolutions\CPPSolutions\M388_文件的最长绝对路径.cpp(11,1): warning C4267: “初始化”: 从“size_t”转换到“int”，可能丢失数据
  M396_旋转函数.cpp
D:\Documents\IdeaProjects\AlgorithmsInAction\CPPSolutions\CPPSolutions\M396_旋转函数.cpp(7,1): warning C4267: “初始化”: 从“size_t”转换到“int”，可能丢失数据
  M417_太平洋大西洋水流问题.cpp
D:\Documents\IdeaProjects\AlgorithmsInAction\CPPSolutions\CPPSolutions\M417_太平洋大西洋水流问题.cpp(28,1): warning C4267: “=”: 从“size_t”转换到“int”，可能丢失数据
D:\Documents\IdeaProjects\AlgorithmsInAction\CPPSolutions\CPPSolutions\M417_太平洋大西洋水流问题.cpp(29,1): warning C4267: “=”: 从“size_t”转换到“int”，可能丢失数据
  M481_神奇字符串.cpp
  M769_最多能完成排序的块.cpp
D:\Documents\IdeaProjects\AlgorithmsInAction\CPPSolutions\CPPSolutions\M769_最多能完成排序的块.cpp(9,1): warning C4267: “初始化”: 从“size_t”转换到“int”，可能丢失数据
  M779_第K个语法符号.cpp
D:\Documents\IdeaProjects\AlgorithmsInAction\CPPSolutions\CPPSolutions\M779_第K个语法符号.cpp(20,34): error C2535: “int Solution::kthGrammar(int,int)”: 已经定义或声明成员函数
D:\Documents\IdeaProjects\AlgorithmsInAction\CPPSolutions\CPPSolutions\M779_第K个语法符号.cpp(8): message : 参见“Solution::kthGrammar”的声明
D:\Documents\IdeaProjects\AlgorithmsInAction\CPPSolutions\CPPSolutions\M779_第K个语法符号.cpp(21,16): error C3861: “__builtin_popcount”: 找不到标识符
  M784_字母大小写全排列.cpp
  M790_多米诺和托米诺平铺.cpp
D:\Documents\IdeaProjects\AlgorithmsInAction\CPPSolutions\CPPSolutions\M790_多米诺和托米诺平铺.cpp(9,24): warning C4244: “初始化”: 从“double”转换到“const LL”，可能丢失数据
D:\Documents\IdeaProjects\AlgorithmsInAction\CPPSolutions\CPPSolutions\M790_多米诺和托米诺平铺.cpp(22,22): warning C4244: “return”: 从“_Ty”转换到“int”，可能丢失数据
          with
          [
              _Ty=LL
          ]
  M791_自定义字符串排序.cpp
  M792_匹配子序列的单词数.cpp
D:\Documents\IdeaProjects\AlgorithmsInAction\CPPSolutions\CPPSolutions\M792_匹配子序列的单词数.cpp(15,23): warning C4244: “初始化”: 从“__int64”转换到“int”，可能丢失数据
  正在生成代码...
  正在编译...
  M801_使序列递增的最小交换次数.cpp
D:\Documents\IdeaProjects\AlgorithmsInAction\CPPSolutions\CPPSolutions\M801_使序列递增的最小交换次数.cpp(6,19): warning C4244: “初始化”: 从“double”转换到“int”，可能丢失数据
D:\Documents\IdeaProjects\AlgorithmsInAction\CPPSolutions\CPPSolutions\M801_使序列递增的最小交换次数.cpp(13,1): warning C4267: “初始化”: 从“size_t”转换到“int”，可能丢失数据
D:\Documents\IdeaProjects\AlgorithmsInAction\CPPSolutions\CPPSolutions\M801_使序列递增的最小交换次数.cpp(31,1): warning C4267: “初始化”: 从“size_t”转换到“int”，可能丢失数据
  M816_模糊坐标.cpp
D:\Documents\IdeaProjects\AlgorithmsInAction\CPPSolutions\CPPSolutions\M816_模糊坐标.cpp(10,1): warning C4267: “初始化”: 从“size_t”转换到“int”，可能丢失数据
D:\Documents\IdeaProjects\AlgorithmsInAction\CPPSolutions\CPPSolutions\M816_模糊坐标.cpp(25,1): warning C4267: “初始化”: 从“size_t”转换到“int”，可能丢失数据
  M817_链表组件.cpp
  M821_字符的最短距离.cpp
D:\Documents\IdeaProjects\AlgorithmsInAction\CPPSolutions\CPPSolutions\M821_字符的最短距离.cpp(9,1): warning C4267: “初始化”: 从“size_t”转换到“int”，可能丢失数据
D:\Documents\IdeaProjects\AlgorithmsInAction\CPPSolutions\CPPSolutions\M821_字符的最短距离.cpp(37,1): warning C4267: “初始化”: 从“size_t”转换到“int”，可能丢失数据
  M862_和至少为K的最短子数组.cpp
D:\Documents\IdeaProjects\AlgorithmsInAction\CPPSolutions\CPPSolutions\M862_和至少为K的最短子数组.cpp(8,1): warning C4267: “初始化”: 从“size_t”转换到“int”，可能丢失数据
  M883_三维形体投影面积.cpp
  M886_可能的二分法.cpp
  M891_子序列宽度之和.cpp
D:\Documents\IdeaProjects\AlgorithmsInAction\CPPSolutions\CPPSolutions\M891_子序列宽度之和.cpp(7,33): warning C4244: “初始化”: 从“double”转换到“int”，可能丢失数据
D:\Documents\IdeaProjects\AlgorithmsInAction\CPPSolutions\CPPSolutions\M891_子序列宽度之和.cpp(13,1): warning C4267: “初始化”: 从“size_t”转换到“int”，可能丢失数据
  M901_股票价格跨度.cpp
  M904_水果成篮.cpp
D:\Documents\IdeaProjects\AlgorithmsInAction\CPPSolutions\CPPSolutions\M904_水果成篮.cpp(11,1): warning C4267: “初始化”: 从“size_t”转换到“int”，可能丢失数据
  M905_按奇偶排序数组.cpp
D:\Documents\IdeaProjects\AlgorithmsInAction\CPPSolutions\CPPSolutions\M905_按奇偶排序数组.cpp(7,1): warning C4267: “初始化”: 从“size_t”转换到“int”，可能丢失数据
  M907_子数组的最小值之和.cpp
D:\Documents\IdeaProjects\AlgorithmsInAction\CPPSolutions\CPPSolutions\M907_子数组的最小值之和.cpp(5,21): warning C4244: “初始化”: 从“double”转换到“int”，可能丢失数据
D:\Documents\IdeaProjects\AlgorithmsInAction\CPPSolutions\CPPSolutions\M907_子数组的最小值之和.cpp(10,1): warning C4267: “初始化”: 从“size_t”转换到“int”，可能丢失数据
  M908_最小差值I.cpp
  M915_分割数组.cpp
D:\Documents\IdeaProjects\AlgorithmsInAction\CPPSolutions\CPPSolutions\M915_分割数组.cpp(12,1): warning C4267: “初始化”: 从“size_t”转换到“int”，可能丢失数据
D:\Documents\IdeaProjects\AlgorithmsInAction\CPPSolutions\CPPSolutions\M915_分割数组.cpp(25,1): warning C4267: “初始化”: 从“size_t”转换到“int”，可能丢失数据
  Q1010_拦截导弹.cpp
  Q1012_友好城市.cpp
D:\Documents\IdeaProjects\AlgorithmsInAction\CPPSolutions\CPPSolutions\Q1012_友好城市.cpp(14,2): error C4996: 'scanf': This function or variable may be unsafe. Consider using scanf_s instead. To disable deprecation, use _CRT_SECURE_NO_WARNINGS. See online help for details.
D:\Documents\IdeaProjects\AlgorithmsInAction\CPPSolutions\CPPSolutions\Q1012_友好城市.cpp(15,31): error C4996: 'scanf': This function or variable may be unsafe. Consider using scanf_s instead. To disable deprecation, use _CRT_SECURE_NO_WARNINGS. See online help for details.
  Q1013_机器分配.cpp
D:\Documents\IdeaProjects\AlgorithmsInAction\CPPSolutions\CPPSolutions\Q1013_机器分配.cpp(9,2): error C4996: 'scanf': This function or variable may be unsafe. Consider using scanf_s instead. To disable deprecation, use _CRT_SECURE_NO_WARNINGS. See online help for details.
D:\Documents\IdeaProjects\AlgorithmsInAction\CPPSolutions\CPPSolutions\Q1013_机器分配.cpp(12,4): error C4996: 'scanf': This function or variable may be unsafe. Consider using scanf_s instead. To disable deprecation, use _CRT_SECURE_NO_WARNINGS. See online help for details.
  Q1014_登山.cpp
D:\Documents\IdeaProjects\AlgorithmsInAction\CPPSolutions\CPPSolutions\Q1014_登山.cpp(4,19): warning C4244: “初始化”: 从“double”转换到“int”，可能丢失数据
D:\Documents\IdeaProjects\AlgorithmsInAction\CPPSolutions\CPPSolutions\Q1014_登山.cpp(9,2): error C4996: 'scanf': This function or variable may be unsafe. Consider using scanf_s instead. To disable deprecation, use _CRT_SECURE_NO_WARNINGS. See online help for details.
D:\Documents\IdeaProjects\AlgorithmsInAction\CPPSolutions\CPPSolutions\Q1014_登山.cpp(10,31): error C4996: 'scanf': This function or variable may be unsafe. Consider using scanf_s instead. To disable deprecation, use _CRT_SECURE_NO_WARNINGS. See online help for details.
  Q1015_摘花生.cpp
D:\Documents\IdeaProjects\AlgorithmsInAction\CPPSolutions\CPPSolutions\Q1015_摘花生.cpp(9,2): error C4996: 'scanf': This function or variable may be unsafe. Consider using scanf_s instead. To disable deprecation, use _CRT_SECURE_NO_WARNINGS. See online help for details.
D:\Documents\IdeaProjects\AlgorithmsInAction\CPPSolutions\CPPSolutions\Q1015_摘花生.cpp(12,3): error C4996: 'scanf': This function or variable may be unsafe. Consider using scanf_s instead. To disable deprecation, use _CRT_SECURE_NO_WARNINGS. See online help for details.
D:\Documents\IdeaProjects\AlgorithmsInAction\CPPSolutions\CPPSolutions\Q1015_摘花生.cpp(16,5): error C4996: 'scanf': This function or variable may be unsafe. Consider using scanf_s instead. To disable deprecation, use _CRT_SECURE_NO_WARNINGS. See online help for details.
  Q1016_最大上升子序列和.cpp
D:\Documents\IdeaProjects\AlgorithmsInAction\CPPSolutions\CPPSolutions\Q1016_最大上升子序列和.cpp(9,2): error C4996: 'scanf': This function or variable may be unsafe. Consider using scanf_s instead. To disable deprecation, use _CRT_SECURE_NO_WARNINGS. See online help for details.
D:\Documents\IdeaProjects\AlgorithmsInAction\CPPSolutions\CPPSolutions\Q1016_最大上升子序列和.cpp(10,31): error C4996: 'scanf': This function or variable may be unsafe. Consider using scanf_s instead. To disable deprecation, use _CRT_SECURE_NO_WARNINGS. See online help for details.
  正在生成代码...
  正在编译...
  Q1017_怪盗基德的滑翔翼.cpp
D:\Documents\IdeaProjects\AlgorithmsInAction\CPPSolutions\CPPSolutions\Q1017_怪盗基德的滑翔翼.cpp(9,2): error C4996: 'scanf': This function or variable may be unsafe. Consider using scanf_s instead. To disable deprecation, use _CRT_SECURE_NO_WARNINGS. See online help for details.
D:\Documents\IdeaProjects\AlgorithmsInAction\CPPSolutions\CPPSolutions\Q1017_怪盗基德的滑翔翼.cpp(11,3): error C4996: 'scanf': This function or variable may be unsafe. Consider using scanf_s instead. To disable deprecation, use _CRT_SECURE_NO_WARNINGS. See online help for details.
D:\Documents\IdeaProjects\AlgorithmsInAction\CPPSolutions\CPPSolutions\Q1017_怪盗基德的滑翔翼.cpp(12,32): error C4996: 'scanf': This function or variable may be unsafe. Consider using scanf_s instead. To disable deprecation, use _CRT_SECURE_NO_WARNINGS. See online help for details.
  Q1018_最低通行费.cpp
D:\Documents\IdeaProjects\AlgorithmsInAction\CPPSolutions\CPPSolutions\Q1018_最低通行费.cpp(4,26): warning C4244: “初始化”: 从“double”转换到“int”，可能丢失数据
D:\Documents\IdeaProjects\AlgorithmsInAction\CPPSolutions\CPPSolutions\Q1018_最低通行费.cpp(9,2): error C4996: 'scanf': This function or variable may be unsafe. Consider using scanf_s instead. To disable deprecation, use _CRT_SECURE_NO_WARNINGS. See online help for details.
D:\Documents\IdeaProjects\AlgorithmsInAction\CPPSolutions\CPPSolutions\Q1018_最低通行费.cpp(12,4): error C4996: 'scanf': This function or variable may be unsafe. Consider using scanf_s instead. To disable deprecation, use _CRT_SECURE_NO_WARNINGS. See online help for details.
  Q1019_庆功会.cpp
D:\Documents\IdeaProjects\AlgorithmsInAction\CPPSolutions\CPPSolutions\Q1019_庆功会.cpp(4,19): warning C4244: “初始化”: 从“double”转换到“int”，可能丢失数据
D:\Documents\IdeaProjects\AlgorithmsInAction\CPPSolutions\CPPSolutions\Q1019_庆功会.cpp(10,2): error C4996: 'scanf': This function or variable may be unsafe. Consider using scanf_s instead. To disable deprecation, use _CRT_SECURE_NO_WARNINGS. See online help for details.
D:\Documents\IdeaProjects\AlgorithmsInAction\CPPSolutions\CPPSolutions\Q1019_庆功会.cpp(13,3): error C4996: 'scanf': This function or variable may be unsafe. Consider using scanf_s instead. To disable deprecation, use _CRT_SECURE_NO_WARNINGS. See online help for details.
  Q1020_潜水员.cpp
D:\Documents\IdeaProjects\AlgorithmsInAction\CPPSolutions\CPPSolutions\Q1020_潜水员.cpp(10,2): error C4996: 'scanf': This function or variable may be unsafe. Consider using scanf_s instead. To disable deprecation, use _CRT_SECURE_NO_WARNINGS. See online help for details.
D:\Documents\IdeaProjects\AlgorithmsInAction\CPPSolutions\CPPSolutions\Q1020_潜水员.cpp(16,3): error C4996: 'scanf': This function or variable may be unsafe. Consider using scanf_s instead. To disable deprecation, use _CRT_SECURE_NO_WARNINGS. See online help for details.
  Q1021_货币系统.cpp
D:\Documents\IdeaProjects\AlgorithmsInAction\CPPSolutions\CPPSolutions\Q1021_货币系统.cpp(6,19): warning C4244: “初始化”: 从“double”转换到“int”，可能丢失数据
D:\Documents\IdeaProjects\AlgorithmsInAction\CPPSolutions\CPPSolutions\Q1021_货币系统.cpp(11,2): error C4996: 'scanf': This function or variable may be unsafe. Consider using scanf_s instead. To disable deprecation, use _CRT_SECURE_NO_WARNINGS. See online help for details.
D:\Documents\IdeaProjects\AlgorithmsInAction\CPPSolutions\CPPSolutions\Q1021_货币系统.cpp(16,3): error C4996: 'scanf': This function or variable may be unsafe. Consider using scanf_s instead. To disable deprecation, use _CRT_SECURE_NO_WARNINGS. See online help for details.
  Q1022_宠物小精灵之收服.cpp
D:\Documents\IdeaProjects\AlgorithmsInAction\CPPSolutions\CPPSolutions\Q1022_宠物小精灵之收服.cpp(4,19): warning C4244: “初始化”: 从“double”转换到“int”，可能丢失数据
D:\Documents\IdeaProjects\AlgorithmsInAction\CPPSolutions\CPPSolutions\Q1022_宠物小精灵之收服.cpp(9,2): error C4996: 'scanf': This function or variable may be unsafe. Consider using scanf_s instead. To disable deprecation, use _CRT_SECURE_NO_WARNINGS. See online help for details.
D:\Documents\IdeaProjects\AlgorithmsInAction\CPPSolutions\CPPSolutions\Q1022_宠物小精灵之收服.cpp(12,3): error C4996: 'scanf': This function or variable may be unsafe. Consider using scanf_s instead. To disable deprecation, use _CRT_SECURE_NO_WARNINGS. See online help for details.
  Q1023_买书.cpp
D:\Documents\IdeaProjects\AlgorithmsInAction\CPPSolutions\CPPSolutions\Q1023_买书.cpp(4,19): warning C4244: “初始化”: 从“double”转换到“int”，可能丢失数据
D:\Documents\IdeaProjects\AlgorithmsInAction\CPPSolutions\CPPSolutions\Q1023_买书.cpp(10,2): error C4996: 'scanf': This function or variable may be unsafe. Consider using scanf_s instead. To disable deprecation, use _CRT_SECURE_NO_WARNINGS. See online help for details.
  Q1024_装箱问题.cpp
D:\Documents\IdeaProjects\AlgorithmsInAction\CPPSolutions\CPPSolutions\Q1024_装箱问题.cpp(4,19): warning C4244: “初始化”: 从“double”转换到“int”，可能丢失数据
D:\Documents\IdeaProjects\AlgorithmsInAction\CPPSolutions\CPPSolutions\Q1024_装箱问题.cpp(9,2): error C4996: 'scanf': This function or variable may be unsafe. Consider using scanf_s instead. To disable deprecation, use _CRT_SECURE_NO_WARNINGS. See online help for details.
D:\Documents\IdeaProjects\AlgorithmsInAction\CPPSolutions\CPPSolutions\Q1024_装箱问题.cpp(12,3): error C4996: 'scanf': This function or variable may be unsafe. Consider using scanf_s instead. To disable deprecation, use _CRT_SECURE_NO_WARNINGS. See online help for details.
  Q1027_方格取数.cpp
D:\Documents\IdeaProjects\AlgorithmsInAction\CPPSolutions\CPPSolutions\Q1027_方格取数.cpp(9,2): error C4996: 'scanf': This function or variable may be unsafe. Consider using scanf_s instead. To disable deprecation, use _CRT_SECURE_NO_WARNINGS. See online help for details.
D:\Documents\IdeaProjects\AlgorithmsInAction\CPPSolutions\CPPSolutions\Q1027_方格取数.cpp(12,3): error C4996: 'scanf': This function or variable may be unsafe. Consider using scanf_s instead. To disable deprecation, use _CRT_SECURE_NO_WARNINGS. See online help for details.
  Q1049_大盗阿福.cpp
D:\Documents\IdeaProjects\AlgorithmsInAction\CPPSolutions\CPPSolutions\Q1049_大盗阿福.cpp(4,19): warning C4244: “初始化”: 从“double”转换到“int”，可能丢失数据
D:\Documents\IdeaProjects\AlgorithmsInAction\CPPSolutions\CPPSolutions\Q1049_大盗阿福.cpp(9,2): error C4996: 'scanf': This function or variable may be unsafe. Consider using scanf_s instead. To disable deprecation, use _CRT_SECURE_NO_WARNINGS. See online help for details.
D:\Documents\IdeaProjects\AlgorithmsInAction\CPPSolutions\CPPSolutions\Q1049_大盗阿福.cpp(11,3): error C4996: 'scanf': This function or variable may be unsafe. Consider using scanf_s instead. To disable deprecation, use _CRT_SECURE_NO_WARNINGS. See online help for details.
D:\Documents\IdeaProjects\AlgorithmsInAction\CPPSolutions\CPPSolutions\Q1049_大盗阿福.cpp(13,4): error C4996: 'scanf': This function or variable may be unsafe. Consider using scanf_s instead. To disable deprecation, use _CRT_SECURE_NO_WARNINGS. See online help for details.
  Q1057_股票买卖IV.cpp
D:\Documents\IdeaProjects\AlgorithmsInAction\CPPSolutions\CPPSolutions\Q1057_股票买卖IV.cpp(4,19): warning C4244: “初始化”: 从“double”转换到“int”，可能丢失数据
D:\Documents\IdeaProjects\AlgorithmsInAction\CPPSolutions\CPPSolutions\Q1057_股票买卖IV.cpp(4,40): warning C4244: “初始化”: 从“double”转换到“int”，可能丢失数据
D:\Documents\IdeaProjects\AlgorithmsInAction\CPPSolutions\CPPSolutions\Q1057_股票买卖IV.cpp(10,2): error C4996: 'scanf': This function or variable may be unsafe. Consider using scanf_s instead. To disable deprecation, use _CRT_SECURE_NO_WARNINGS. See online help for details.
D:\Documents\IdeaProjects\AlgorithmsInAction\CPPSolutions\CPPSolutions\Q1057_股票买卖IV.cpp(11,31): error C4996: 'scanf': This function or variable may be unsafe. Consider using scanf_s instead. To disable deprecation, use _CRT_SECURE_NO_WARNINGS. See online help for details.
  Q1058_股票买卖V.cpp
D:\Documents\IdeaProjects\AlgorithmsInAction\CPPSolutions\CPPSolutions\Q1058_股票买卖V.cpp(5,19): warning C4244: “初始化”: 从“double”转换到“int”，可能丢失数据
D:\Documents\IdeaProjects\AlgorithmsInAction\CPPSolutions\CPPSolutions\Q1058_股票买卖V.cpp(10,2): error C4996: 'scanf': This function or variable may be unsafe. Consider using scanf_s instead. To disable deprecation, use _CRT_SECURE_NO_WARNINGS. See online help for details.
D:\Documents\IdeaProjects\AlgorithmsInAction\CPPSolutions\CPPSolutions\Q1058_股票买卖V.cpp(11,31): error C4996: 'scanf': This function or variable may be unsafe. Consider using scanf_s instead. To disable deprecation, use _CRT_SECURE_NO_WARNINGS. See online help for details.
  Q105_从前序与中序遍历序列构造二叉树.cpp
D:\Documents\IdeaProjects\AlgorithmsInAction\CPPSolutions\CPPSolutions\Q105_从前序与中序遍历序列构造二叉树.cpp(9,13): error C2143: 语法错误: 缺少“;”(在“*”的前面)
D:\Documents\IdeaProjects\AlgorithmsInAction\CPPSolutions\CPPSolutions\Q105_从前序与中序遍历序列构造二叉树.cpp(9,13): error C4430: 缺少类型说明符 - 假定为 int。注意: C++ 不支持默认 int
D:\Documents\IdeaProjects\AlgorithmsInAction\CPPSolutions\CPPSolutions\Q105_从前序与中序遍历序列构造二叉树.cpp(9,70): error C2334: “{”的前面有意外标记；跳过明显的函数体
D:\Documents\IdeaProjects\AlgorithmsInAction\CPPSolutions\CPPSolutions\Q105_从前序与中序遍历序列构造二叉树.cpp(18,13): error C2143: 语法错误: 缺少“;”(在“*”的前面)
D:\Documents\IdeaProjects\AlgorithmsInAction\CPPSolutions\CPPSolutions\Q105_从前序与中序遍历序列构造二叉树.cpp(18,13): error C4430: 缺少类型说明符 - 假定为 int。注意: C++ 不支持默认 int
D:\Documents\IdeaProjects\AlgorithmsInAction\CPPSolutions\CPPSolutions\Q105_从前序与中序遍历序列构造二叉树.cpp(18,118): error C2334: “{”的前面有意外标记；跳过明显的函数体
  Q1064_小国王.cpp
D:\Documents\IdeaProjects\AlgorithmsInAction\CPPSolutions\CPPSolutions\Q1064_小国王.cpp(16,6): warning C4554: “>>”: 检查运算符优先级是否存在的可能的错误；使用括号阐明优先级
D:\Documents\IdeaProjects\AlgorithmsInAction\CPPSolutions\CPPSolutions\Q1064_小国王.cpp(28,2): error C4996: 'scanf': This function or variable may be unsafe. Consider using scanf_s instead. To disable deprecation, use _CRT_SECURE_NO_WARNINGS. See online help for details.
  Q1068_环形石子合并.cpp
D:\Documents\IdeaProjects\AlgorithmsInAction\CPPSolutions\CPPSolutions\Q1068_环形石子合并.cpp(12,2): error C4996: 'scanf': This function or variable may be unsafe. Consider using scanf_s instead. To disable deprecation, use _CRT_SECURE_NO_WARNINGS. See online help for details.
D:\Documents\IdeaProjects\AlgorithmsInAction\CPPSolutions\CPPSolutions\Q1068_环形石子合并.cpp(14,3): error C4996: 'scanf': This function or variable may be unsafe. Consider using scanf_s instead. To disable deprecation, use _CRT_SECURE_NO_WARNINGS. See online help for details.
  Q1069_凸多边形的划分.cpp
D:\Documents\IdeaProjects\AlgorithmsInAction\CPPSolutions\CPPSolutions\Q1069_凸多边形的划分.cpp(7,33): warning C4244: “初始化”: 从“double”转换到“int”，可能丢失数据
D:\Documents\IdeaProjects\AlgorithmsInAction\CPPSolutions\CPPSolutions\Q1069_凸多边形的划分.cpp(17,13): warning C4244: “+=”: 从“LL”转换到“int”，可能丢失数据
D:\Documents\IdeaProjects\AlgorithmsInAction\CPPSolutions\CPPSolutions\Q1069_凸多边形的划分.cpp(47,24): warning C4477: “printf”: 格式字符串“%d”需要类型“int”的参数，但可变参数 1 拥有了类型“LL”
D:\Documents\IdeaProjects\AlgorithmsInAction\CPPSolutions\CPPSolutions\Q1069_凸多边形的划分.cpp(47,24): message : 请考虑在格式字符串中使用“%lld”
D:\Documents\IdeaProjects\AlgorithmsInAction\CPPSolutions\CPPSolutions\Q1069_凸多边形的划分.cpp(47,24): message : 请考虑在格式字符串中使用“%Id”
D:\Documents\IdeaProjects\AlgorithmsInAction\CPPSolutions\CPPSolutions\Q1069_凸多边形的划分.cpp(47,24): message : 请考虑在格式字符串中使用“%I64d”
D:\Documents\IdeaProjects\AlgorithmsInAction\CPPSolutions\CPPSolutions\Q1069_凸多边形的划分.cpp(52,2): error C4996: 'scanf': This function or variable may be unsafe. Consider using scanf_s instead. To disable deprecation, use _CRT_SECURE_NO_WARNINGS. See online help for details.
D:\Documents\IdeaProjects\AlgorithmsInAction\CPPSolutions\CPPSolutions\Q1069_凸多边形的划分.cpp(53,31): error C4996: 'scanf': This function or variable may be unsafe. Consider using scanf_s instead. To disable deprecation, use _CRT_SECURE_NO_WARNINGS. See online help for details.
  Q106_从中序与后序遍历序列构造二叉树.cpp
D:\Documents\IdeaProjects\AlgorithmsInAction\CPPSolutions\CPPSolutions\Q106_从中序与后序遍历序列构造二叉树.cpp(9,13): error C2143: 语法错误: 缺少“;”(在“*”的前面)
D:\Documents\IdeaProjects\AlgorithmsInAction\CPPSolutions\CPPSolutions\Q106_从中序与后序遍历序列构造二叉树.cpp(9,13): error C4430: 缺少类型说明符 - 假定为 int。注意: C++ 不支持默认 int
D:\Documents\IdeaProjects\AlgorithmsInAction\CPPSolutions\CPPSolutions\Q106_从中序与后序遍历序列构造二叉树.cpp(9,71): error C2334: “{”的前面有意外标记；跳过明显的函数体
D:\Documents\IdeaProjects\AlgorithmsInAction\CPPSolutions\CPPSolutions\Q106_从中序与后序遍历序列构造二叉树.cpp(18,13): error C2143: 语法错误: 缺少“;”(在“*”的前面)
D:\Documents\IdeaProjects\AlgorithmsInAction\CPPSolutions\CPPSolutions\Q106_从中序与后序遍历序列构造二叉树.cpp(18,13): error C4430: 缺少类型说明符 - 假定为 int。注意: C++ 不支持默认 int
D:\Documents\IdeaProjects\AlgorithmsInAction\CPPSolutions\CPPSolutions\Q106_从中序与后序遍历序列构造二叉树.cpp(18,121): error C2334: “{”的前面有意外标记；跳过明显的函数体
  Q1072_树的最长路径.cpp
D:\Documents\IdeaProjects\AlgorithmsInAction\CPPSolutions\CPPSolutions\Q1072_树的最长路径.cpp(5,19): warning C4244: “初始化”: 从“double”转换到“int”，可能丢失数据
D:\Documents\IdeaProjects\AlgorithmsInAction\CPPSolutions\CPPSolutions\Q1072_树的最长路径.cpp(40,2): error C4996: 'scanf': This function or variable may be unsafe. Consider using scanf_s instead. To disable deprecation, use _CRT_SECURE_NO_WARNINGS. See online help for details.
D:\Documents\IdeaProjects\AlgorithmsInAction\CPPSolutions\CPPSolutions\Q1072_树的最长路径.cpp(44,3): error C4996: 'scanf': This function or variable may be unsafe. Consider using scanf_s instead. To disable deprecation, use _CRT_SECURE_NO_WARNINGS. See online help for details.
  Q1073_树的中心.cpp
D:\Documents\IdeaProjects\AlgorithmsInAction\CPPSolutions\CPPSolutions\Q1073_树的中心.cpp(5,19): warning C4244: “初始化”: 从“double”转换到“int”，可能丢失数据
D:\Documents\IdeaProjects\AlgorithmsInAction\CPPSolutions\CPPSolutions\Q1073_树的中心.cpp(55,2): error C4996: 'scanf': This function or variable may be unsafe. Consider using scanf_s instead. To disable deprecation, use _CRT_SECURE_NO_WARNINGS. See online help for details.
D:\Documents\IdeaProjects\AlgorithmsInAction\CPPSolutions\CPPSolutions\Q1073_树的中心.cpp(59,3): error C4996: 'scanf': This function or variable may be unsafe. Consider using scanf_s instead. To disable deprecation, use _CRT_SECURE_NO_WARNINGS. See online help for details.
  Q1074_二叉苹果树.cpp
D:\Documents\IdeaProjects\AlgorithmsInAction\CPPSolutions\CPPSolutions\Q1074_二叉苹果树.cpp(31,2): error C4996: 'scanf': This function or variable may be unsafe. Consider using scanf_s instead. To disable deprecation, use _CRT_SECURE_NO_WARNINGS. See online help for details.
D:\Documents\IdeaProjects\AlgorithmsInAction\CPPSolutions\CPPSolutions\Q1074_二叉苹果树.cpp(35,3): error C4996: 'scanf': This function or variable may be unsafe. Consider using scanf_s instead. To disable deprecation, use _CRT_SECURE_NO_WARNINGS. See online help for details.
  正在生成代码...
  正在编译...
  Q1075_数字转换.cpp
D:\Documents\IdeaProjects\AlgorithmsInAction\CPPSolutions\CPPSolutions\Q1075_数字转换.cpp(5,19): warning C4244: “初始化”: 从“double”转换到“int”，可能丢失数据
D:\Documents\IdeaProjects\AlgorithmsInAction\CPPSolutions\CPPSolutions\Q1075_数字转换.cpp(39,2): error C4996: 'scanf': This function or variable may be unsafe. Consider using scanf_s instead. To disable deprecation, use _CRT_SECURE_NO_WARNINGS. See online help for details.
  Q1076_迷宫问题.cpp
D:\Documents\IdeaProjects\AlgorithmsInAction\CPPSolutions\CPPSolutions\Q1076_迷宫问题.cpp(36,2): error C4996: 'scanf': This function or variable may be unsafe. Consider using scanf_s instead. To disable deprecation, use _CRT_SECURE_NO_WARNINGS. See online help for details.
D:\Documents\IdeaProjects\AlgorithmsInAction\CPPSolutions\CPPSolutions\Q1076_迷宫问题.cpp(37,58): error C4996: 'scanf': This function or variable may be unsafe. Consider using scanf_s instead. To disable deprecation, use _CRT_SECURE_NO_WARNINGS. See online help for details.
  Q107_二叉树的层序遍历II.cpp
D:\Documents\IdeaProjects\AlgorithmsInAction\CPPSolutions\CPPSolutions\Q107_二叉树的层序遍历II.cpp(7,42): error C2061: 语法错误: 标识符“TreeNode”
D:\Documents\IdeaProjects\AlgorithmsInAction\CPPSolutions\CPPSolutions\Q107_二叉树的层序遍历II.cpp(9,13): error C2065: “root”: 未声明的标识符
D:\Documents\IdeaProjects\AlgorithmsInAction\CPPSolutions\CPPSolutions\Q107_二叉树的层序遍历II.cpp(12,15): error C2065: “TreeNode”: 未声明的标识符
D:\Documents\IdeaProjects\AlgorithmsInAction\CPPSolutions\CPPSolutions\Q107_二叉树的层序遍历II.cpp(12,1): error C2059: 语法错误:“>”
D:\Documents\IdeaProjects\AlgorithmsInAction\CPPSolutions\CPPSolutions\Q107_二叉树的层序遍历II.cpp(13,16): error C2065: “root”: 未声明的标识符
D:\Documents\IdeaProjects\AlgorithmsInAction\CPPSolutions\CPPSolutions\Q107_二叉树的层序遍历II.cpp(18,17): error C2065: “TreeNode”: 未声明的标识符
D:\Documents\IdeaProjects\AlgorithmsInAction\CPPSolutions\CPPSolutions\Q107_二叉树的层序遍历II.cpp(18,27): error C2065: “node”: 未声明的标识符
D:\Documents\IdeaProjects\AlgorithmsInAction\CPPSolutions\CPPSolutions\Q107_二叉树的层序遍历II.cpp(20,33): error C2065: “node”: 未声明的标识符
D:\Documents\IdeaProjects\AlgorithmsInAction\CPPSolutions\CPPSolutions\Q107_二叉树的层序遍历II.cpp(21,21): error C2065: “node”: 未声明的标识符
D:\Documents\IdeaProjects\AlgorithmsInAction\CPPSolutions\CPPSolutions\Q107_二叉树的层序遍历II.cpp(22,28): error C2065: “node”: 未声明的标识符
D:\Documents\IdeaProjects\AlgorithmsInAction\CPPSolutions\CPPSolutions\Q107_二叉树的层序遍历II.cpp(24,21): error C2065: “node”: 未声明的标识符
D:\Documents\IdeaProjects\AlgorithmsInAction\CPPSolutions\CPPSolutions\Q107_二叉树的层序遍历II.cpp(25,28): error C2065: “node”: 未声明的标识符
  Q1081_度的数量.cpp
D:\Documents\IdeaProjects\AlgorithmsInAction\CPPSolutions\CPPSolutions\Q1081_度的数量.cpp(31,5): warning C4267: “初始化”: 从“size_t”转换到“int”，可能丢失数据
D:\Documents\IdeaProjects\AlgorithmsInAction\CPPSolutions\CPPSolutions\Q1081_度的数量.cpp(60,5): error C4996: 'scanf': This function or variable may be unsafe. Consider using scanf_s instead. To disable deprecation, use _CRT_SECURE_NO_WARNINGS. See online help for details.
  Q1098_城堡问题.cpp
D:\Documents\IdeaProjects\AlgorithmsInAction\CPPSolutions\CPPSolutions\Q1098_城堡问题.cpp(37,2): error C4996: 'scanf': This function or variable may be unsafe. Consider using scanf_s instead. To disable deprecation, use _CRT_SECURE_NO_WARNINGS. See online help for details.
D:\Documents\IdeaProjects\AlgorithmsInAction\CPPSolutions\CPPSolutions\Q1098_城堡问题.cpp(38,58): error C4996: 'scanf': This function or variable may be unsafe. Consider using scanf_s instead. To disable deprecation, use _CRT_SECURE_NO_WARNINGS. See online help for details.
  Q10_有依赖的背包问题.cpp
D:\Documents\IdeaProjects\AlgorithmsInAction\CPPSolutions\CPPSolutions\Q10_有依赖的背包问题.cpp(34,2): error C4996: 'scanf': This function or variable may be unsafe. Consider using scanf_s instead. To disable deprecation, use _CRT_SECURE_NO_WARNINGS. See online help for details.
D:\Documents\IdeaProjects\AlgorithmsInAction\CPPSolutions\CPPSolutions\Q10_有依赖的背包问题.cpp(39,3): error C4996: 'scanf': This function or variable may be unsafe. Consider using scanf_s instead. To disable deprecation, use _CRT_SECURE_NO_WARNINGS. See online help for details.
  Q1100_抓住那头牛.cpp
D:\Documents\IdeaProjects\AlgorithmsInAction\CPPSolutions\CPPSolutions\Q1100_抓住那头牛.cpp(5,19): warning C4244: “初始化”: 从“double”转换到“int”，可能丢失数据
D:\Documents\IdeaProjects\AlgorithmsInAction\CPPSolutions\CPPSolutions\Q1100_抓住那头牛.cpp(35,2): error C4996: 'scanf': This function or variable may be unsafe. Consider using scanf_s instead. To disable deprecation, use _CRT_SECURE_NO_WARNINGS. See online help for details.
  Q1106_山峰和山谷.cpp
D:\Documents\IdeaProjects\AlgorithmsInAction\CPPSolutions\CPPSolutions\Q1106_山峰和山谷.cpp(41,2): error C4996: 'scanf': This function or variable may be unsafe. Consider using scanf_s instead. To disable deprecation, use _CRT_SECURE_NO_WARNINGS. See online help for details.
D:\Documents\IdeaProjects\AlgorithmsInAction\CPPSolutions\CPPSolutions\Q1106_山峰和山谷.cpp(42,58): error C4996: 'scanf': This function or variable may be unsafe. Consider using scanf_s instead. To disable deprecation, use _CRT_SECURE_NO_WARNINGS. See online help for details.
  Q1107_魔板.cpp
D:\Documents\IdeaProjects\AlgorithmsInAction\CPPSolutions\CPPSolutions\Q1107_魔板.cpp(92,3): error C4996: 'scanf': This function or variable may be unsafe. Consider using scanf_s instead. To disable deprecation, use _CRT_SECURE_NO_WARNINGS. See online help for details.
  Q110_平衡二叉树.cpp
D:\Documents\IdeaProjects\AlgorithmsInAction\CPPSolutions\CPPSolutions\Q110_平衡二叉树.cpp(6,21): error C2061: 语法错误: 标识符“TreeNode”
D:\Documents\IdeaProjects\AlgorithmsInAction\CPPSolutions\CPPSolutions\Q110_平衡二叉树.cpp(10,11): error C2061: 语法错误: 标识符“TreeNode”
D:\Documents\IdeaProjects\AlgorithmsInAction\CPPSolutions\CPPSolutions\Q110_平衡二叉树.cpp(7,15): error C2065: “root”: 未声明的标识符
D:\Documents\IdeaProjects\AlgorithmsInAction\CPPSolutions\CPPSolutions\Q110_平衡二叉树.cpp(7,43): error C2065: “root”: 未声明的标识符
D:\Documents\IdeaProjects\AlgorithmsInAction\CPPSolutions\CPPSolutions\Q110_平衡二叉树.cpp(7,1): error C2660: “Solution::f”: 函数不接受 1 个参数
D:\Documents\IdeaProjects\AlgorithmsInAction\CPPSolutions\CPPSolutions\Q110_平衡二叉树.cpp(10,9): message : 参见“Solution::f”的声明
D:\Documents\IdeaProjects\AlgorithmsInAction\CPPSolutions\CPPSolutions\Q110_平衡二叉树.cpp(7,59): error C2065: “root”: 未声明的标识符
D:\Documents\IdeaProjects\AlgorithmsInAction\CPPSolutions\CPPSolutions\Q110_平衡二叉树.cpp(7,92): error C2065: “root”: 未声明的标识符
D:\Documents\IdeaProjects\AlgorithmsInAction\CPPSolutions\CPPSolutions\Q110_平衡二叉树.cpp(7,1): error C2660: “Solution::isBalanced”: 函数不接受 1 个参数
D:\Documents\IdeaProjects\AlgorithmsInAction\CPPSolutions\CPPSolutions\Q110_平衡二叉树.cpp(6,10): message : 参见“Solution::isBalanced”的声明
D:\Documents\IdeaProjects\AlgorithmsInAction\CPPSolutions\CPPSolutions\Q110_平衡二叉树.cpp(7,118): error C2065: “root”: 未声明的标识符
D:\Documents\IdeaProjects\AlgorithmsInAction\CPPSolutions\CPPSolutions\Q110_平衡二叉树.cpp(11,16): error C2065: “node”: 未声明的标识符
D:\Documents\IdeaProjects\AlgorithmsInAction\CPPSolutions\CPPSolutions\Q110_平衡二叉树.cpp(11,41): error C2065: “node”: 未声明的标识符
D:\Documents\IdeaProjects\AlgorithmsInAction\CPPSolutions\CPPSolutions\Q110_平衡二叉树.cpp(11,1): error C2660: “Solution::f”: 函数不接受 1 个参数
D:\Documents\IdeaProjects\AlgorithmsInAction\CPPSolutions\CPPSolutions\Q110_平衡二叉树.cpp(10,9): message : 参见“Solution::f”的声明
D:\Documents\IdeaProjects\AlgorithmsInAction\CPPSolutions\CPPSolutions\Q110_平衡二叉树.cpp(11,56): error C2065: “node”: 未声明的标识符
D:\Documents\IdeaProjects\AlgorithmsInAction\CPPSolutions\CPPSolutions\Q110_平衡二叉树.cpp(11,1): error C2672: “std::max”: 未找到匹配的重载函数
D:\Program Files (x86)\Microsoft Visual Studio\2022\Community\VC\Tools\MSVC\14.33.31629\include\utility(51,26): message : 可能是“_Ty std::max(std::initializer_list<_Elem>)”
D:\Program Files (x86)\Microsoft Visual Studio\2022\Community\VC\Tools\MSVC\14.33.31629\include\utility(48,26): message : 或    “_Ty std::max(std::initializer_list<_Elem>,_Pr)”
D:\Documents\IdeaProjects\AlgorithmsInAction\CPPSolutions\CPPSolutions\Q110_平衡二叉树.cpp(11,35): message : “_Ty std::max(std::initializer_list<_Elem>,_Pr)”: 应输入 2 个参数，却提供了 1 个
D:\Program Files (x86)\Microsoft Visual Studio\2022\Community\VC\Tools\MSVC\14.33.31629\include\utility(48): message : 参见“std::max”的声明
D:\Program Files (x86)\Microsoft Visual Studio\2022\Community\VC\Tools\MSVC\14.33.31629\include\utility(41,6): message : 或    “const _Ty &std::max(const _Ty &,const _Ty &) noexcept(<expr>)”
D:\Documents\IdeaProjects\AlgorithmsInAction\CPPSolutions\CPPSolutions\Q110_平衡二叉树.cpp(11,35): message : “const _Ty &std::max(const _Ty &,const _Ty &) noexcept(<expr>)”: 应输入 2 个参数，却提供了 1 个
D:\Program Files (x86)\Microsoft Visual Studio\2022\Community\VC\Tools\MSVC\14.33.31629\include\utility(41): message : 参见“std::max”的声明
D:\Program Files (x86)\Microsoft Visual Studio\2022\Community\VC\Tools\MSVC\14.33.31629\include\utility(31,33): message : 或    “const _Ty &std::max(const _Ty &,const _Ty &,_Pr) noexcept(<expr>)”
D:\Documents\IdeaProjects\AlgorithmsInAction\CPPSolutions\CPPSolutions\Q110_平衡二叉树.cpp(11,35): message : “const _Ty &std::max(const _Ty &,const _Ty &,_Pr) noexcept(<expr>)”: 应输入 3 个参数，却提供了 1 个
D:\Program Files (x86)\Microsoft Visual Studio\2022\Community\VC\Tools\MSVC\14.33.31629\include\utility(31): message : 参见“std::max”的声明
  Q1112_迷宫.cpp
D:\Documents\IdeaProjects\AlgorithmsInAction\CPPSolutions\CPPSolutions\Q1112_迷宫.cpp(26,2): error C4996: 'scanf': This function or variable may be unsafe. Consider using scanf_s instead. To disable deprecation, use _CRT_SECURE_NO_WARNINGS. See online help for details.
D:\Documents\IdeaProjects\AlgorithmsInAction\CPPSolutions\CPPSolutions\Q1112_迷宫.cpp(28,3): error C4996: 'scanf': This function or variable may be unsafe. Consider using scanf_s instead. To disable deprecation, use _CRT_SECURE_NO_WARNINGS. See online help for details.
D:\Documents\IdeaProjects\AlgorithmsInAction\CPPSolutions\CPPSolutions\Q1112_迷宫.cpp(30,4): error C4996: 'scanf': This function or variable may be unsafe. Consider using scanf_s instead. To disable deprecation, use _CRT_SECURE_NO_WARNINGS. See online help for details.
D:\Documents\IdeaProjects\AlgorithmsInAction\CPPSolutions\CPPSolutions\Q1112_迷宫.cpp(32,3): error C4996: 'scanf': This function or variable may be unsafe. Consider using scanf_s instead. To disable deprecation, use _CRT_SECURE_NO_WARNINGS. See online help for details.
  Q1113_红与黑.cpp
D:\Documents\IdeaProjects\AlgorithmsInAction\CPPSolutions\CPPSolutions\Q1113_红与黑.cpp(24,3): error C4996: 'scanf': This function or variable may be unsafe. Consider using scanf_s instead. To disable deprecation, use _CRT_SECURE_NO_WARNINGS. See online help for details.
D:\Documents\IdeaProjects\AlgorithmsInAction\CPPSolutions\CPPSolutions\Q1113_红与黑.cpp(28,4): error C4996: 'scanf': This function or variable may be unsafe. Consider using scanf_s instead. To disable deprecation, use _CRT_SECURE_NO_WARNINGS. See online help for details.
  Q1113_红与黑_2.cpp
D:\Documents\IdeaProjects\AlgorithmsInAction\CPPSolutions\CPPSolutions\Q1113_红与黑_2.cpp(26,9): error C4996: 'scanf': This function or variable may be unsafe. Consider using scanf_s instead. To disable deprecation, use _CRT_SECURE_NO_WARNINGS. See online help for details.
D:\Documents\IdeaProjects\AlgorithmsInAction\CPPSolutions\CPPSolutions\Q1113_红与黑_2.cpp(30,13): error C4996: 'scanf': This function or variable may be unsafe. Consider using scanf_s instead. To disable deprecation, use _CRT_SECURE_NO_WARNINGS. See online help for details.
  Q1113_红与黑_3.cpp
D:\Documents\IdeaProjects\AlgorithmsInAction\CPPSolutions\CPPSolutions\Q1113_红与黑_3.cpp(40,3): error C4996: 'scanf': This function or variable may be unsafe. Consider using scanf_s instead. To disable deprecation, use _CRT_SECURE_NO_WARNINGS. See online help for details.
D:\Documents\IdeaProjects\AlgorithmsInAction\CPPSolutions\CPPSolutions\Q1113_红与黑_3.cpp(44,4): error C4996: 'scanf': This function or variable may be unsafe. Consider using scanf_s instead. To disable deprecation, use _CRT_SECURE_NO_WARNINGS. See online help for details.
  Q1116_马走日.cpp
D:\Documents\IdeaProjects\AlgorithmsInAction\CPPSolutions\CPPSolutions\Q1116_马走日.cpp(27,2): error C4996: 'scanf': This function or variable may be unsafe. Consider using scanf_s instead. To disable deprecation, use _CRT_SECURE_NO_WARNINGS. See online help for details.
D:\Documents\IdeaProjects\AlgorithmsInAction\CPPSolutions\CPPSolutions\Q1116_马走日.cpp(30,3): error C4996: 'scanf': This function or variable may be unsafe. Consider using scanf_s instead. To disable deprecation, use _CRT_SECURE_NO_WARNINGS. See online help for details.
  Q1117_单词接龙.cpp
D:\Documents\IdeaProjects\AlgorithmsInAction\CPPSolutions\CPPSolutions\Q1117_单词接龙.cpp(27,23): warning C4267: “初始化”: 从“size_t”转换到“int”，可能丢失数据
D:\Documents\IdeaProjects\AlgorithmsInAction\CPPSolutions\CPPSolutions\Q1117_单词接龙.cpp(27,40): warning C4267: “初始化”: 从“size_t”转换到“int”，可能丢失数据
  Q1118_分成互质组.cpp
D:\Documents\IdeaProjects\AlgorithmsInAction\CPPSolutions\CPPSolutions\Q1118_分成互质组.cpp(39,2): error C4996: 'scanf': This function or variable may be unsafe. Consider using scanf_s instead. To disable deprecation, use _CRT_SECURE_NO_WARNINGS. See online help for details.
D:\Documents\IdeaProjects\AlgorithmsInAction\CPPSolutions\CPPSolutions\Q1118_分成互质组.cpp(40,30): error C4996: 'scanf': This function or variable may be unsafe. Consider using scanf_s instead. To disable deprecation, use _CRT_SECURE_NO_WARNINGS. See online help for details.
  Q111_二叉树的最小深度.cpp
D:\Documents\IdeaProjects\AlgorithmsInAction\CPPSolutions\CPPSolutions\Q111_二叉树的最小深度.cpp(6,18): error C2061: 语法错误: 标识符“TreeNode”
D:\Documents\IdeaProjects\AlgorithmsInAction\CPPSolutions\CPPSolutions\Q111_二叉树的最小深度.cpp(7,13): error C2065: “root”: 未声明的标识符
D:\Documents\IdeaProjects\AlgorithmsInAction\CPPSolutions\CPPSolutions\Q111_二叉树的最小深度.cpp(10,13): error C2065: “root”: 未声明的标识符
D:\Documents\IdeaProjects\AlgorithmsInAction\CPPSolutions\CPPSolutions\Q111_二叉树的最小深度.cpp(10,35): error C2065: “root”: 未声明的标识符
D:\Documents\IdeaProjects\AlgorithmsInAction\CPPSolutions\CPPSolutions\Q111_二叉树的最小深度.cpp(15,13): error C2065: “root”: 未声明的标识符
D:\Documents\IdeaProjects\AlgorithmsInAction\CPPSolutions\CPPSolutions\Q111_二叉树的最小深度.cpp(16,37): error C2065: “root”: 未声明的标识符
D:\Documents\IdeaProjects\AlgorithmsInAction\CPPSolutions\CPPSolutions\Q111_二叉树的最小深度.cpp(16,1): error C2660: “Solution::minDepth”: 函数不接受 1 个参数
D:\Documents\IdeaProjects\AlgorithmsInAction\CPPSolutions\CPPSolutions\Q111_二叉树的最小深度.cpp(6,9): message : 参见“Solution::minDepth”的声明
D:\Documents\IdeaProjects\AlgorithmsInAction\CPPSolutions\CPPSolutions\Q111_二叉树的最小深度.cpp(16,1): error C2672: “std::min”: 未找到匹配的重载函数
D:\Program Files (x86)\Microsoft Visual Studio\2022\Community\VC\Tools\MSVC\14.33.31629\include\utility(74,26): message : 可能是“_Ty std::min(std::initializer_list<_Elem>)”
D:\Documents\IdeaProjects\AlgorithmsInAction\CPPSolutions\CPPSolutions\Q111_二叉树的最小深度.cpp(16,19): message : "_Ty std::min(std::initializer_list<_Elem>)": 无法从 "int" 推导出 "std::initializer_list<_Elem>" 的 模板 参数
D:\Program Files (x86)\Microsoft Visual Studio\2022\Community\VC\Tools\MSVC\14.33.31629\include\utility(74): message : 参见“std::min”的声明
D:\Documents\IdeaProjects\AlgorithmsInAction\CPPSolutions\CPPSolutions\Q111_二叉树的最小深度.cpp(16,19): message : "_Ty std::min(std::initializer_list<_Elem>)": 无法从 "int" 推导出 "std::initializer_list<_Elem>" 的 模板 参数
D:\Program Files (x86)\Microsoft Visual Studio\2022\Community\VC\Tools\MSVC\14.33.31629\include\utility(74): message : 参见“std::min”的声明
D:\Program Files (x86)\Microsoft Visual Studio\2022\Community\VC\Tools\MSVC\14.33.31629\include\utility(71,26): message : 或    “_Ty std::min(std::initializer_list<_Elem>,_Pr)”
D:\Documents\IdeaProjects\AlgorithmsInAction\CPPSolutions\CPPSolutions\Q111_二叉树的最小深度.cpp(16,19): message : “_Ty std::min(std::initializer_list<_Elem>,_Pr)”: 应输入 2 个参数，却提供了 1 个
D:\Program Files (x86)\Microsoft Visual Studio\2022\Community\VC\Tools\MSVC\14.33.31629\include\utility(71): message : 参见“std::min”的声明
D:\Program Files (x86)\Microsoft Visual Studio\2022\Community\VC\Tools\MSVC\14.33.31629\include\utility(64,6): message : 或    “const _Ty &std::min(const _Ty &,const _Ty &) noexcept(<expr>)”
D:\Documents\IdeaProjects\AlgorithmsInAction\CPPSolutions\CPPSolutions\Q111_二叉树的最小深度.cpp(16,19): message : “const _Ty &std::min(const _Ty &,const _Ty &) noexcept(<expr>)”: 应输入 2 个参数，却提供了 1 个
D:\Program Files (x86)\Microsoft Visual Studio\2022\Community\VC\Tools\MSVC\14.33.31629\include\utility(64): message : 参见“std::min”的声明
D:\Program Files (x86)\Microsoft Visual Studio\2022\Community\VC\Tools\MSVC\14.33.31629\include\utility(54,33): message : 或    “const _Ty &std::min(const _Ty &,const _Ty &,_Pr) noexcept(<expr>)”
D:\Documents\IdeaProjects\AlgorithmsInAction\CPPSolutions\CPPSolutions\Q111_二叉树的最小深度.cpp(16,19): message : “const _Ty &std::min(const _Ty &,const _Ty &,_Pr) noexcept(<expr>)”: 应输入 3 个参数，却提供了 1 个
D:\Program Files (x86)\Microsoft Visual Studio\2022\Community\VC\Tools\MSVC\14.33.31629\include\utility(54): message : 参见“std::min”的声明
D:\Documents\IdeaProjects\AlgorithmsInAction\CPPSolutions\CPPSolutions\Q111_二叉树的最小深度.cpp(18,13): error C2065: “root”: 未声明的标识符
D:\Documents\IdeaProjects\AlgorithmsInAction\CPPSolutions\CPPSolutions\Q111_二叉树的最小深度.cpp(19,37): error C2065: “root”: 未声明的标识符
D:\Documents\IdeaProjects\AlgorithmsInAction\CPPSolutions\CPPSolutions\Q111_二叉树的最小深度.cpp(19,1): error C2660: “Solution::minDepth”: 函数不接受 1 个参数
D:\Documents\IdeaProjects\AlgorithmsInAction\CPPSolutions\CPPSolutions\Q111_二叉树的最小深度.cpp(6,9): message : 参见“Solution::minDepth”的声明
D:\Documents\IdeaProjects\AlgorithmsInAction\CPPSolutions\CPPSolutions\Q111_二叉树的最小深度.cpp(19,1): error C2672: “std::min”: 未找到匹配的重载函数
D:\Program Files (x86)\Microsoft Visual Studio\2022\Community\VC\Tools\MSVC\14.33.31629\include\utility(74,26): message : 可能是“_Ty std::min(std::initializer_list<_Elem>)”
D:\Documents\IdeaProjects\AlgorithmsInAction\CPPSolutions\CPPSolutions\Q111_二叉树的最小深度.cpp(19,19): message : "_Ty std::min(std::initializer_list<_Elem>)": 无法从 "int" 推导出 "std::initializer_list<_Elem>" 的 模板 参数
D:\Program Files (x86)\Microsoft Visual Studio\2022\Community\VC\Tools\MSVC\14.33.31629\include\utility(74): message : 参见“std::min”的声明
D:\Documents\IdeaProjects\AlgorithmsInAction\CPPSolutions\CPPSolutions\Q111_二叉树的最小深度.cpp(19,19): message : "_Ty std::min(std::initializer_list<_Elem>)": 无法从 "int" 推导出 "std::initializer_list<_Elem>" 的 模板 参数
D:\Program Files (x86)\Microsoft Visual Studio\2022\Community\VC\Tools\MSVC\14.33.31629\include\utility(74): message : 参见“std::min”的声明
D:\Program Files (x86)\Microsoft Visual Studio\2022\Community\VC\Tools\MSVC\14.33.31629\include\utility(71,26): message : 或    “_Ty std::min(std::initializer_list<_Elem>,_Pr)”
D:\Documents\IdeaProjects\AlgorithmsInAction\CPPSolutions\CPPSolutions\Q111_二叉树的最小深度.cpp(19,19): message : “_Ty std::min(std::initializer_list<_Elem>,_Pr)”: 应输入 2 个参数，却提供了 1 个
D:\Program Files (x86)\Microsoft Visual Studio\2022\Community\VC\Tools\MSVC\14.33.31629\include\utility(71): message : 参见“std::min”的声明
D:\Program Files (x86)\Microsoft Visual Studio\2022\Community\VC\Tools\MSVC\14.33.31629\include\utility(64,6): message : 或    “const _Ty &std::min(const _Ty &,const _Ty &) noexcept(<expr>)”
D:\Documents\IdeaProjects\AlgorithmsInAction\CPPSolutions\CPPSolutions\Q111_二叉树的最小深度.cpp(19,19): message : “const _Ty &std::min(const _Ty &,const _Ty &) noexcept(<expr>)”: 应输入 2 个参数，却提供了 1 个
D:\Program Files (x86)\Microsoft Visual Studio\2022\Community\VC\Tools\MSVC\14.33.31629\include\utility(64): message : 参见“std::min”的声明
D:\Program Files (x86)\Microsoft Visual Studio\2022\Community\VC\Tools\MSVC\14.33.31629\include\utility(54,33): message : 或    “const _Ty &std::min(const _Ty &,const _Ty &,_Pr) noexcept(<expr>)”
D:\Documents\IdeaProjects\AlgorithmsInAction\CPPSolutions\CPPSolutions\Q111_二叉树的最小深度.cpp(19,19): message : “const _Ty &std::min(const _Ty &,const _Ty &,_Pr) noexcept(<expr>)”: 应输入 3 个参数，却提供了 1 个
D:\Program Files (x86)\Microsoft Visual Studio\2022\Community\VC\Tools\MSVC\14.33.31629\include\utility(54): message : 参见“std::min”的声明
  Q1126_最小花费.cpp
D:\Documents\IdeaProjects\AlgorithmsInAction\CPPSolutions\CPPSolutions\Q1126_最小花费.cpp(6,33): warning C4244: “初始化”: 从“double”转换到“int”，可能丢失数据
D:\Documents\IdeaProjects\AlgorithmsInAction\CPPSolutions\CPPSolutions\Q1126_最小花费.cpp(40,2): error C4996: 'scanf': This function or variable may be unsafe. Consider using scanf_s instead. To disable deprecation, use _CRT_SECURE_NO_WARNINGS. See online help for details.
D:\Documents\IdeaProjects\AlgorithmsInAction\CPPSolutions\CPPSolutions\Q1126_最小花费.cpp(44,3): error C4996: 'scanf': This function or variable may be unsafe. Consider using scanf_s instead. To disable deprecation, use _CRT_SECURE_NO_WARNINGS. See online help for details.
D:\Documents\IdeaProjects\AlgorithmsInAction\CPPSolutions\CPPSolutions\Q1126_最小花费.cpp(48,2): error C4996: 'scanf': This function or variable may be unsafe. Consider using scanf_s instead. To disable deprecation, use _CRT_SECURE_NO_WARNINGS. See online help for details.
  Q1127_香甜的黄油.cpp
D:\Documents\IdeaProjects\AlgorithmsInAction\CPPSolutions\CPPSolutions\Q1127_香甜的黄油.cpp(48,2): error C4996: 'scanf': This function or variable may be unsafe. Consider using scanf_s instead. To disable deprecation, use _CRT_SECURE_NO_WARNINGS. See online help for details.
D:\Documents\IdeaProjects\AlgorithmsInAction\CPPSolutions\CPPSolutions\Q1127_香甜的黄油.cpp(49,30): error C4996: 'scanf': This function or variable may be unsafe. Consider using scanf_s instead. To disable deprecation, use _CRT_SECURE_NO_WARNINGS. See online help for details.
D:\Documents\IdeaProjects\AlgorithmsInAction\CPPSolutions\CPPSolutions\Q1127_香甜的黄油.cpp(53,3): error C4996: 'scanf': This function or variable may be unsafe. Consider using scanf_s instead. To disable deprecation, use _CRT_SECURE_NO_WARNINGS. See online help for details.
  正在生成代码...
  正在编译...
  Q1128_信使.cpp
D:\Documents\IdeaProjects\AlgorithmsInAction\CPPSolutions\CPPSolutions\Q1128_信使.cpp(41,2): error C4996: 'scanf': This function or variable may be unsafe. Consider using scanf_s instead. To disable deprecation, use _CRT_SECURE_NO_WARNINGS. See online help for details.
D:\Documents\IdeaProjects\AlgorithmsInAction\CPPSolutions\CPPSolutions\Q1128_信使.cpp(45,3): error C4996: 'scanf': This function or variable may be unsafe. Consider using scanf_s instead. To disable deprecation, use _CRT_SECURE_NO_WARNINGS. See online help for details.
  Q1129_热浪.cpp
D:\Documents\IdeaProjects\AlgorithmsInAction\CPPSolutions\CPPSolutions\Q1129_热浪.cpp(41,2): error C4996: 'scanf': This function or variable may be unsafe. Consider using scanf_s instead. To disable deprecation, use _CRT_SECURE_NO_WARNINGS. See online help for details.
D:\Documents\IdeaProjects\AlgorithmsInAction\CPPSolutions\CPPSolutions\Q1129_热浪.cpp(45,3): error C4996: 'scanf': This function or variable may be unsafe. Consider using scanf_s instead. To disable deprecation, use _CRT_SECURE_NO_WARNINGS. See online help for details.
  Q1129_热浪_2.cpp
D:\Documents\IdeaProjects\AlgorithmsInAction\CPPSolutions\CPPSolutions\Q1129_热浪_2.cpp(41,2): error C4996: 'scanf': This function or variable may be unsafe. Consider using scanf_s instead. To disable deprecation, use _CRT_SECURE_NO_WARNINGS. See online help for details.
D:\Documents\IdeaProjects\AlgorithmsInAction\CPPSolutions\CPPSolutions\Q1129_热浪_2.cpp(45,3): error C4996: 'scanf': This function or variable may be unsafe. Consider using scanf_s instead. To disable deprecation, use _CRT_SECURE_NO_WARNINGS. See online help for details.
  Q11_背包问题求方案数.cpp
D:\Documents\IdeaProjects\AlgorithmsInAction\CPPSolutions\CPPSolutions\Q11_背包问题求方案数.cpp(5,19): warning C4244: “初始化”: 从“double”转换到“int”，可能丢失数据
D:\Documents\IdeaProjects\AlgorithmsInAction\CPPSolutions\CPPSolutions\Q11_背包问题求方案数.cpp(5,31): warning C4244: “初始化”: 从“double”转换到“int”，可能丢失数据
D:\Documents\IdeaProjects\AlgorithmsInAction\CPPSolutions\CPPSolutions\Q11_背包问题求方案数.cpp(10,2): error C4996: 'scanf': This function or variable may be unsafe. Consider using scanf_s instead. To disable deprecation, use _CRT_SECURE_NO_WARNINGS. See online help for details.
D:\Documents\IdeaProjects\AlgorithmsInAction\CPPSolutions\CPPSolutions\Q11_背包问题求方案数.cpp(18,3): error C4996: 'scanf': This function or variable may be unsafe. Consider using scanf_s instead. To disable deprecation, use _CRT_SECURE_NO_WARNINGS. See online help for details.
  Q1250_格子游戏.cpp
  Q1252_搭配购买.cpp
D:\Documents\IdeaProjects\AlgorithmsInAction\CPPSolutions\CPPSolutions\Q1252_搭配购买.cpp(16,2): error C4996: 'scanf': This function or variable may be unsafe. Consider using scanf_s instead. To disable deprecation, use _CRT_SECURE_NO_WARNINGS. See online help for details.
D:\Documents\IdeaProjects\AlgorithmsInAction\CPPSolutions\CPPSolutions\Q1252_搭配购买.cpp(19,3): error C4996: 'scanf': This function or variable may be unsafe. Consider using scanf_s instead. To disable deprecation, use _CRT_SECURE_NO_WARNINGS. See online help for details.
D:\Documents\IdeaProjects\AlgorithmsInAction\CPPSolutions\CPPSolutions\Q1252_搭配购买.cpp(23,3): error C4996: 'scanf': This function or variable may be unsafe. Consider using scanf_s instead. To disable deprecation, use _CRT_SECURE_NO_WARNINGS. See online help for details.
  Q12_背包问题求具体方案.cpp
D:\Documents\IdeaProjects\AlgorithmsInAction\CPPSolutions\CPPSolutions\Q12_背包问题求具体方案.cpp(10,2): error C4996: 'scanf': This function or variable may be unsafe. Consider using scanf_s instead. To disable deprecation, use _CRT_SECURE_NO_WARNINGS. See online help for details.
D:\Documents\IdeaProjects\AlgorithmsInAction\CPPSolutions\CPPSolutions\Q12_背包问题求具体方案.cpp(11,31): error C4996: 'scanf': This function or variable may be unsafe. Consider using scanf_s instead. To disable deprecation, use _CRT_SECURE_NO_WARNINGS. See online help for details.
  Q1305_两棵二叉搜索树中的所有元素.cpp
D:\Documents\IdeaProjects\AlgorithmsInAction\CPPSolutions\CPPSolutions\Q1305_两棵二叉搜索树中的所有元素.cpp(8,32): error C2061: 语法错误: 标识符“TreeNode”
D:\Documents\IdeaProjects\AlgorithmsInAction\CPPSolutions\CPPSolutions\Q1305_两棵二叉搜索树中的所有元素.cpp(17,18): error C2061: 语法错误: 标识符“TreeNode”
D:\Documents\IdeaProjects\AlgorithmsInAction\CPPSolutions\CPPSolutions\Q1305_两棵二叉搜索树中的所有元素.cpp(10,17): error C2065: “root1”: 未声明的标识符
D:\Documents\IdeaProjects\AlgorithmsInAction\CPPSolutions\CPPSolutions\Q1305_两棵二叉搜索树中的所有元素.cpp(11,17): error C2065: “root2”: 未声明的标识符
D:\Documents\IdeaProjects\AlgorithmsInAction\CPPSolutions\CPPSolutions\Q1305_两棵二叉搜索树中的所有元素.cpp(18,14): error C2065: “root”: 未声明的标识符
D:\Documents\IdeaProjects\AlgorithmsInAction\CPPSolutions\CPPSolutions\Q1305_两棵二叉搜索树中的所有元素.cpp(21,17): error C2065: “root”: 未声明的标识符
D:\Documents\IdeaProjects\AlgorithmsInAction\CPPSolutions\CPPSolutions\Q1305_两棵二叉搜索树中的所有元素.cpp(21,29): error C2065: “res”: 未声明的标识符
D:\Documents\IdeaProjects\AlgorithmsInAction\CPPSolutions\CPPSolutions\Q1305_两棵二叉搜索树中的所有元素.cpp(21,1): error C2660: “Solution::inorder”: 函数不接受 2 个参数
D:\Documents\IdeaProjects\AlgorithmsInAction\CPPSolutions\CPPSolutions\Q1305_两棵二叉搜索树中的所有元素.cpp(17,10): message : 参见“Solution::inorder”的声明
D:\Documents\IdeaProjects\AlgorithmsInAction\CPPSolutions\CPPSolutions\Q1305_两棵二叉搜索树中的所有元素.cpp(22,9): error C2065: “res”: 未声明的标识符
D:\Documents\IdeaProjects\AlgorithmsInAction\CPPSolutions\CPPSolutions\Q1305_两棵二叉搜索树中的所有元素.cpp(22,23): error C2065: “root”: 未声明的标识符
D:\Documents\IdeaProjects\AlgorithmsInAction\CPPSolutions\CPPSolutions\Q1305_两棵二叉搜索树中的所有元素.cpp(23,17): error C2065: “root”: 未声明的标识符
D:\Documents\IdeaProjects\AlgorithmsInAction\CPPSolutions\CPPSolutions\Q1305_两棵二叉搜索树中的所有元素.cpp(23,30): error C2065: “res”: 未声明的标识符
D:\Documents\IdeaProjects\AlgorithmsInAction\CPPSolutions\CPPSolutions\Q1305_两棵二叉搜索树中的所有元素.cpp(23,1): error C2660: “Solution::inorder”: 函数不接受 2 个参数
D:\Documents\IdeaProjects\AlgorithmsInAction\CPPSolutions\CPPSolutions\Q1305_两棵二叉搜索树中的所有元素.cpp(17,10): message : 参见“Solution::inorder”的声明
  Q153_寻找旋转排序数组中的最小值.cpp
D:\Documents\IdeaProjects\AlgorithmsInAction\CPPSolutions\CPPSolutions\Q153_寻找旋转排序数组中的最小值.cpp(8,1): warning C4267: “初始化”: 从“size_t”转换到“int”，可能丢失数据
  Q162_寻找峰值.cpp
D:\Documents\IdeaProjects\AlgorithmsInAction\CPPSolutions\CPPSolutions\Q162_寻找峰值.cpp(24,44): error C2535: “int Solution::findPeakElement(std::vector<int,std::allocator<int>> &)”: 已经定义或声明成员函数
D:\Documents\IdeaProjects\AlgorithmsInAction\CPPSolutions\CPPSolutions\Q162_寻找峰值.cpp(8): message : 参见“Solution::findPeakElement”的声明
D:\Documents\IdeaProjects\AlgorithmsInAction\CPPSolutions\CPPSolutions\Q162_寻找峰值.cpp(9,1): warning C4267: “初始化”: 从“size_t”转换到“int”，可能丢失数据
D:\Documents\IdeaProjects\AlgorithmsInAction\CPPSolutions\CPPSolutions\Q162_寻找峰值.cpp(25,1): warning C4267: “初始化”: 从“size_t”转换到“int”，可能丢失数据
  Q165_小猫爬山.cpp
D:\Documents\IdeaProjects\AlgorithmsInAction\CPPSolutions\CPPSolutions\Q165_小猫爬山.cpp(26,2): error C4996: 'scanf': This function or variable may be unsafe. Consider using scanf_s instead. To disable deprecation, use _CRT_SECURE_NO_WARNINGS. See online help for details.
D:\Documents\IdeaProjects\AlgorithmsInAction\CPPSolutions\CPPSolutions\Q165_小猫爬山.cpp(27,30): error C4996: 'scanf': This function or variable may be unsafe. Consider using scanf_s instead. To disable deprecation, use _CRT_SECURE_NO_WARNINGS. See online help for details.
  Q167_两数之和II输入有序数组.cpp
D:\Documents\IdeaProjects\AlgorithmsInAction\CPPSolutions\CPPSolutions\Q167_两数之和II输入有序数组.cpp(8,1): warning C4267: “初始化”: 从“size_t”转换到“int”，可能丢失数据
D:\Documents\IdeaProjects\AlgorithmsInAction\CPPSolutions\CPPSolutions\Q167_两数之和II输入有序数组.cpp(21,1): warning C4267: “初始化”: 从“size_t”转换到“int”，可能丢失数据
  Q173_矩阵距离.cpp
D:\Documents\IdeaProjects\AlgorithmsInAction\CPPSolutions\CPPSolutions\Q173_矩阵距离.cpp(42,2): error C4996: 'scanf': This function or variable may be unsafe. Consider using scanf_s instead. To disable deprecation, use _CRT_SECURE_NO_WARNINGS. See online help for details.
D:\Documents\IdeaProjects\AlgorithmsInAction\CPPSolutions\CPPSolutions\Q173_矩阵距离.cpp(43,30): error C4996: 'scanf': This function or variable may be unsafe. Consider using scanf_s instead. To disable deprecation, use _CRT_SECURE_NO_WARNINGS. See online help for details.
  Q175_电路维修.cpp
D:\Documents\IdeaProjects\AlgorithmsInAction\CPPSolutions\CPPSolutions\Q175_电路维修.cpp(52,2): error C4996: 'scanf': This function or variable may be unsafe. Consider using scanf_s instead. To disable deprecation, use _CRT_SECURE_NO_WARNINGS. See online help for details.
D:\Documents\IdeaProjects\AlgorithmsInAction\CPPSolutions\CPPSolutions\Q175_电路维修.cpp(54,3): error C4996: 'scanf': This function or variable may be unsafe. Consider using scanf_s instead. To disable deprecation, use _CRT_SECURE_NO_WARNINGS. See online help for details.
D:\Documents\IdeaProjects\AlgorithmsInAction\CPPSolutions\CPPSolutions\Q175_电路维修.cpp(56,4): error C4996: 'scanf': This function or variable may be unsafe. Consider using scanf_s instead. To disable deprecation, use _CRT_SECURE_NO_WARNINGS. See online help for details.
  Q187_导弹防御系统.cpp
  Q188_武士风度的牛.cpp
D:\Documents\IdeaProjects\AlgorithmsInAction\CPPSolutions\CPPSolutions\Q188_武士风度的牛.cpp(40,2): error C4996: 'scanf': This function or variable may be unsafe. Consider using scanf_s instead. To disable deprecation, use _CRT_SECURE_NO_WARNINGS. See online help for details.
D:\Documents\IdeaProjects\AlgorithmsInAction\CPPSolutions\CPPSolutions\Q188_武士风度的牛.cpp(43,3): error C4996: 'scanf': This function or variable may be unsafe. Consider using scanf_s instead. To disable deprecation, use _CRT_SECURE_NO_WARNINGS. See online help for details.
  Q209_长度最小的子数组.cpp
D:\Documents\IdeaProjects\AlgorithmsInAction\CPPSolutions\CPPSolutions\Q209_长度最小的子数组.cpp(9,1): warning C4267: “初始化”: 从“size_t”转换到“int”，可能丢失数据
  Q230_二叉搜索树中第K小的元素.cpp
D:\Documents\IdeaProjects\AlgorithmsInAction\CPPSolutions\CPPSolutions\Q230_二叉搜索树中第K小的元素.cpp(8,21): error C2061: 语法错误: 标识符“TreeNode”
D:\Documents\IdeaProjects\AlgorithmsInAction\CPPSolutions\CPPSolutions\Q230_二叉搜索树中第K小的元素.cpp(15,18): error C2061: 语法错误: 标识符“TreeNode”
D:\Documents\IdeaProjects\AlgorithmsInAction\CPPSolutions\CPPSolutions\Q230_二叉搜索树中第K小的元素.cpp(10,17): error C2065: “root”: 未声明的标识符
D:\Documents\IdeaProjects\AlgorithmsInAction\CPPSolutions\CPPSolutions\Q230_二叉搜索树中第K小的元素.cpp(12,20): error C2065: “k”: 未声明的标识符
D:\Documents\IdeaProjects\AlgorithmsInAction\CPPSolutions\CPPSolutions\Q230_二叉搜索树中第K小的元素.cpp(16,14): error C2065: “root”: 未声明的标识符
D:\Documents\IdeaProjects\AlgorithmsInAction\CPPSolutions\CPPSolutions\Q230_二叉搜索树中第K小的元素.cpp(18,17): error C2065: “root”: 未声明的标识符
D:\Documents\IdeaProjects\AlgorithmsInAction\CPPSolutions\CPPSolutions\Q230_二叉搜索树中第K小的元素.cpp(18,29): error C2065: “res”: 未声明的标识符
D:\Documents\IdeaProjects\AlgorithmsInAction\CPPSolutions\CPPSolutions\Q230_二叉搜索树中第K小的元素.cpp(18,1): error C2660: “Solution::inorder”: 函数不接受 2 个参数
D:\Documents\IdeaProjects\AlgorithmsInAction\CPPSolutions\CPPSolutions\Q230_二叉搜索树中第K小的元素.cpp(15,10): message : 参见“Solution::inorder”的声明
D:\Documents\IdeaProjects\AlgorithmsInAction\CPPSolutions\CPPSolutions\Q230_二叉搜索树中第K小的元素.cpp(19,9): error C2065: “res”: 未声明的标识符
D:\Documents\IdeaProjects\AlgorithmsInAction\CPPSolutions\CPPSolutions\Q230_二叉搜索树中第K小的元素.cpp(19,23): error C2065: “root”: 未声明的标识符
D:\Documents\IdeaProjects\AlgorithmsInAction\CPPSolutions\CPPSolutions\Q230_二叉搜索树中第K小的元素.cpp(20,17): error C2065: “root”: 未声明的标识符
D:\Documents\IdeaProjects\AlgorithmsInAction\CPPSolutions\CPPSolutions\Q230_二叉搜索树中第K小的元素.cpp(20,30): error C2065: “res”: 未声明的标识符
D:\Documents\IdeaProjects\AlgorithmsInAction\CPPSolutions\CPPSolutions\Q230_二叉搜索树中第K小的元素.cpp(20,1): error C2660: “Solution::inorder”: 函数不接受 2 个参数
D:\Documents\IdeaProjects\AlgorithmsInAction\CPPSolutions\CPPSolutions\Q230_二叉搜索树中第K小的元素.cpp(15,10): message : 参见“Solution::inorder”的声明
  Q237_程序自动分析.cpp
D:\Documents\IdeaProjects\AlgorithmsInAction\CPPSolutions\CPPSolutions\Q237_程序自动分析.cpp(33,2): error C4996: 'scanf': This function or variable may be unsafe. Consider using scanf_s instead. To disable deprecation, use _CRT_SECURE_NO_WARNINGS. See online help for details.
D:\Documents\IdeaProjects\AlgorithmsInAction\CPPSolutions\CPPSolutions\Q237_程序自动分析.cpp(36,3): error C4996: 'scanf': This function or variable may be unsafe. Consider using scanf_s instead. To disable deprecation, use _CRT_SECURE_NO_WARNINGS. See online help for details.
D:\Documents\IdeaProjects\AlgorithmsInAction\CPPSolutions\CPPSolutions\Q237_程序自动分析.cpp(39,4): error C4996: 'scanf': This function or variable may be unsafe. Consider using scanf_s instead. To disable deprecation, use _CRT_SECURE_NO_WARNINGS. See online help for details.
  Q240_搜索二维矩阵II.cpp
  正在生成代码...
  正在编译...
  Q272_最长公共上升子序列.cpp
D:\Documents\IdeaProjects\AlgorithmsInAction\CPPSolutions\CPPSolutions\Q272_最长公共上升子序列.cpp(9,2): error C4996: 'scanf': This function or variable may be unsafe. Consider using scanf_s instead. To disable deprecation, use _CRT_SECURE_NO_WARNINGS. See online help for details.
D:\Documents\IdeaProjects\AlgorithmsInAction\CPPSolutions\CPPSolutions\Q272_最长公共上升子序列.cpp(10,31): error C4996: 'scanf': This function or variable may be unsafe. Consider using scanf_s instead. To disable deprecation, use _CRT_SECURE_NO_WARNINGS. See online help for details.
D:\Documents\IdeaProjects\AlgorithmsInAction\CPPSolutions\CPPSolutions\Q272_最长公共上升子序列.cpp(11,31): error C4996: 'scanf': This function or variable may be unsafe. Consider using scanf_s instead. To disable deprecation, use _CRT_SECURE_NO_WARNINGS. See online help for details.
  Q278_数字组合.cpp
D:\Documents\IdeaProjects\AlgorithmsInAction\CPPSolutions\CPPSolutions\Q278_数字组合.cpp(5,19): warning C4244: “初始化”: 从“double”转换到“int”，可能丢失数据
D:\Documents\IdeaProjects\AlgorithmsInAction\CPPSolutions\CPPSolutions\Q278_数字组合.cpp(5,31): warning C4244: “初始化”: 从“double”转换到“int”，可能丢失数据
D:\Documents\IdeaProjects\AlgorithmsInAction\CPPSolutions\CPPSolutions\Q278_数字组合.cpp(10,2): error C4996: 'scanf': This function or variable may be unsafe. Consider using scanf_s instead. To disable deprecation, use _CRT_SECURE_NO_WARNINGS. See online help for details.
D:\Documents\IdeaProjects\AlgorithmsInAction\CPPSolutions\CPPSolutions\Q278_数字组合.cpp(17,3): error C4996: 'scanf': This function or variable may be unsafe. Consider using scanf_s instead. To disable deprecation, use _CRT_SECURE_NO_WARNINGS. See online help for details.
  Q2816_判断子序列.cpp
D:\Documents\IdeaProjects\AlgorithmsInAction\CPPSolutions\CPPSolutions\Q2816_判断子序列.cpp(4,19): warning C4244: “初始化”: 从“double”转换到“int”，可能丢失数据
D:\Documents\IdeaProjects\AlgorithmsInAction\CPPSolutions\CPPSolutions\Q2816_判断子序列.cpp(9,2): error C4996: 'scanf': This function or variable may be unsafe. Consider using scanf_s instead. To disable deprecation, use _CRT_SECURE_NO_WARNINGS. See online help for details.
D:\Documents\IdeaProjects\AlgorithmsInAction\CPPSolutions\CPPSolutions\Q2816_判断子序列.cpp(10,30): error C4996: 'scanf': This function or variable may be unsafe. Consider using scanf_s instead. To disable deprecation, use _CRT_SECURE_NO_WARNINGS. See online help for details.
D:\Documents\IdeaProjects\AlgorithmsInAction\CPPSolutions\CPPSolutions\Q2816_判断子序列.cpp(11,30): error C4996: 'scanf': This function or variable may be unsafe. Consider using scanf_s instead. To disable deprecation, use _CRT_SECURE_NO_WARNINGS. See online help for details.
  Q282_石子合并.cpp
D:\Documents\IdeaProjects\AlgorithmsInAction\CPPSolutions\CPPSolutions\Q282_石子合并.cpp(5,17): warning C4244: “初始化”: 从“double”转换到“int”，可能丢失数据
D:\Documents\IdeaProjects\AlgorithmsInAction\CPPSolutions\CPPSolutions\Q282_石子合并.cpp(12,2): error C4996: 'scanf': This function or variable may be unsafe. Consider using scanf_s instead. To disable deprecation, use _CRT_SECURE_NO_WARNINGS. See online help for details.
D:\Documents\IdeaProjects\AlgorithmsInAction\CPPSolutions\CPPSolutions\Q282_石子合并.cpp(14,3): error C4996: 'scanf': This function or variable may be unsafe. Consider using scanf_s instead. To disable deprecation, use _CRT_SECURE_NO_WARNINGS. See online help for details.
  Q285_没有上司的舞会.cpp
D:\Documents\IdeaProjects\AlgorithmsInAction\CPPSolutions\CPPSolutions\Q285_没有上司的舞会.cpp(30,2): error C4996: 'scanf': This function or variable may be unsafe. Consider using scanf_s instead. To disable deprecation, use _CRT_SECURE_NO_WARNINGS. See online help for details.
D:\Documents\IdeaProjects\AlgorithmsInAction\CPPSolutions\CPPSolutions\Q285_没有上司的舞会.cpp(31,31): error C4996: 'scanf': This function or variable may be unsafe. Consider using scanf_s instead. To disable deprecation, use _CRT_SECURE_NO_WARNINGS. See online help for details.
D:\Documents\IdeaProjects\AlgorithmsInAction\CPPSolutions\CPPSolutions\Q285_没有上司的舞会.cpp(35,3): error C4996: 'scanf': This function or variable may be unsafe. Consider using scanf_s instead. To disable deprecation, use _CRT_SECURE_NO_WARNINGS. See online help for details.
  Q287_寻找重复数.cpp
D:\Documents\IdeaProjects\AlgorithmsInAction\CPPSolutions\CPPSolutions\Q287_寻找重复数.cpp(8,1): warning C4267: “初始化”: 从“size_t”转换到“int”，可能丢失数据
  Q2_01背包问题_2.cpp
D:\Documents\IdeaProjects\AlgorithmsInAction\CPPSolutions\CPPSolutions\Q2_01背包问题_2.cpp(4,19): warning C4244: “初始化”: 从“double”转换到“int”，可能丢失数据
D:\Documents\IdeaProjects\AlgorithmsInAction\CPPSolutions\CPPSolutions\Q2_01背包问题_2.cpp(11,2): error C4996: 'scanf': This function or variable may be unsafe. Consider using scanf_s instead. To disable deprecation, use _CRT_SECURE_NO_WARNINGS. See online help for details.
D:\Documents\IdeaProjects\AlgorithmsInAction\CPPSolutions\CPPSolutions\Q2_01背包问题_2.cpp(13,3): error C4996: 'scanf': This function or variable may be unsafe. Consider using scanf_s instead. To disable deprecation, use _CRT_SECURE_NO_WARNINGS. See online help for details.
  Q206_反转链表.cpp
  Q2_01背包问题.cpp
D:\Documents\IdeaProjects\AlgorithmsInAction\CPPSolutions\CPPSolutions\Q2_01背包问题.cpp(4,19): warning C4244: “初始化”: 从“double”转换到“int”，可能丢失数据
D:\Documents\IdeaProjects\AlgorithmsInAction\CPPSolutions\CPPSolutions\Q2_01背包问题.cpp(11,2): error C4996: 'scanf': This function or variable may be unsafe. Consider using scanf_s instead. To disable deprecation, use _CRT_SECURE_NO_WARNINGS. See online help for details.
D:\Documents\IdeaProjects\AlgorithmsInAction\CPPSolutions\CPPSolutions\Q2_01背包问题.cpp(13,3): error C4996: 'scanf': This function or variable may be unsafe. Consider using scanf_s instead. To disable deprecation, use _CRT_SECURE_NO_WARNINGS. See online help for details.
  Q300_最长递增子序列.cpp
D:\Documents\IdeaProjects\AlgorithmsInAction\CPPSolutions\CPPSolutions\Q300_最长递增子序列.cpp(25,40): error C2535: “int Solution::lengthOfLIS(std::vector<int,std::allocator<int>> &)”: 已经定义或声明成员函数
D:\Documents\IdeaProjects\AlgorithmsInAction\CPPSolutions\CPPSolutions\Q300_最长递增子序列.cpp(12): message : 参见“Solution::lengthOfLIS”的声明
D:\Documents\IdeaProjects\AlgorithmsInAction\CPPSolutions\CPPSolutions\Q300_最长递增子序列.cpp(13,1): warning C4267: “初始化”: 从“size_t”转换到“int”，可能丢失数据
D:\Documents\IdeaProjects\AlgorithmsInAction\CPPSolutions\CPPSolutions\Q300_最长递增子序列.cpp(26,1): warning C4267: “初始化”: 从“size_t”转换到“int”，可能丢失数据
  Q320_能量项链.cpp
