  low-day1.c
  low-day10.c
  low-day11.c
  low-day12.c
  low-day2.c
  low-day3.c
  low-day4.c
  low-day5.c
  low-day6.c
  low-day7-2.c
  low-day7.c
  low-day8.c
  low-day9.c
  mid-day1.c
  mid-day2.cpp
  mid-day3.cpp
  mid-day4.cpp
  mid-day5.cpp
  mid-day6.cpp
  mid-day7.cpp
  mid-day8.cpp
  正在生成代码
  Previous IPDB not found, fall back to full compilation.
C:\Users\Vincent\IdeaProjects\AlgorithmsInAction\WangdaoOj\WangdaoOj\mid-day9.cpp(48): warning C4715: “SearchBST”: 不是所有的控件路径都返回值
  All 17 functions were compiled because no usable IPDB/IOBJ from previous compilation was found.
  已完成代码的生成
  WangdaoOj.vcxproj -> C:\Users\Vincent\IdeaProjects\AlgorithmsInAction\WangdaoOj\x64\Release\WangdaoOj.exe
